#
# There is insufficient memory for the Java Runtime Environment to continue.
# Native memory allocation (malloc) failed to allocate 909584 bytes for Chunk::new
# Possible reasons:
#   The system is out of physical RAM or swap space
#   The process is running with CompressedOops enabled, and the Java Heap may be blocking the growth of the native heap
# Possible solutions:
#   Reduce memory load on the system
#   Increase physical memory or swap space
#   Check if swap backing store is full
#   Decrease Java heap size (-Xmx/-Xms)
#   Decrease number of Java threads
#   Decrease Java thread stack sizes (-Xss)
#   Set larger code cache with -XX:ReservedCodeCacheSize=
#   JVM is running with Unscaled Compressed Oops mode in which the Java heap is
#     placed in the first 4GB address space. The Java Heap base address is the
#     maximum limit for the native heap growth. Please use -XX:HeapBaseMinAddress
#     to set the Java Heap base and to place the Java Heap above 4GB virtual address.
# This output file may be truncated or incomplete.
#
#  Out of Memory Error (arena.cpp:191), pid=10792, tid=7180
#
# JRE version: OpenJDK Runtime Environment (17.0.9) (build 17.0.9+0--11185874)
# Java VM: OpenJDK 64-Bit Server VM (17.0.9+0--11185874, mixed mode, tiered, compressed oops, compressed class ptrs, g1 gc, windows-amd64)
# No core dump will be written. Minidumps are not enabled by default on client versions of Windows
#

---------------  S U M M A R Y ------------

Command Line: --add-opens=java.base/java.util=ALL-UNNAMED --add-opens=java.base/java.lang=ALL-UNNAMED --add-opens=java.base/java.lang.invoke=ALL-UNNAMED --add-opens=java.prefs/java.util.prefs=ALL-UNNAMED --add-opens=java.base/java.nio.charset=ALL-UNNAMED --add-opens=java.base/java.net=ALL-UNNAMED --add-opens=java.base/java.util.concurrent.atomic=ALL-UNNAMED -Xmx2048m -Dfile.encoding=UTF-8 -Duser.country=VN -Duser.language=vi -Duser.variant -javaagent:C:\Users\SuperCdat\.gradle\wrapper\dists\gradle-8.4-bin\1w5dpkrfk8irigvoxmyhowfim\gradle-8.4\lib\agents\gradle-instrumentation-agent-8.4.jar org.gradle.launcher.daemon.bootstrap.GradleDaemon 8.4

Host: Intel(R) Core(TM) i7-4600M CPU @ 2.90GHz, 4 cores, 5G,  Windows 10 , 64 bit Build 19041 (10.0.19041.4842)
Time: Sun Sep  8 13:50:12 2024 SE Asia Standard Time elapsed time: 32.898619 seconds (0d 0h 0m 32s)

---------------  T H R E A D  ---------------

Current thread (0x000001a3208fa060):  JavaThread "C2 CompilerThread0" daemon [_thread_in_native, id=7180, stack(0x0000006cedb00000,0x0000006cedc00000)]


Current CompileTask:
C2:  32898 12103       4       org.jetbrains.kotlin.metadata.ProtoBuf$Function::getSerializedSize (512 bytes)

Stack: [0x0000006cedb00000,0x0000006cedc00000]
Native frames: (J=compiled Java code, j=interpreted, Vv=VM code, C=native code)
V  [jvm.dll+0x6886e9]
V  [jvm.dll+0x841e4a]
V  [jvm.dll+0x843a8e]
V  [jvm.dll+0x8440f3]
V  [jvm.dll+0x24c14f]
V  [jvm.dll+0xac44c]
V  [jvm.dll+0xaca9c]
V  [jvm.dll+0x36c1f7]
V  [jvm.dll+0x33651a]
V  [jvm.dll+0x3359ba]
V  [jvm.dll+0x21ddb1]
V  [jvm.dll+0x21d1d1]
V  [jvm.dll+0x1a674d]
V  [jvm.dll+0x22d088]
V  [jvm.dll+0x22b1c0]
V  [jvm.dll+0x7f62f7]
V  [jvm.dll+0x7f06aa]
V  [jvm.dll+0x687565]
C  [ucrtbase.dll+0x21bb2]
C  [KERNEL32.DLL+0x17374]
C  [ntdll.dll+0x4cc91]


---------------  P R O C E S S  ---------------

Threads class SMR info:
_java_thread_list=0x000001a32e92f0e0, length=43, elements={
0x000001a3050fe900, 0x000001a32063ff20, 0x000001a3206416d0, 0x000001a32067e520,
0x000001a3208eb6d0, 0x000001a3208ec740, 0x000001a3208ed7b0, 0x000001a3208fa060,
0x000001a3208fbcc0, 0x000001a32090fbd0, 0x000001a320a19320, 0x000001a320b7d3d0,
0x000001a3265f0020, 0x000001a327797920, 0x000001a326b67050, 0x000001a326b66120,
0x000001a326b67f80, 0x000001a326b66630, 0x000001a326b66b40, 0x000001a326b65700,
0x000001a326b68490, 0x000001a326b67560, 0x000001a326b67a70, 0x000001a326b689a0,
0x000001a326b65c10, 0x000001a3278eeec0, 0x000001a3278f35a0, 0x000001a3278ef8e0,
0x000001a3278f1c50, 0x000001a3278ef3d0, 0x000001a3278f3090, 0x000001a3278f0d20,
0x000001a3278efdf0, 0x000001a3278f0300, 0x000001a3278f0810, 0x000001a3278f1230,
0x000001a3278f2160, 0x000001a3278f3ab0, 0x000001a3278edf90, 0x000001a32a8b9ee0,
0x000001a32a8b8fb0, 0x000001a32a8b94c0, 0x000001a32a8ba3f0
}

Java Threads: ( => current thread )
  0x000001a3050fe900 JavaThread "main" [_thread_blocked, id=11220, stack(0x0000006cece00000,0x0000006cecf00000)]
  0x000001a32063ff20 JavaThread "Reference Handler" daemon [_thread_blocked, id=6440, stack(0x0000006ced500000,0x0000006ced600000)]
  0x000001a3206416d0 JavaThread "Finalizer" daemon [_thread_blocked, id=10764, stack(0x0000006ced600000,0x0000006ced700000)]
  0x000001a32067e520 JavaThread "Signal Dispatcher" daemon [_thread_blocked, id=9320, stack(0x0000006ced700000,0x0000006ced800000)]
  0x000001a3208eb6d0 JavaThread "Attach Listener" daemon [_thread_blocked, id=5376, stack(0x0000006ced800000,0x0000006ced900000)]
  0x000001a3208ec740 JavaThread "Service Thread" daemon [_thread_blocked, id=11988, stack(0x0000006ced900000,0x0000006ceda00000)]
  0x000001a3208ed7b0 JavaThread "Monitor Deflation Thread" daemon [_thread_blocked, id=3040, stack(0x0000006ceda00000,0x0000006cedb00000)]
=>0x000001a3208fa060 JavaThread "C2 CompilerThread0" daemon [_thread_in_native, id=7180, stack(0x0000006cedb00000,0x0000006cedc00000)]
  0x000001a3208fbcc0 JavaThread "C1 CompilerThread0" daemon [_thread_in_native, id=1968, stack(0x0000006cedc00000,0x0000006cedd00000)]
  0x000001a32090fbd0 JavaThread "Sweeper thread" daemon [_thread_blocked, id=3340, stack(0x0000006cedd00000,0x0000006cede00000)]
  0x000001a320a19320 JavaThread "Common-Cleaner" daemon [_thread_blocked, id=11244, stack(0x0000006cede00000,0x0000006cedf00000)]
  0x000001a320b7d3d0 JavaThread "Notification Thread" daemon [_thread_blocked, id=1812, stack(0x0000006cedf00000,0x0000006cee000000)]
  0x000001a3265f0020 JavaThread "Daemon health stats" [_thread_blocked, id=9716, stack(0x0000006cee500000,0x0000006cee600000)]
  0x000001a327797920 JavaThread "Incoming local TCP Connector on port 62615" [_thread_in_native, id=8988, stack(0x0000006cee600000,0x0000006cee700000)]
  0x000001a326b67050 JavaThread "Daemon periodic checks" [_thread_blocked, id=10564, stack(0x0000006cee700000,0x0000006cee800000)]
  0x000001a326b66120 JavaThread "Daemon" [_thread_blocked, id=11940, stack(0x0000006cee800000,0x0000006cee900000)]
  0x000001a326b67f80 JavaThread "Handler for socket connection from /127.0.0.1:62615 to /127.0.0.1:62616" [_thread_in_native, id=12124, stack(0x0000006cee900000,0x0000006ceea00000)]
  0x000001a326b66630 JavaThread "Cancel handler" [_thread_blocked, id=8220, stack(0x0000006ceea00000,0x0000006ceeb00000)]
  0x000001a326b66b40 JavaThread "Daemon worker" [_thread_in_Java, id=8364, stack(0x0000006ceeb00000,0x0000006ceec00000)]
  0x000001a326b65700 JavaThread "Asynchronous log dispatcher for DefaultDaemonConnection: socket connection from /127.0.0.1:62615 to /127.0.0.1:62616" [_thread_blocked, id=5712, stack(0x0000006ceec00000,0x0000006ceed00000)]
  0x000001a326b68490 JavaThread "Stdin handler" [_thread_blocked, id=4200, stack(0x0000006ceed00000,0x0000006ceee00000)]
  0x000001a326b67560 JavaThread "Daemon client event forwarder" [_thread_blocked, id=7520, stack(0x0000006ceee00000,0x0000006ceef00000)]
  0x000001a326b67a70 JavaThread "Cache worker for journal cache (C:\Users\SuperCdat\.gradle\caches\journal-1)" [_thread_blocked, id=9356, stack(0x0000006cee100000,0x0000006cee200000)]
  0x000001a326b689a0 JavaThread "File lock request listener" [_thread_in_native, id=12024, stack(0x0000006ceef00000,0x0000006cef000000)]
  0x000001a326b65c10 JavaThread "Cache worker for file hash cache (C:\Users\SuperCdat\.gradle\caches\8.4\fileHashes)" [_thread_blocked, id=11820, stack(0x0000006cef100000,0x0000006cef200000)]
  0x000001a3278eeec0 JavaThread "File watcher server" daemon [_thread_in_native, id=1740, stack(0x0000006cef200000,0x0000006cef300000)]
  0x000001a3278f35a0 JavaThread "File watcher consumer" daemon [_thread_blocked, id=2388, stack(0x0000006cef300000,0x0000006cef400000)]
  0x000001a3278ef8e0 JavaThread "jar transforms" [_thread_blocked, id=6116, stack(0x0000006cef400000,0x0000006cef500000)]
  0x000001a3278f1c50 JavaThread "jar transforms Thread 2" [_thread_blocked, id=3048, stack(0x0000006cef500000,0x0000006cef600000)]
  0x000001a3278ef3d0 JavaThread "jar transforms Thread 3" [_thread_blocked, id=4564, stack(0x0000006cef600000,0x0000006cef700000)]
  0x000001a3278f3090 JavaThread "jar transforms Thread 4" [_thread_blocked, id=1240, stack(0x0000006cef700000,0x0000006cef800000)]
  0x000001a3278f0d20 JavaThread "Cache worker for checksums cache (C:\Users\SuperCdat\AndroidStudioProjects\GFFSJAVA\.gradle\8.4\checksums)" [_thread_blocked, id=9812, stack(0x0000006cef800000,0x0000006cef900000)]
  0x000001a3278efdf0 JavaThread "Cache worker for file hash cache (C:\Users\SuperCdat\AndroidStudioProjects\GFFSJAVA\.gradle\8.4\fileHashes)" [_thread_blocked, id=3300, stack(0x0000006cef900000,0x0000006cefa00000)]
  0x000001a3278f0300 JavaThread "Cache worker for cache directory md-supplier (C:\Users\SuperCdat\.gradle\caches\8.4\md-supplier)" [_thread_blocked, id=9740, stack(0x0000006cefa00000,0x0000006cefb00000)]
  0x000001a3278f0810 JavaThread "Cache worker for file content cache (C:\Users\SuperCdat\.gradle\caches\8.4\fileContent)" [_thread_blocked, id=11232, stack(0x0000006cefb00000,0x0000006cefc00000)]
  0x000001a3278f1230 JavaThread "Cache worker for cache directory md-rule (C:\Users\SuperCdat\.gradle\caches\8.4\md-rule)" [_thread_blocked, id=9252, stack(0x0000006cefc00000,0x0000006cefd00000)]
  0x000001a3278f2160 JavaThread "Cache worker for execution history cache (C:\Users\SuperCdat\.gradle\caches\8.4\executionHistory)" [_thread_blocked, id=9632, stack(0x0000006cefd00000,0x0000006cefe00000)]
  0x000001a3278f3ab0 JavaThread "Cache worker for kotlin-dsl (C:\Users\SuperCdat\.gradle\caches\8.4\kotlin-dsl)" [_thread_blocked, id=7396, stack(0x0000006cefe00000,0x0000006ceff00000)]
  0x000001a3278edf90 JavaThread "Cache worker for dependencies-accessors (C:\Users\SuperCdat\AndroidStudioProjects\GFFSJAVA\.gradle\8.4\dependencies-accessors)" [_thread_blocked, id=244, stack(0x0000006cef000000,0x0000006cef100000)]
  0x000001a32a8b9ee0 JavaThread "Cache worker for Build Output Cleanup Cache (C:\Users\SuperCdat\AndroidStudioProjects\GFFSJAVA\.gradle\buildOutputCleanup)" [_thread_blocked, id=956, stack(0x0000006cf0200000,0x0000006cf0300000)]
  0x000001a32a8b8fb0 JavaThread "Unconstrained build operations" [_thread_blocked, id=3424, stack(0x0000006cf0300000,0x0000006cf0400000)]
  0x000001a32a8b94c0 JavaThread "Unconstrained build operations Thread 2" [_thread_blocked, id=7592, stack(0x0000006cf0400000,0x0000006cf0500000)]
  0x000001a32a8ba3f0 JavaThread "Unconstrained build operations Thread 3" [_thread_blocked, id=8584, stack(0x0000006cf0500000,0x0000006cf0600000)]

Other Threads:
  0x000001a32065aa30 VMThread "VM Thread" [stack: 0x0000006ced400000,0x0000006ced500000] [id=6096]
  0x000001a3050ff7d0 WatcherThread [stack: 0x0000006cee000000,0x0000006cee100000] [id=9296]
  0x000001a30515ad40 GCTaskThread "GC Thread#0" [stack: 0x0000006cecf00000,0x0000006ced000000] [id=1660]
  0x000001a3252b3b40 GCTaskThread "GC Thread#1" [stack: 0x0000006cee200000,0x0000006cee300000] [id=8944]
  0x000001a3252c6710 GCTaskThread "GC Thread#2" [stack: 0x0000006cee300000,0x0000006cee400000] [id=7952]
  0x000001a32553c820 GCTaskThread "GC Thread#3" [stack: 0x0000006cee400000,0x0000006cee500000] [id=240]
  0x000001a30516bba0 ConcurrentGCThread "G1 Main Marker" [stack: 0x0000006ced000000,0x0000006ced100000] [id=10036]
  0x000001a30516c4d0 ConcurrentGCThread "G1 Conc#0" [stack: 0x0000006ced100000,0x0000006ced200000] [id=3020]
  0x000001a3051aea80 ConcurrentGCThread "G1 Refine#0" [stack: 0x0000006ced200000,0x0000006ced300000] [id=7884]
  0x000001a32a060760 ConcurrentGCThread "G1 Refine#1" [stack: 0x0000006ceff00000,0x0000006cf0000000] [id=5316]
  0x000001a32a062d90 ConcurrentGCThread "G1 Refine#2" [stack: 0x0000006cf0000000,0x0000006cf0100000] [id=3204]
  0x000001a32a063080 ConcurrentGCThread "G1 Refine#3" [stack: 0x0000006cf0100000,0x0000006cf0200000] [id=11108]
  0x000001a3204a0490 ConcurrentGCThread "G1 Service" [stack: 0x0000006ced300000,0x0000006ced400000] [id=3932]

Threads with active compile tasks:
C2 CompilerThread0    32952 12103       4       org.jetbrains.kotlin.metadata.ProtoBuf$Function::getSerializedSize (512 bytes)
C1 CompilerThread0    32953 12250       2       org.jetbrains.kotlin.ir.declarations.IrFunction::<init> (5 bytes)

VM state: not at safepoint (normal execution)

VM Mutex/Monitor currently owned by a thread: None

Heap address: 0x0000000080000000, size: 2048 MB, Compressed Oops mode: 32-bit

CDS archive(s) not mapped
Compressed class space mapped at: 0x0000000100000000-0x0000000140000000, reserved size: 1073741824
Narrow klass base: 0x0000000000000000, Narrow klass shift: 3, Narrow klass range: 0x140000000

GC Precious Log:
 CPUs: 4 total, 4 available
 Memory: 6049M
 Large Page Support: Disabled
 NUMA Support: Disabled
 Compressed Oops: Enabled (32-bit)
 Heap Region Size: 1M
 Heap Min Capacity: 8M
 Heap Initial Capacity: 96M
 Heap Max Capacity: 2G
 Pre-touch: Disabled
 Parallel Workers: 4
 Concurrent Workers: 1
 Concurrent Refinement Workers: 4
 Periodic GC: Disabled

Heap:
 garbage-first heap   total 240640K, used 137622K [0x0000000080000000, 0x0000000100000000)
  region size 1024K, 24 young (24576K), 12 survivors (12288K)
 Metaspace       used 129646K, committed 130304K, reserved 1179648K
  class space    used 16723K, committed 17024K, reserved 1048576K

Heap Regions: E=young(eden), S=young(survivor), O=old, HS=humongous(starts), HC=humongous(continues), CS=collection set, F=free, OA=open archive, CA=closed archive, TAMS=top-at-mark-start (previous, next)
|   0|0x0000000080000000, 0x0000000080100000, 0x0000000080100000|100%| O|  |TAMS 0x0000000080100000, 0x0000000080100000| Untracked 
|   1|0x0000000080100000, 0x0000000080200000, 0x0000000080200000|100%| O|  |TAMS 0x0000000080200000, 0x0000000080200000| Untracked 
|   2|0x0000000080200000, 0x0000000080300000, 0x0000000080300000|100%|HS|  |TAMS 0x0000000080300000, 0x0000000080300000| Complete 
|   3|0x0000000080300000, 0x0000000080400000, 0x0000000080400000|100%|HC|  |TAMS 0x0000000080400000, 0x0000000080400000| Complete 
|   4|0x0000000080400000, 0x0000000080500000, 0x0000000080500000|100%|HC|  |TAMS 0x0000000080500000, 0x0000000080500000| Complete 
|   5|0x0000000080500000, 0x0000000080600000, 0x0000000080600000|100%|HC|  |TAMS 0x0000000080600000, 0x0000000080600000| Complete 
|   6|0x0000000080600000, 0x0000000080700000, 0x0000000080700000|100%| O|  |TAMS 0x0000000080700000, 0x0000000080700000| Untracked 
|   7|0x0000000080700000, 0x0000000080800000, 0x0000000080800000|100%| O|  |TAMS 0x0000000080800000, 0x0000000080800000| Untracked 
|   8|0x0000000080800000, 0x0000000080900000, 0x0000000080900000|100%| O|  |TAMS 0x0000000080900000, 0x0000000080900000| Untracked 
|   9|0x0000000080900000, 0x0000000080a00000, 0x0000000080a00000|100%| O|  |TAMS 0x0000000080a00000, 0x0000000080a00000| Untracked 
|  10|0x0000000080a00000, 0x0000000080aea000, 0x0000000080b00000| 91%| O|  |TAMS 0x0000000080aea000, 0x0000000080aea000| Untracked 
|  11|0x0000000080b00000, 0x0000000080c00000, 0x0000000080c00000|100%| O|  |TAMS 0x0000000080c00000, 0x0000000080c00000| Untracked 
|  12|0x0000000080c00000, 0x0000000080d00000, 0x0000000080d00000|100%| O|  |TAMS 0x0000000080d00000, 0x0000000080d00000| Untracked 
|  13|0x0000000080d00000, 0x0000000080e00000, 0x0000000080e00000|100%| O|  |TAMS 0x0000000080e00000, 0x0000000080e00000| Untracked 
|  14|0x0000000080e00000, 0x0000000080f00000, 0x0000000080f00000|100%| O|  |TAMS 0x0000000080f00000, 0x0000000080f00000| Untracked 
|  15|0x0000000080f00000, 0x0000000081000000, 0x0000000081000000|100%| O|  |TAMS 0x0000000081000000, 0x0000000081000000| Untracked 
|  16|0x0000000081000000, 0x0000000081100000, 0x0000000081100000|100%| O|  |TAMS 0x0000000081100000, 0x0000000081100000| Untracked 
|  17|0x0000000081100000, 0x0000000081200000, 0x0000000081200000|100%| O|  |TAMS 0x0000000081200000, 0x0000000081200000| Untracked 
|  18|0x0000000081200000, 0x0000000081300000, 0x0000000081300000|100%| O|  |TAMS 0x0000000081300000, 0x0000000081300000| Untracked 
|  19|0x0000000081300000, 0x0000000081400000, 0x0000000081400000|100%|HS|  |TAMS 0x0000000081400000, 0x0000000081400000| Complete 
|  20|0x0000000081400000, 0x0000000081500000, 0x0000000081500000|100%|HC|  |TAMS 0x0000000081500000, 0x0000000081500000| Complete 
|  21|0x0000000081500000, 0x0000000081600000, 0x0000000081600000|100%|HS|  |TAMS 0x0000000081600000, 0x0000000081600000| Complete 
|  22|0x0000000081600000, 0x0000000081700000, 0x0000000081700000|100%|HC|  |TAMS 0x0000000081700000, 0x0000000081700000| Complete 
|  23|0x0000000081700000, 0x0000000081800000, 0x0000000081800000|100%|HC|  |TAMS 0x0000000081800000, 0x0000000081800000| Complete 
|  24|0x0000000081800000, 0x0000000081900000, 0x0000000081900000|100%|HS|  |TAMS 0x0000000081900000, 0x0000000081900000| Complete 
|  25|0x0000000081900000, 0x0000000081a00000, 0x0000000081a00000|100%|HC|  |TAMS 0x0000000081a00000, 0x0000000081a00000| Complete 
|  26|0x0000000081a00000, 0x0000000081b00000, 0x0000000081b00000|100%|HC|  |TAMS 0x0000000081b00000, 0x0000000081b00000| Complete 
|  27|0x0000000081b00000, 0x0000000081c00000, 0x0000000081c00000|100%|HS|  |TAMS 0x0000000081c00000, 0x0000000081c00000| Complete 
|  28|0x0000000081c00000, 0x0000000081d00000, 0x0000000081d00000|100%|HC|  |TAMS 0x0000000081d00000, 0x0000000081d00000| Complete 
|  29|0x0000000081d00000, 0x0000000081e00000, 0x0000000081e00000|100%|HC|  |TAMS 0x0000000081e00000, 0x0000000081e00000| Complete 
|  30|0x0000000081e00000, 0x0000000081f00000, 0x0000000081f00000|100%| O|  |TAMS 0x0000000081f00000, 0x0000000081f00000| Untracked 
|  31|0x0000000081f00000, 0x0000000082000000, 0x0000000082000000|100%| O|  |TAMS 0x0000000082000000, 0x0000000082000000| Untracked 
|  32|0x0000000082000000, 0x0000000082100000, 0x0000000082100000|100%| O|  |TAMS 0x0000000082100000, 0x0000000082100000| Untracked 
|  33|0x0000000082100000, 0x0000000082200000, 0x0000000082200000|100%| O|  |TAMS 0x0000000082200000, 0x0000000082200000| Untracked 
|  34|0x0000000082200000, 0x0000000082300000, 0x0000000082300000|100%| O|  |TAMS 0x0000000082300000, 0x0000000082300000| Untracked 
|  35|0x0000000082300000, 0x0000000082400000, 0x0000000082400000|100%| O|  |TAMS 0x0000000082400000, 0x0000000082400000| Untracked 
|  36|0x0000000082400000, 0x0000000082500000, 0x0000000082500000|100%| O|  |TAMS 0x0000000082500000, 0x0000000082500000| Untracked 
|  37|0x0000000082500000, 0x0000000082600000, 0x0000000082600000|100%| O|  |TAMS 0x0000000082600000, 0x0000000082600000| Untracked 
|  38|0x0000000082600000, 0x0000000082700000, 0x0000000082700000|100%| O|  |TAMS 0x0000000082700000, 0x0000000082700000| Untracked 
|  39|0x0000000082700000, 0x0000000082800000, 0x0000000082800000|100%| O|  |TAMS 0x0000000082800000, 0x0000000082800000| Untracked 
|  40|0x0000000082800000, 0x0000000082900000, 0x0000000082900000|100%| O|  |TAMS 0x0000000082900000, 0x0000000082900000| Untracked 
|  41|0x0000000082900000, 0x0000000082a00000, 0x0000000082a00000|100%| O|  |TAMS 0x0000000082a00000, 0x0000000082a00000| Untracked 
|  42|0x0000000082a00000, 0x0000000082b00000, 0x0000000082b00000|100%| O|  |TAMS 0x0000000082b00000, 0x0000000082b00000| Untracked 
|  43|0x0000000082b00000, 0x0000000082c00000, 0x0000000082c00000|100%|HS|  |TAMS 0x0000000082c00000, 0x0000000082c00000| Complete 
|  44|0x0000000082c00000, 0x0000000082d00000, 0x0000000082d00000|100%|HC|  |TAMS 0x0000000082d00000, 0x0000000082d00000| Complete 
|  45|0x0000000082d00000, 0x0000000082e00000, 0x0000000082e00000|100%|HC|  |TAMS 0x0000000082e00000, 0x0000000082e00000| Complete 
|  46|0x0000000082e00000, 0x0000000082f00000, 0x0000000082f00000|100%| O|  |TAMS 0x0000000082f00000, 0x0000000082f00000| Untracked 
|  47|0x0000000082f00000, 0x0000000083000000, 0x0000000083000000|100%| O|  |TAMS 0x0000000083000000, 0x0000000083000000| Untracked 
|  48|0x0000000083000000, 0x0000000083100000, 0x0000000083100000|100%| O|  |TAMS 0x0000000083100000, 0x0000000083100000| Untracked 
|  49|0x0000000083100000, 0x0000000083200000, 0x0000000083200000|100%| O|  |TAMS 0x0000000083200000, 0x0000000083200000| Untracked 
|  50|0x0000000083200000, 0x0000000083300000, 0x0000000083300000|100%| O|  |TAMS 0x0000000083300000, 0x0000000083300000| Untracked 
|  51|0x0000000083300000, 0x0000000083400000, 0x0000000083400000|100%| O|  |TAMS 0x0000000083400000, 0x0000000083400000| Untracked 
|  52|0x0000000083400000, 0x0000000083500000, 0x0000000083500000|100%| O|  |TAMS 0x0000000083500000, 0x0000000083500000| Untracked 
|  53|0x0000000083500000, 0x0000000083600000, 0x0000000083600000|100%| O|  |TAMS 0x0000000083600000, 0x0000000083600000| Untracked 
|  54|0x0000000083600000, 0x0000000083700000, 0x0000000083700000|100%| O|  |TAMS 0x0000000083700000, 0x0000000083700000| Untracked 
|  55|0x0000000083700000, 0x0000000083800000, 0x0000000083800000|100%| O|  |TAMS 0x0000000083800000, 0x0000000083800000| Untracked 
|  56|0x0000000083800000, 0x0000000083900000, 0x0000000083900000|100%| O|  |TAMS 0x0000000083900000, 0x0000000083900000| Untracked 
|  57|0x0000000083900000, 0x0000000083a00000, 0x0000000083a00000|100%| O|  |TAMS 0x0000000083a00000, 0x0000000083a00000| Untracked 
|  58|0x0000000083a00000, 0x0000000083b00000, 0x0000000083b00000|100%| O|  |TAMS 0x0000000083b00000, 0x0000000083b00000| Untracked 
|  59|0x0000000083b00000, 0x0000000083c00000, 0x0000000083c00000|100%| O|  |TAMS 0x0000000083c00000, 0x0000000083c00000| Untracked 
|  60|0x0000000083c00000, 0x0000000083d00000, 0x0000000083d00000|100%| O|  |TAMS 0x0000000083c00000, 0x0000000083c00000| Untracked 
|  61|0x0000000083d00000, 0x0000000083e00000, 0x0000000083e00000|100%|HS|  |TAMS 0x0000000083e00000, 0x0000000083e00000| Complete 
|  62|0x0000000083e00000, 0x0000000083f00000, 0x0000000083f00000|100%| O|  |TAMS 0x0000000083f00000, 0x0000000083f00000| Untracked 
|  63|0x0000000083f00000, 0x0000000084000000, 0x0000000084000000|100%| O|  |TAMS 0x0000000084000000, 0x0000000084000000| Untracked 
|  64|0x0000000084000000, 0x0000000084100000, 0x0000000084100000|100%| O|  |TAMS 0x0000000084100000, 0x0000000084100000| Untracked 
|  65|0x0000000084100000, 0x0000000084200000, 0x0000000084200000|100%| O|  |TAMS 0x0000000084200000, 0x0000000084200000| Untracked 
|  66|0x0000000084200000, 0x0000000084300000, 0x0000000084300000|100%| O|  |TAMS 0x0000000084300000, 0x0000000084300000| Untracked 
|  67|0x0000000084300000, 0x0000000084400000, 0x0000000084400000|100%|HS|  |TAMS 0x0000000084400000, 0x0000000084400000| Complete 
|  68|0x0000000084400000, 0x0000000084500000, 0x0000000084500000|100%|HC|  |TAMS 0x0000000084500000, 0x0000000084500000| Complete 
|  69|0x0000000084500000, 0x0000000084600000, 0x0000000084600000|100%|HC|  |TAMS 0x0000000084600000, 0x0000000084600000| Complete 
|  70|0x0000000084600000, 0x0000000084700000, 0x0000000084700000|100%|HC|  |TAMS 0x0000000084700000, 0x0000000084700000| Complete 
|  71|0x0000000084700000, 0x0000000084800000, 0x0000000084800000|100%|HC|  |TAMS 0x0000000084800000, 0x0000000084800000| Complete 
|  72|0x0000000084800000, 0x0000000084900000, 0x0000000084900000|100%|HC|  |TAMS 0x0000000084900000, 0x0000000084900000| Complete 
|  73|0x0000000084900000, 0x0000000084a00000, 0x0000000084a00000|100%| O|  |TAMS 0x0000000084900000, 0x0000000084a00000| Untracked 
|  74|0x0000000084a00000, 0x0000000084b00000, 0x0000000084b00000|100%| O|  |TAMS 0x0000000084a00000, 0x0000000084b00000| Untracked 
|  75|0x0000000084b00000, 0x0000000084c00000, 0x0000000084c00000|100%| O|  |TAMS 0x0000000084b00000, 0x0000000084c00000| Untracked 
|  76|0x0000000084c00000, 0x0000000084d00000, 0x0000000084d00000|100%| O|  |TAMS 0x0000000084c00000, 0x0000000084d00000| Untracked 
|  77|0x0000000084d00000, 0x0000000084e00000, 0x0000000084e00000|100%| O|  |TAMS 0x0000000084d00000, 0x0000000084e00000| Untracked 
|  78|0x0000000084e00000, 0x0000000084f00000, 0x0000000084f00000|100%| O|  |TAMS 0x0000000084e00000, 0x0000000084f00000| Untracked 
|  79|0x0000000084f00000, 0x0000000085000000, 0x0000000085000000|100%| O|  |TAMS 0x0000000084f00000, 0x0000000085000000| Untracked 
|  80|0x0000000085000000, 0x0000000085100000, 0x0000000085100000|100%| O|  |TAMS 0x0000000085000000, 0x0000000085100000| Untracked 
|  81|0x0000000085100000, 0x0000000085200000, 0x0000000085200000|100%| O|  |TAMS 0x0000000085100000, 0x000000008510dc00| Untracked 
|  82|0x0000000085200000, 0x0000000085300000, 0x0000000085300000|100%| O|  |TAMS 0x0000000085200000, 0x0000000085200000| Untracked 
|  83|0x0000000085300000, 0x0000000085400000, 0x0000000085400000|100%| O|  |TAMS 0x0000000085300000, 0x0000000085300000| Untracked 
|  84|0x0000000085400000, 0x0000000085500000, 0x0000000085500000|100%| O|  |TAMS 0x0000000085400000, 0x0000000085400000| Untracked 
|  85|0x0000000085500000, 0x0000000085600000, 0x0000000085600000|100%| O|  |TAMS 0x0000000085500000, 0x0000000085500000| Untracked 
|  86|0x0000000085600000, 0x0000000085700000, 0x0000000085700000|100%| O|  |TAMS 0x0000000085600000, 0x0000000085600000| Untracked 
|  87|0x0000000085700000, 0x0000000085800000, 0x0000000085800000|100%| O|  |TAMS 0x0000000085700000, 0x0000000085700000| Untracked 
|  88|0x0000000085800000, 0x0000000085900000, 0x0000000085900000|100%| O|  |TAMS 0x0000000085800000, 0x0000000085800000| Untracked 
|  89|0x0000000085900000, 0x0000000085a00000, 0x0000000085a00000|100%| O|  |TAMS 0x0000000085900000, 0x0000000085900000| Untracked 
|  90|0x0000000085a00000, 0x0000000085b00000, 0x0000000085b00000|100%| O|  |TAMS 0x0000000085a00000, 0x0000000085a00000| Untracked 
|  91|0x0000000085b00000, 0x0000000085c00000, 0x0000000085c00000|100%| O|  |TAMS 0x0000000085b00000, 0x0000000085b00000| Untracked 
|  92|0x0000000085c00000, 0x0000000085d00000, 0x0000000085d00000|100%|HS|  |TAMS 0x0000000085c00000, 0x0000000085c00000| Complete 
|  93|0x0000000085d00000, 0x0000000085e00000, 0x0000000085e00000|100%|HS|  |TAMS 0x0000000085d00000, 0x0000000085d00000| Complete 
|  94|0x0000000085e00000, 0x0000000085f00000, 0x0000000085f00000|100%|HS|  |TAMS 0x0000000085e00000, 0x0000000085e00000| Complete 
|  95|0x0000000085f00000, 0x0000000086000000, 0x0000000086000000|100%| O|  |TAMS 0x0000000085f00000, 0x0000000085f00000| Untracked 
|  96|0x0000000086000000, 0x0000000086100000, 0x0000000086100000|100%| O|  |TAMS 0x0000000086000000, 0x0000000086000000| Untracked 
|  97|0x0000000086100000, 0x0000000086200000, 0x0000000086200000|100%| O|  |TAMS 0x0000000086100000, 0x0000000086100000| Untracked 
|  98|0x0000000086200000, 0x0000000086300000, 0x0000000086300000|100%| O|  |TAMS 0x0000000086200000, 0x0000000086200000| Untracked 
|  99|0x0000000086300000, 0x0000000086400000, 0x0000000086400000|100%| O|  |TAMS 0x0000000086300000, 0x0000000086300000| Untracked 
| 100|0x0000000086400000, 0x0000000086400000, 0x0000000086500000|  0%| F|  |TAMS 0x0000000086400000, 0x0000000086400000| Untracked 
| 101|0x0000000086500000, 0x0000000086600000, 0x0000000086600000|100%| O|  |TAMS 0x0000000086500000, 0x0000000086500000| Untracked 
| 102|0x0000000086600000, 0x0000000086700000, 0x0000000086700000|100%| O|  |TAMS 0x0000000086600000, 0x0000000086600000| Untracked 
| 103|0x0000000086700000, 0x0000000086800000, 0x0000000086800000|100%| O|  |TAMS 0x0000000086700000, 0x0000000086700000| Untracked 
| 104|0x0000000086800000, 0x0000000086900000, 0x0000000086900000|100%| O|  |TAMS 0x0000000086800000, 0x0000000086800000| Untracked 
| 105|0x0000000086900000, 0x0000000086a00000, 0x0000000086a00000|100%| O|  |TAMS 0x0000000086900000, 0x0000000086900000| Untracked 
| 106|0x0000000086a00000, 0x0000000086b00000, 0x0000000086b00000|100%| O|  |TAMS 0x0000000086a00000, 0x0000000086a00000| Untracked 
| 107|0x0000000086b00000, 0x0000000086c00000, 0x0000000086c00000|100%| O|  |TAMS 0x0000000086b00000, 0x0000000086b00000| Untracked 
| 108|0x0000000086c00000, 0x0000000086d00000, 0x0000000086d00000|100%| O|  |TAMS 0x0000000086c00000, 0x0000000086c00000| Untracked 
| 109|0x0000000086d00000, 0x0000000086e00000, 0x0000000086e00000|100%| O|  |TAMS 0x0000000086d00000, 0x0000000086d00000| Untracked 
| 110|0x0000000086e00000, 0x0000000086f00000, 0x0000000086f00000|100%| O|  |TAMS 0x0000000086e00000, 0x0000000086e00000| Untracked 
| 111|0x0000000086f00000, 0x0000000086ffb800, 0x0000000087000000| 98%| O|  |TAMS 0x0000000086f00000, 0x0000000086f00000| Untracked 
| 112|0x0000000087000000, 0x0000000087000000, 0x0000000087100000|  0%| F|  |TAMS 0x0000000087000000, 0x0000000087000000| Untracked 
| 113|0x0000000087100000, 0x0000000087100000, 0x0000000087200000|  0%| F|  |TAMS 0x0000000087100000, 0x0000000087100000| Untracked 
| 114|0x0000000087200000, 0x0000000087200000, 0x0000000087300000|  0%| F|  |TAMS 0x0000000087200000, 0x0000000087200000| Untracked 
| 115|0x0000000087300000, 0x0000000087300000, 0x0000000087400000|  0%| F|  |TAMS 0x0000000087300000, 0x0000000087300000| Untracked 
| 116|0x0000000087400000, 0x0000000087400000, 0x0000000087500000|  0%| F|  |TAMS 0x0000000087400000, 0x0000000087400000| Untracked 
| 117|0x0000000087500000, 0x0000000087500000, 0x0000000087600000|  0%| F|  |TAMS 0x0000000087500000, 0x0000000087500000| Untracked 
| 118|0x0000000087600000, 0x0000000087600000, 0x0000000087700000|  0%| F|  |TAMS 0x0000000087600000, 0x0000000087600000| Untracked 
| 119|0x0000000087700000, 0x0000000087700000, 0x0000000087800000|  0%| F|  |TAMS 0x0000000087700000, 0x0000000087700000| Untracked 
| 120|0x0000000087800000, 0x0000000087800000, 0x0000000087900000|  0%| F|  |TAMS 0x0000000087800000, 0x0000000087800000| Untracked 
| 121|0x0000000087900000, 0x0000000087900000, 0x0000000087a00000|  0%| F|  |TAMS 0x0000000087900000, 0x0000000087900000| Untracked 
| 122|0x0000000087a00000, 0x0000000087a00000, 0x0000000087b00000|  0%| F|  |TAMS 0x0000000087a00000, 0x0000000087a00000| Untracked 
| 123|0x0000000087b00000, 0x0000000087b00000, 0x0000000087c00000|  0%| F|  |TAMS 0x0000000087b00000, 0x0000000087b00000| Untracked 
| 124|0x0000000087c00000, 0x0000000087c00000, 0x0000000087d00000|  0%| F|  |TAMS 0x0000000087c00000, 0x0000000087c00000| Untracked 
| 125|0x0000000087d00000, 0x0000000087d00000, 0x0000000087e00000|  0%| F|  |TAMS 0x0000000087d00000, 0x0000000087d00000| Untracked 
| 126|0x0000000087e00000, 0x0000000087e00000, 0x0000000087f00000|  0%| F|  |TAMS 0x0000000087e00000, 0x0000000087e00000| Untracked 
| 127|0x0000000087f00000, 0x0000000087f00000, 0x0000000088000000|  0%| F|  |TAMS 0x0000000087f00000, 0x0000000087f00000| Untracked 
| 128|0x0000000088000000, 0x0000000088000000, 0x0000000088100000|  0%| F|  |TAMS 0x0000000088000000, 0x0000000088000000| Untracked 
| 129|0x0000000088100000, 0x0000000088100000, 0x0000000088200000|  0%| F|  |TAMS 0x0000000088100000, 0x0000000088100000| Untracked 
| 130|0x0000000088200000, 0x0000000088200000, 0x0000000088300000|  0%| F|  |TAMS 0x0000000088200000, 0x0000000088200000| Untracked 
| 131|0x0000000088300000, 0x0000000088300000, 0x0000000088400000|  0%| F|  |TAMS 0x0000000088300000, 0x0000000088300000| Untracked 
| 132|0x0000000088400000, 0x0000000088400000, 0x0000000088500000|  0%| F|  |TAMS 0x0000000088400000, 0x0000000088400000| Untracked 
| 133|0x0000000088500000, 0x0000000088500000, 0x0000000088600000|  0%| F|  |TAMS 0x0000000088500000, 0x0000000088500000| Untracked 
| 134|0x0000000088600000, 0x0000000088600000, 0x0000000088700000|  0%| F|  |TAMS 0x0000000088600000, 0x0000000088600000| Untracked 
| 135|0x0000000088700000, 0x0000000088700000, 0x0000000088800000|  0%| F|  |TAMS 0x0000000088700000, 0x0000000088700000| Untracked 
| 136|0x0000000088800000, 0x0000000088800000, 0x0000000088900000|  0%| F|  |TAMS 0x0000000088800000, 0x0000000088800000| Untracked 
| 137|0x0000000088900000, 0x0000000088900000, 0x0000000088a00000|  0%| F|  |TAMS 0x0000000088900000, 0x0000000088900000| Untracked 
| 138|0x0000000088a00000, 0x0000000088a00000, 0x0000000088b00000|  0%| F|  |TAMS 0x0000000088a00000, 0x0000000088a00000| Untracked 
| 139|0x0000000088b00000, 0x0000000088b00000, 0x0000000088c00000|  0%| F|  |TAMS 0x0000000088b00000, 0x0000000088b00000| Untracked 
| 140|0x0000000088c00000, 0x0000000088c00000, 0x0000000088d00000|  0%| F|  |TAMS 0x0000000088c00000, 0x0000000088c00000| Untracked 
| 141|0x0000000088d00000, 0x0000000088d00000, 0x0000000088e00000|  0%| F|  |TAMS 0x0000000088d00000, 0x0000000088d00000| Untracked 
| 142|0x0000000088e00000, 0x0000000088e00000, 0x0000000088f00000|  0%| F|  |TAMS 0x0000000088e00000, 0x0000000088e00000| Untracked 
| 143|0x0000000088f00000, 0x0000000088f00000, 0x0000000089000000|  0%| F|  |TAMS 0x0000000088f00000, 0x0000000088f00000| Untracked 
| 144|0x0000000089000000, 0x0000000089000000, 0x0000000089100000|  0%| F|  |TAMS 0x0000000089000000, 0x0000000089000000| Untracked 
| 145|0x0000000089100000, 0x0000000089100000, 0x0000000089200000|  0%| F|  |TAMS 0x0000000089100000, 0x0000000089100000| Untracked 
| 146|0x0000000089200000, 0x0000000089280000, 0x0000000089300000| 50%| S|CS|TAMS 0x0000000089200000, 0x0000000089200000| Complete 
| 147|0x0000000089300000, 0x0000000089400000, 0x0000000089400000|100%| S|CS|TAMS 0x0000000089300000, 0x0000000089300000| Complete 
| 148|0x0000000089400000, 0x0000000089500000, 0x0000000089500000|100%| S|CS|TAMS 0x0000000089400000, 0x0000000089400000| Complete 
| 149|0x0000000089500000, 0x0000000089600000, 0x0000000089600000|100%| S|CS|TAMS 0x0000000089500000, 0x0000000089500000| Complete 
| 150|0x0000000089600000, 0x0000000089700000, 0x0000000089700000|100%| S|CS|TAMS 0x0000000089600000, 0x0000000089600000| Complete 
| 151|0x0000000089700000, 0x0000000089800000, 0x0000000089800000|100%| S|CS|TAMS 0x0000000089700000, 0x0000000089700000| Complete 
| 152|0x0000000089800000, 0x0000000089900000, 0x0000000089900000|100%| S|CS|TAMS 0x0000000089800000, 0x0000000089800000| Complete 
| 153|0x0000000089900000, 0x0000000089a00000, 0x0000000089a00000|100%| S|CS|TAMS 0x0000000089900000, 0x0000000089900000| Complete 
| 154|0x0000000089a00000, 0x0000000089b00000, 0x0000000089b00000|100%| S|CS|TAMS 0x0000000089a00000, 0x0000000089a00000| Complete 
| 155|0x0000000089b00000, 0x0000000089c00000, 0x0000000089c00000|100%| S|CS|TAMS 0x0000000089b00000, 0x0000000089b00000| Complete 
| 156|0x0000000089c00000, 0x0000000089d00000, 0x0000000089d00000|100%| S|CS|TAMS 0x0000000089c00000, 0x0000000089c00000| Complete 
| 157|0x0000000089d00000, 0x0000000089e00000, 0x0000000089e00000|100%| S|CS|TAMS 0x0000000089d00000, 0x0000000089d00000| Complete 
| 158|0x0000000089e00000, 0x0000000089e00000, 0x0000000089f00000|  0%| F|  |TAMS 0x0000000089e00000, 0x0000000089e00000| Untracked 
| 159|0x0000000089f00000, 0x0000000089f00000, 0x000000008a000000|  0%| F|  |TAMS 0x0000000089f00000, 0x0000000089f00000| Untracked 
| 160|0x000000008a000000, 0x000000008a000000, 0x000000008a100000|  0%| F|  |TAMS 0x000000008a000000, 0x000000008a000000| Untracked 
| 161|0x000000008a100000, 0x000000008a100000, 0x000000008a200000|  0%| F|  |TAMS 0x000000008a100000, 0x000000008a100000| Untracked 
| 162|0x000000008a200000, 0x000000008a200000, 0x000000008a300000|  0%| F|  |TAMS 0x000000008a200000, 0x000000008a200000| Untracked 
| 163|0x000000008a300000, 0x000000008a300000, 0x000000008a400000|  0%| F|  |TAMS 0x000000008a300000, 0x000000008a300000| Untracked 
| 164|0x000000008a400000, 0x000000008a400000, 0x000000008a500000|  0%| F|  |TAMS 0x000000008a400000, 0x000000008a400000| Untracked 
| 165|0x000000008a500000, 0x000000008a500000, 0x000000008a600000|  0%| F|  |TAMS 0x000000008a500000, 0x000000008a500000| Untracked 
| 166|0x000000008a600000, 0x000000008a600000, 0x000000008a700000|  0%| F|  |TAMS 0x000000008a600000, 0x000000008a600000| Untracked 
| 167|0x000000008a700000, 0x000000008a700000, 0x000000008a800000|  0%| F|  |TAMS 0x000000008a700000, 0x000000008a700000| Untracked 
| 168|0x000000008a800000, 0x000000008a800000, 0x000000008a900000|  0%| F|  |TAMS 0x000000008a800000, 0x000000008a800000| Untracked 
| 169|0x000000008a900000, 0x000000008a900000, 0x000000008aa00000|  0%| F|  |TAMS 0x000000008a900000, 0x000000008a900000| Untracked 
| 170|0x000000008aa00000, 0x000000008aa00000, 0x000000008ab00000|  0%| F|  |TAMS 0x000000008aa00000, 0x000000008aa00000| Untracked 
| 171|0x000000008ab00000, 0x000000008ab00000, 0x000000008ac00000|  0%| F|  |TAMS 0x000000008ab00000, 0x000000008ab00000| Untracked 
| 172|0x000000008ac00000, 0x000000008ac00000, 0x000000008ad00000|  0%| F|  |TAMS 0x000000008ac00000, 0x000000008ac00000| Untracked 
| 173|0x000000008ad00000, 0x000000008ad00000, 0x000000008ae00000|  0%| F|  |TAMS 0x000000008ad00000, 0x000000008ad00000| Untracked 
| 174|0x000000008ae00000, 0x000000008ae00000, 0x000000008af00000|  0%| F|  |TAMS 0x000000008ae00000, 0x000000008ae00000| Untracked 
| 175|0x000000008af00000, 0x000000008af00000, 0x000000008b000000|  0%| F|  |TAMS 0x000000008af00000, 0x000000008af00000| Untracked 
| 176|0x000000008b000000, 0x000000008b000000, 0x000000008b100000|  0%| F|  |TAMS 0x000000008b000000, 0x000000008b000000| Untracked 
| 177|0x000000008b100000, 0x000000008b100000, 0x000000008b200000|  0%| F|  |TAMS 0x000000008b100000, 0x000000008b100000| Untracked 
| 178|0x000000008b200000, 0x000000008b200000, 0x000000008b300000|  0%| F|  |TAMS 0x000000008b200000, 0x000000008b200000| Untracked 
| 179|0x000000008b300000, 0x000000008b300000, 0x000000008b400000|  0%| F|  |TAMS 0x000000008b300000, 0x000000008b300000| Untracked 
| 180|0x000000008b400000, 0x000000008b400000, 0x000000008b500000|  0%| F|  |TAMS 0x000000008b400000, 0x000000008b400000| Untracked 
| 181|0x000000008b500000, 0x000000008b500000, 0x000000008b600000|  0%| F|  |TAMS 0x000000008b500000, 0x000000008b500000| Untracked 
| 182|0x000000008b600000, 0x000000008b600000, 0x000000008b700000|  0%| F|  |TAMS 0x000000008b600000, 0x000000008b600000| Untracked 
| 183|0x000000008b700000, 0x000000008b700000, 0x000000008b800000|  0%| F|  |TAMS 0x000000008b700000, 0x000000008b700000| Untracked 
| 184|0x000000008b800000, 0x000000008b800000, 0x000000008b900000|  0%| F|  |TAMS 0x000000008b800000, 0x000000008b800000| Untracked 
| 185|0x000000008b900000, 0x000000008b900000, 0x000000008ba00000|  0%| F|  |TAMS 0x000000008b900000, 0x000000008b900000| Untracked 
| 186|0x000000008ba00000, 0x000000008ba00000, 0x000000008bb00000|  0%| F|  |TAMS 0x000000008ba00000, 0x000000008ba00000| Untracked 
| 187|0x000000008bb00000, 0x000000008bb00000, 0x000000008bc00000|  0%| F|  |TAMS 0x000000008bb00000, 0x000000008bb00000| Untracked 
| 188|0x000000008bc00000, 0x000000008bc00000, 0x000000008bd00000|  0%| F|  |TAMS 0x000000008bc00000, 0x000000008bc00000| Untracked 
| 189|0x000000008bd00000, 0x000000008bd00000, 0x000000008be00000|  0%| F|  |TAMS 0x000000008bd00000, 0x000000008bd00000| Untracked 
| 190|0x000000008be00000, 0x000000008be00000, 0x000000008bf00000|  0%| F|  |TAMS 0x000000008be00000, 0x000000008be00000| Untracked 
| 191|0x000000008bf00000, 0x000000008bf00000, 0x000000008c000000|  0%| F|  |TAMS 0x000000008bf00000, 0x000000008bf00000| Untracked 
| 192|0x000000008c000000, 0x000000008c000000, 0x000000008c100000|  0%| F|  |TAMS 0x000000008c000000, 0x000000008c000000| Untracked 
| 193|0x000000008c100000, 0x000000008c100000, 0x000000008c200000|  0%| F|  |TAMS 0x000000008c100000, 0x000000008c100000| Untracked 
| 194|0x000000008c200000, 0x000000008c200000, 0x000000008c300000|  0%| F|  |TAMS 0x000000008c200000, 0x000000008c200000| Untracked 
| 195|0x000000008c300000, 0x000000008c300000, 0x000000008c400000|  0%| F|  |TAMS 0x000000008c300000, 0x000000008c300000| Untracked 
| 196|0x000000008c400000, 0x000000008c400000, 0x000000008c500000|  0%| F|  |TAMS 0x000000008c400000, 0x000000008c400000| Untracked 
| 197|0x000000008c500000, 0x000000008c500000, 0x000000008c600000|  0%| F|  |TAMS 0x000000008c500000, 0x000000008c500000| Untracked 
| 198|0x000000008c600000, 0x000000008c600000, 0x000000008c700000|  0%| F|  |TAMS 0x000000008c600000, 0x000000008c600000| Untracked 
| 199|0x000000008c700000, 0x000000008c700000, 0x000000008c800000|  0%| F|  |TAMS 0x000000008c700000, 0x000000008c700000| Untracked 
| 200|0x000000008c800000, 0x000000008c800000, 0x000000008c900000|  0%| F|  |TAMS 0x000000008c800000, 0x000000008c800000| Untracked 
| 201|0x000000008c900000, 0x000000008c900000, 0x000000008ca00000|  0%| F|  |TAMS 0x000000008c900000, 0x000000008c900000| Untracked 
| 202|0x000000008ca00000, 0x000000008ca00000, 0x000000008cb00000|  0%| F|  |TAMS 0x000000008ca00000, 0x000000008ca00000| Untracked 
| 203|0x000000008cb00000, 0x000000008cb00000, 0x000000008cc00000|  0%| F|  |TAMS 0x000000008cb00000, 0x000000008cb00000| Untracked 
| 204|0x000000008cc00000, 0x000000008cc00000, 0x000000008cd00000|  0%| F|  |TAMS 0x000000008cc00000, 0x000000008cc00000| Untracked 
| 205|0x000000008cd00000, 0x000000008cd00000, 0x000000008ce00000|  0%| F|  |TAMS 0x000000008cd00000, 0x000000008cd00000| Untracked 
| 206|0x000000008ce00000, 0x000000008ce00000, 0x000000008cf00000|  0%| F|  |TAMS 0x000000008ce00000, 0x000000008ce00000| Untracked 
| 207|0x000000008cf00000, 0x000000008cf00000, 0x000000008d000000|  0%| F|  |TAMS 0x000000008cf00000, 0x000000008cf00000| Untracked 
| 208|0x000000008d000000, 0x000000008d000000, 0x000000008d100000|  0%| F|  |TAMS 0x000000008d000000, 0x000000008d000000| Untracked 
| 209|0x000000008d100000, 0x000000008d100000, 0x000000008d200000|  0%| F|  |TAMS 0x000000008d100000, 0x000000008d100000| Untracked 
| 210|0x000000008d200000, 0x000000008d200000, 0x000000008d300000|  0%| F|  |TAMS 0x000000008d200000, 0x000000008d200000| Untracked 
| 211|0x000000008d300000, 0x000000008d300000, 0x000000008d400000|  0%| F|  |TAMS 0x000000008d300000, 0x000000008d300000| Untracked 
| 212|0x000000008d400000, 0x000000008d400000, 0x000000008d500000|  0%| F|  |TAMS 0x000000008d400000, 0x000000008d400000| Untracked 
| 213|0x000000008d500000, 0x000000008d500000, 0x000000008d600000|  0%| F|  |TAMS 0x000000008d500000, 0x000000008d500000| Untracked 
| 214|0x000000008d600000, 0x000000008d600000, 0x000000008d700000|  0%| F|  |TAMS 0x000000008d600000, 0x000000008d600000| Untracked 
| 215|0x000000008d700000, 0x000000008d700000, 0x000000008d800000|  0%| F|  |TAMS 0x000000008d700000, 0x000000008d700000| Untracked 
| 216|0x000000008d800000, 0x000000008d800000, 0x000000008d900000|  0%| F|  |TAMS 0x000000008d800000, 0x000000008d800000| Untracked 
| 217|0x000000008d900000, 0x000000008d900000, 0x000000008da00000|  0%| F|  |TAMS 0x000000008d900000, 0x000000008d900000| Untracked 
| 218|0x000000008da00000, 0x000000008da00000, 0x000000008db00000|  0%| F|  |TAMS 0x000000008da00000, 0x000000008da00000| Untracked 
| 219|0x000000008db00000, 0x000000008db00000, 0x000000008dc00000|  0%| F|  |TAMS 0x000000008db00000, 0x000000008db00000| Untracked 
| 220|0x000000008dc00000, 0x000000008dc00000, 0x000000008dd00000|  0%| F|  |TAMS 0x000000008dc00000, 0x000000008dc00000| Untracked 
| 221|0x000000008dd00000, 0x000000008dd00000, 0x000000008de00000|  0%| F|  |TAMS 0x000000008dd00000, 0x000000008dd00000| Untracked 
| 222|0x000000008de00000, 0x000000008df00000, 0x000000008df00000|100%| E|  |TAMS 0x000000008de00000, 0x000000008de00000| Complete 
| 223|0x000000008df00000, 0x000000008e000000, 0x000000008e000000|100%| E|CS|TAMS 0x000000008df00000, 0x000000008df00000| Complete 
| 224|0x000000008e000000, 0x000000008e100000, 0x000000008e100000|100%| E|CS|TAMS 0x000000008e000000, 0x000000008e000000| Complete 
| 225|0x000000008e100000, 0x000000008e200000, 0x000000008e200000|100%| E|CS|TAMS 0x000000008e100000, 0x000000008e100000| Complete 
| 226|0x000000008e200000, 0x000000008e300000, 0x000000008e300000|100%| E|CS|TAMS 0x000000008e200000, 0x000000008e200000| Complete 
| 227|0x000000008e300000, 0x000000008e400000, 0x000000008e400000|100%| E|CS|TAMS 0x000000008e300000, 0x000000008e300000| Complete 
| 228|0x000000008e400000, 0x000000008e500000, 0x000000008e500000|100%| E|CS|TAMS 0x000000008e400000, 0x000000008e400000| Complete 
| 229|0x000000008e500000, 0x000000008e600000, 0x000000008e600000|100%| E|CS|TAMS 0x000000008e500000, 0x000000008e500000| Complete 
| 230|0x000000008e600000, 0x000000008e700000, 0x000000008e700000|100%| E|CS|TAMS 0x000000008e600000, 0x000000008e600000| Complete 
| 231|0x000000008e700000, 0x000000008e800000, 0x000000008e800000|100%| E|CS|TAMS 0x000000008e700000, 0x000000008e700000| Complete 
| 232|0x000000008e800000, 0x000000008e900000, 0x000000008e900000|100%| E|CS|TAMS 0x000000008e800000, 0x000000008e800000| Complete 
| 233|0x000000008e900000, 0x000000008ea00000, 0x000000008ea00000|100%| E|CS|TAMS 0x000000008e900000, 0x000000008e900000| Complete 
|2047|0x00000000fff00000, 0x0000000100000000, 0x0000000100000000|100%| O|  |TAMS 0x0000000100000000, 0x0000000100000000| Untracked 

Card table byte_map: [0x000001a3197f0000,0x000001a319bf0000] _byte_map_base: 0x000001a3193f0000

Marking Bits (Prev, Next): (CMBitMap*) 0x000001a30515b270, (CMBitMap*) 0x000001a30515b2b0
 Prev Bits: [0x000001a319ff0000, 0x000001a31bff0000)
 Next Bits: [0x000001a31bff0000, 0x000001a31dff0000)

Polling page: 0x000001a3051b0000

Metaspace:

Usage:
  Non-class:    110.33 MB used.
      Class:     16.34 MB used.
       Both:    126.67 MB used.

Virtual space:
  Non-class space:      128.00 MB reserved,     110.69 MB ( 86%) committed,  2 nodes.
      Class space:        1.00 GB reserved,      16.62 MB (  2%) committed,  1 nodes.
             Both:        1.12 GB reserved,     127.31 MB ( 11%) committed. 

Chunk freelists:
   Non-Class:  1.08 MB
       Class:  15.38 MB
        Both:  16.46 MB

MaxMetaspaceSize: unlimited
CompressedClassSpaceSize: 1.00 GB
Initial GC threshold: 21.00 MB
Current GC threshold: 135.44 MB
CDS: off
MetaspaceReclaimPolicy: balanced
 - commit_granule_bytes: 65536.
 - commit_granule_words: 8192.
 - virtual_space_node_default_size: 8388608.
 - enlarge_chunks_in_place: 1.
 - new_chunks_are_fully_committed: 0.
 - uncommit_free_chunks: 1.
 - use_allocation_guard: 0.
 - handle_deallocations: 1.


Internal statistics:

num_allocs_failed_limit: 3.
num_arena_births: 898.
num_arena_deaths: 0.
num_vsnodes_births: 3.
num_vsnodes_deaths: 0.
num_space_committed: 2035.
num_space_uncommitted: 0.
num_chunks_returned_to_freelist: 3.
num_chunks_taken_from_freelist: 5273.
num_chunk_merges: 3.
num_chunk_splits: 4070.
num_chunks_enlarged: 3332.
num_inconsistent_stats: 0.

CodeHeap 'non-profiled nmethods': size=120000Kb used=5156Kb max_used=5156Kb free=114843Kb
 bounds [0x000001a3118a0000, 0x000001a311db0000, 0x000001a318dd0000]
CodeHeap 'profiled nmethods': size=120000Kb used=21945Kb max_used=21945Kb free=98054Kb
 bounds [0x000001a309dd0000, 0x000001a30b340000, 0x000001a311300000]
CodeHeap 'non-nmethods': size=5760Kb used=2518Kb max_used=2568Kb free=3241Kb
 bounds [0x000001a311300000, 0x000001a311590000, 0x000001a3118a0000]
 total_blobs=11851 nmethods=10772 adapters=989
 compilation: enabled
              stopped_count=0, restarted_count=0
 full_count=0

Compilation events (20 events):
Event: 32.886 Thread 0x000001a3208fbcc0 12180       2       org.jetbrains.kotlin.ir.descriptors.IrBuiltinOperatorDescriptorBase::getOriginal (8 bytes)
Event: 32.886 Thread 0x000001a3208fbcc0 nmethod 12180 0x000001a30b30b590 code [0x000001a30b30b720, 0x000001a30b30b838]
Event: 32.886 Thread 0x000001a3208fbcc0 12181       2       org.jetbrains.kotlin.ir.descriptors.IrBuiltinOperatorDescriptorBase::getOriginal (5 bytes)
Event: 32.887 Thread 0x000001a3208fbcc0 nmethod 12181 0x000001a30b30b910 code [0x000001a30b30baa0, 0x000001a30b30bbb8]
Event: 32.887 Thread 0x000001a3208fbcc0 12179       2       org.jetbrains.kotlin.ir.IrBuiltIns$Companion::getBUILTIN_OPERATOR (4 bytes)
Event: 32.887 Thread 0x000001a3208fbcc0 nmethod 12179 0x000001a30b30bc90 code [0x000001a30b30be20, 0x000001a30b30bf38]
Event: 32.887 Thread 0x000001a3208fbcc0 12178       2       org.jetbrains.kotlin.ir.expressions.IrFunctionAccessExpression::<init> (5 bytes)
Event: 32.887 Thread 0x000001a3208fbcc0 nmethod 12178 0x000001a30b30c010 code [0x000001a30b30c1a0, 0x000001a30b30c2f8]
Event: 32.887 Thread 0x000001a3208fbcc0 12182       1       org.jetbrains.kotlin.psi2ir.descriptors.IrBuiltInsOverDescriptors::getBooleanType (5 bytes)
Event: 32.887 Thread 0x000001a3208fbcc0 nmethod 12182 0x000001a311da6390 code [0x000001a311da6520, 0x000001a311da65f8]
Event: 32.887 Thread 0x000001a3208fbcc0 12183       1       org.jetbrains.kotlin.com.intellij.openapi.util.SimpleModificationTracker::getModificationCount (5 bytes)
Event: 32.887 Thread 0x000001a3208fbcc0 nmethod 12183 0x000001a311da6690 code [0x000001a311da6820, 0x000001a311da68f8]
Event: 32.890 Thread 0x000001a3208fbcc0 12184       2       org.jetbrains.kotlin.load.java.lazy.descriptors.LazyJavaClassDescriptor::getVisibility (46 bytes)
Event: 32.891 Thread 0x000001a3208fbcc0 nmethod 12184 0x000001a30b30c390 code [0x000001a30b30c5a0, 0x000001a30b30c998]
Event: 32.891 Thread 0x000001a3208fbcc0 12186       2       org.jetbrains.kotlin.com.intellij.openapi.util.RecursionManager$MyKey::<init> (68 bytes)
Event: 32.891 Thread 0x000001a3208fbcc0 nmethod 12186 0x000001a30b30cc10 code [0x000001a30b30cde0, 0x000001a30b30d0c8]
Event: 32.891 Thread 0x000001a3208fbcc0 12187   !   2       org.jetbrains.kotlin.com.intellij.util.containers.ImmutableList$Itr::next (37 bytes)
Event: 32.892 Thread 0x000001a3208fbcc0 nmethod 12187 0x000001a30b30d290 code [0x000001a30b30d440, 0x000001a30b30d648]
Event: 32.892 Thread 0x000001a3208fbcc0 12185       1       org.jetbrains.kotlin.com.intellij.openapi.util.RecursionManager$CalculationStack::access$300 (5 bytes)
Event: 32.892 Thread 0x000001a3208fbcc0 nmethod 12185 0x000001a311da6990 code [0x000001a311da6b20, 0x000001a311da6bd8]

GC Heap History (20 events):
Event: 15.561 GC heap before
{Heap before GC invocations=35 (full 0):
 garbage-first heap   total 138240K, used 113169K [0x0000000080000000, 0x0000000100000000)
  region size 1024K, 37 young (37888K), 4 survivors (4096K)
 Metaspace       used 81853K, committed 82496K, reserved 1179648K
  class space    used 10931K, committed 11264K, reserved 1048576K
}
Event: 15.567 GC heap after
{Heap after GC invocations=36 (full 0):
 garbage-first heap   total 138240K, used 80968K [0x0000000080000000, 0x0000000100000000)
  region size 1024K, 4 young (4096K), 4 survivors (4096K)
 Metaspace       used 81853K, committed 82496K, reserved 1179648K
  class space    used 10931K, committed 11264K, reserved 1048576K
}
Event: 16.274 GC heap before
{Heap before GC invocations=37 (full 0):
 garbage-first heap   total 145408K, used 114760K [0x0000000080000000, 0x0000000100000000)
  region size 1024K, 37 young (37888K), 4 survivors (4096K)
 Metaspace       used 85663K, committed 86336K, reserved 1179648K
  class space    used 11412K, committed 11712K, reserved 1048576K
}
Event: 16.282 GC heap after
{Heap after GC invocations=38 (full 0):
 garbage-first heap   total 145408K, used 83477K [0x0000000080000000, 0x0000000100000000)
  region size 1024K, 4 young (4096K), 4 survivors (4096K)
 Metaspace       used 85663K, committed 86336K, reserved 1179648K
  class space    used 11412K, committed 11712K, reserved 1048576K
}
Event: 16.322 GC heap before
{Heap before GC invocations=38 (full 0):
 garbage-first heap   total 145408K, used 86549K [0x0000000080000000, 0x0000000100000000)
  region size 1024K, 7 young (7168K), 4 survivors (4096K)
 Metaspace       used 86270K, committed 86912K, reserved 1179648K
  class space    used 11482K, committed 11776K, reserved 1048576K
}
Event: 16.331 GC heap after
{Heap after GC invocations=39 (full 0):
 garbage-first heap   total 145408K, used 83617K [0x0000000080000000, 0x0000000100000000)
  region size 1024K, 1 young (1024K), 1 survivors (1024K)
 Metaspace       used 86270K, committed 86912K, reserved 1179648K
  class space    used 11482K, committed 11776K, reserved 1048576K
}
Event: 16.865 GC heap before
{Heap before GC invocations=39 (full 0):
 garbage-first heap   total 145408K, used 102049K [0x0000000080000000, 0x0000000100000000)
  region size 1024K, 20 young (20480K), 1 survivors (1024K)
 Metaspace       used 88879K, committed 89536K, reserved 1179648K
  class space    used 11835K, committed 12160K, reserved 1048576K
}
Event: 16.871 GC heap after
{Heap after GC invocations=40 (full 0):
 garbage-first heap   total 240640K, used 84283K [0x0000000080000000, 0x0000000100000000)
  region size 1024K, 2 young (2048K), 2 survivors (2048K)
 Metaspace       used 88879K, committed 89536K, reserved 1179648K
  class space    used 11835K, committed 12160K, reserved 1048576K
}
Event: 20.940 GC heap before
{Heap before GC invocations=40 (full 0):
 garbage-first heap   total 240640K, used 188731K [0x0000000080000000, 0x0000000100000000)
  region size 1024K, 103 young (105472K), 2 survivors (2048K)
 Metaspace       used 95767K, committed 96448K, reserved 1179648K
  class space    used 12570K, committed 12864K, reserved 1048576K
}
Event: 20.954 GC heap after
{Heap after GC invocations=41 (full 0):
 garbage-first heap   total 240640K, used 90241K [0x0000000080000000, 0x0000000100000000)
  region size 1024K, 8 young (8192K), 8 survivors (8192K)
 Metaspace       used 95767K, committed 96448K, reserved 1179648K
  class space    used 12570K, committed 12864K, reserved 1048576K
}
Event: 24.891 GC heap before
{Heap before GC invocations=41 (full 0):
 garbage-first heap   total 240640K, used 188545K [0x0000000080000000, 0x0000000100000000)
  region size 1024K, 105 young (107520K), 8 survivors (8192K)
 Metaspace       used 108641K, committed 109248K, reserved 1179648K
  class space    used 13990K, committed 14272K, reserved 1048576K
}
Event: 24.905 GC heap after
{Heap after GC invocations=42 (full 0):
 garbage-first heap   total 240640K, used 95005K [0x0000000080000000, 0x0000000100000000)
  region size 1024K, 12 young (12288K), 12 survivors (12288K)
 Metaspace       used 108641K, committed 109248K, reserved 1179648K
  class space    used 13990K, committed 14272K, reserved 1048576K
}
Event: 26.594 GC heap before
{Heap before GC invocations=42 (full 0):
 garbage-first heap   total 240640K, used 193309K [0x0000000080000000, 0x0000000100000000)
  region size 1024K, 108 young (110592K), 12 survivors (12288K)
 Metaspace       used 112692K, committed 113408K, reserved 1179648K
  class space    used 14401K, committed 14720K, reserved 1048576K
}
Event: 26.616 GC heap after
{Heap after GC invocations=43 (full 0):
 garbage-first heap   total 240640K, used 103890K [0x0000000080000000, 0x0000000100000000)
  region size 1024K, 14 young (14336K), 14 survivors (14336K)
 Metaspace       used 112692K, committed 113408K, reserved 1179648K
  class space    used 14401K, committed 14720K, reserved 1048576K
}
Event: 29.337 GC heap before
{Heap before GC invocations=43 (full 0):
 garbage-first heap   total 240640K, used 191954K [0x0000000080000000, 0x0000000100000000)
  region size 1024K, 101 young (103424K), 14 survivors (14336K)
 Metaspace       used 124087K, committed 124736K, reserved 1179648K
  class space    used 15903K, committed 16192K, reserved 1048576K
}
Event: 29.352 GC heap after
{Heap after GC invocations=44 (full 0):
 garbage-first heap   total 240640K, used 104316K [0x0000000080000000, 0x0000000100000000)
  region size 1024K, 9 young (9216K), 9 survivors (9216K)
 Metaspace       used 124087K, committed 124736K, reserved 1179648K
  class space    used 15903K, committed 16192K, reserved 1048576K
}
Event: 32.176 GC heap before
{Heap before GC invocations=44 (full 0):
 garbage-first heap   total 240640K, used 196476K [0x0000000080000000, 0x0000000100000000)
  region size 1024K, 97 young (99328K), 9 survivors (9216K)
 Metaspace       used 129313K, committed 129984K, reserved 1179648K
  class space    used 16718K, committed 17024K, reserved 1048576K
}
Event: 32.196 GC heap after
{Heap after GC invocations=45 (full 0):
 garbage-first heap   total 240640K, used 112826K [0x0000000080000000, 0x0000000100000000)
  region size 1024K, 13 young (13312K), 13 survivors (13312K)
 Metaspace       used 129313K, committed 129984K, reserved 1179648K
  class space    used 16718K, committed 17024K, reserved 1048576K
}
Event: 32.788 GC heap before
{Heap before GC invocations=45 (full 0):
 garbage-first heap   total 240640K, used 193722K [0x0000000080000000, 0x0000000100000000)
  region size 1024K, 89 young (91136K), 13 survivors (13312K)
 Metaspace       used 129474K, committed 130176K, reserved 1179648K
  class space    used 16719K, committed 17024K, reserved 1048576K
}
Event: 32.810 GC heap after
{Heap after GC invocations=46 (full 0):
 garbage-first heap   total 240640K, used 126358K [0x0000000080000000, 0x0000000100000000)
  region size 1024K, 12 young (12288K), 12 survivors (12288K)
 Metaspace       used 129474K, committed 130176K, reserved 1179648K
  class space    used 16719K, committed 17024K, reserved 1048576K
}

Dll operation events (3 events):
Event: 0.017 Loaded shared library C:\Program Files\Android\Android Studio\jbr\bin\java.dll
Event: 0.225 Loaded shared library C:\Program Files\Android\Android Studio\jbr\bin\zip.dll
Event: 0.739 Loaded shared library C:\Program Files\Android\Android Studio\jbr\bin\verify.dll

Deoptimization events (20 events):
Event: 31.956 Thread 0x000001a326b66b40 Uncommon trap: trap_request=0xffffff45 fr.pc=0x000001a3119f5884 relative=0x0000000000005724
Event: 31.956 Thread 0x000001a326b66b40 Uncommon trap: reason=unstable_if action=reinterpret pc=0x000001a3119f5884 method=org.jetbrains.kotlin.com.intellij.openapi.vfs.impl.ArchiveHandler.directoryEntry(Ljava/util/Map;Lorg/jetbrains/kotlin/com/intellij/openapi/diagnostic/Logger;Ljava/lang/Strin
Event: 31.956 Thread 0x000001a326b66b40 DEOPT PACKING pc=0x000001a3119f5884 sp=0x0000006ceebf46d0
Event: 31.956 Thread 0x000001a326b66b40 DEOPT UNPACKING pc=0x000001a3113569a3 sp=0x0000006ceebf4600 mode 2
Event: 32.495 Thread 0x000001a326b66b40 Uncommon trap: trap_request=0xffffffc6 fr.pc=0x000001a3119e290c relative=0x000000000000048c
Event: 32.495 Thread 0x000001a326b66b40 Uncommon trap: reason=bimorphic_or_optimized_type_check action=maybe_recompile pc=0x000001a3119e290c method=org.jetbrains.kotlin.com.intellij.openapi.vfs.VirtualFile.findChild(Ljava/lang/String;)Lorg/jetbrains/kotlin/com/intellij/openapi/vfs/VirtualFile; 
Event: 32.495 Thread 0x000001a326b66b40 DEOPT PACKING pc=0x000001a3119e290c sp=0x0000006ceebf4890
Event: 32.495 Thread 0x000001a326b66b40 DEOPT UNPACKING pc=0x000001a3113569a3 sp=0x0000006ceebf4848 mode 2
Event: 32.496 Thread 0x000001a326b66b40 Uncommon trap: trap_request=0xffffffc6 fr.pc=0x000001a3119e290c relative=0x000000000000048c
Event: 32.496 Thread 0x000001a326b66b40 Uncommon trap: reason=bimorphic_or_optimized_type_check action=maybe_recompile pc=0x000001a3119e290c method=org.jetbrains.kotlin.com.intellij.openapi.vfs.VirtualFile.findChild(Ljava/lang/String;)Lorg/jetbrains/kotlin/com/intellij/openapi/vfs/VirtualFile; 
Event: 32.496 Thread 0x000001a326b66b40 DEOPT PACKING pc=0x000001a3119e290c sp=0x0000006ceebf4890
Event: 32.496 Thread 0x000001a326b66b40 DEOPT UNPACKING pc=0x000001a3113569a3 sp=0x0000006ceebf4848 mode 2
Event: 32.497 Thread 0x000001a326b66b40 Uncommon trap: trap_request=0xffffffc6 fr.pc=0x000001a3119e290c relative=0x000000000000048c
Event: 32.497 Thread 0x000001a326b66b40 Uncommon trap: reason=bimorphic_or_optimized_type_check action=maybe_recompile pc=0x000001a3119e290c method=org.jetbrains.kotlin.com.intellij.openapi.vfs.VirtualFile.findChild(Ljava/lang/String;)Lorg/jetbrains/kotlin/com/intellij/openapi/vfs/VirtualFile; 
Event: 32.497 Thread 0x000001a326b66b40 DEOPT PACKING pc=0x000001a3119e290c sp=0x0000006ceebf4890
Event: 32.497 Thread 0x000001a326b66b40 DEOPT UNPACKING pc=0x000001a3113569a3 sp=0x0000006ceebf4848 mode 2
Event: 32.527 Thread 0x000001a326b66b40 Uncommon trap: trap_request=0xffffffc6 fr.pc=0x000001a3119e290c relative=0x000000000000048c
Event: 32.527 Thread 0x000001a326b66b40 Uncommon trap: reason=bimorphic_or_optimized_type_check action=maybe_recompile pc=0x000001a3119e290c method=org.jetbrains.kotlin.com.intellij.openapi.vfs.VirtualFile.findChild(Ljava/lang/String;)Lorg/jetbrains/kotlin/com/intellij/openapi/vfs/VirtualFile; 
Event: 32.527 Thread 0x000001a326b66b40 DEOPT PACKING pc=0x000001a3119e290c sp=0x0000006ceebf4890
Event: 32.527 Thread 0x000001a326b66b40 DEOPT UNPACKING pc=0x000001a3113569a3 sp=0x0000006ceebf4848 mode 2

Classes unloaded (0 events):
No events

Classes redefined (0 events):
No events

Internal exceptions (20 events):
Event: 29.375 Thread 0x000001a326b66b40 Exception <a 'sun/nio/fs/WindowsException'{0x000000008e9198d8}> (0x000000008e9198d8) 
thrown [s\src\hotspot\share\prims\jni.cpp, line 517]
Event: 29.386 Thread 0x000001a326b66b40 Exception <a 'sun/nio/fs/WindowsException'{0x000000008e92dde0}> (0x000000008e92dde0) 
thrown [s\src\hotspot\share\prims\jni.cpp, line 517]
Event: 29.766 Thread 0x000001a326b66b40 Exception <a 'java/lang/ClassNotFoundException'{0x000000008e004b48}: org/gradle/api/internal/project/DefaultProject_DecoratedBeanInfo> (0x000000008e004b48) 
thrown [s\src\hotspot\share\classfile\systemDictionary.cpp, line 256]
Event: 29.767 Thread 0x000001a326b66b40 Exception <a 'java/lang/ClassNotFoundException'{0x000000008e011d90}: org/gradle/api/internal/project/DefaultProjectBeanInfo> (0x000000008e011d90) 
thrown [s\src\hotspot\share\classfile\systemDictionary.cpp, line 256]
Event: 29.768 Thread 0x000001a326b66b40 Exception <a 'java/lang/ClassNotFoundException'{0x000000008e01ea90}: org/gradle/api/internal/project/DefaultProjectCustomizer> (0x000000008e01ea90) 
thrown [s\src\hotspot\share\classfile\systemDictionary.cpp, line 256]
Event: 29.775 Thread 0x000001a326b66b40 Exception <a 'java/lang/ClassNotFoundException'{0x000000008e0c8398}: org/gradle/api/internal/project/DefaultProject_DecoratedCustomizer> (0x000000008e0c8398) 
thrown [s\src\hotspot\share\classfile\systemDictionary.cpp, line 256]
Event: 30.062 Thread 0x000001a326b66b40 Exception <a 'java/lang/NoSuchMethodError'{0x000000008d6290c0}: 'long java.lang.invoke.DirectMethodHandle$Holder.invokeStatic(java.lang.Object, long)'> (0x000000008d6290c0) 
thrown [s\src\hotspot\share\interpreter\linkResolver.cpp, line 771]
Event: 30.340 Thread 0x000001a326b66b40 Exception <a 'java/lang/NoSuchMethodError'{0x000000008cf28c08}: 'int java.lang.invoke.DirectMethodHandle$Holder.invokeStaticInit(java.lang.Object, java.lang.Object, java.lang.Object, java.lang.Object, java.lang.Object)'> (0x000000008cf28c08) 
thrown [s\src\hotspot\share\interpreter\linkResolver.cpp, line 771]
Event: 30.510 Thread 0x000001a326b66b40 Exception <a 'java/lang/NoSuchMethodError'{0x000000008cb6a018}: static Lorg/gradle/api/internal/catalog/DefaultVersionCatalog;.<clinit>()V> (0x000000008cb6a018) 
thrown [s\src\hotspot\share\prims\jni.cpp, line 1108]
Event: 30.519 Thread 0x000001a326b66b40 Exception <a 'java/lang/NoSuchMethodError'{0x000000008cbbb538}: static [Ljava/lang/Object;.<clinit>()V> (0x000000008cbbb538) 
thrown [s\src\hotspot\share\prims\jni.cpp, line 1108]
Event: 30.522 Thread 0x000001a326b66b40 Exception <a 'java/lang/NoSuchMethodError'{0x000000008cbef628}: static Lorg/gradle/api/internal/catalog/DependencyModel;.<clinit>()V> (0x000000008cbef628) 
thrown [s\src\hotspot\share\prims\jni.cpp, line 1108]
Event: 30.523 Thread 0x000001a326b66b40 Exception <a 'java/lang/NoSuchMethodError'{0x000000008cbf3020}: static Lorg/gradle/api/internal/catalog/AbstractContextAwareModel;.<clinit>()V> (0x000000008cbf3020) 
thrown [s\src\hotspot\share\prims\jni.cpp, line 1108]
Event: 30.525 Thread 0x000001a326b66b40 Exception <a 'java/lang/NoSuchMethodError'{0x000000008ca0ce40}: static Lorg/gradle/api/internal/artifacts/dependencies/AbstractVersionConstraint;.<clinit>()V> (0x000000008ca0ce40) 
thrown [s\src\hotspot\share\prims\jni.cpp, line 1108]
Event: 30.540 Thread 0x000001a326b66b40 Exception <a 'java/lang/NoSuchMethodError'{0x000000008cabf3b0}: static Lorg/gradle/api/internal/catalog/PluginModel;.<clinit>()V> (0x000000008cabf3b0) 
thrown [s\src\hotspot\share\prims\jni.cpp, line 1108]
Event: 30.543 Thread 0x000001a326b66b40 Exception <a 'java/lang/NoSuchMethodError'{0x000000008cad6720}: static Lorg/gradle/api/internal/catalog/VersionModel;.<clinit>()V> (0x000000008cad6720) 
thrown [s\src\hotspot\share\prims\jni.cpp, line 1108]
Event: 30.698 Thread 0x000001a326b66b40 Exception <a 'java/lang/NoSuchMethodError'{0x000000008c64ae48}: 'int java.lang.invoke.DirectMethodHandle$Holder.invokeSpecialIFC(java.lang.Object, java.lang.Object, java.lang.Object)'> (0x000000008c64ae48) 
thrown [s\src\hotspot\share\interpreter\linkResolver.cpp, line 771]
Event: 30.836 Thread 0x000001a326b66b40 Exception <a 'java/lang/NoSuchMethodError'{0x000000008c2287d0}: 'java.lang.Object java.lang.invoke.DirectMethodHandle$Holder.invokeSpecial(java.lang.Object, java.lang.Object, java.lang.Object, java.lang.Object, java.lang.Object, long)'> (0x000000008c2287d0) 
thrown [s\src\hotspot\share\interpreter\linkResolver.cpp, line 771]
Event: 30.839 Thread 0x000001a326b66b40 Exception <a 'java/lang/NoSuchMethodError'{0x000000008c24a430}: 'void java.lang.invoke.DirectMethodHandle$Holder.invokeStatic(java.lang.Object, java.lang.Object, java.lang.Object, int, java.lang.Object)'> (0x000000008c24a430) 
thrown [s\src\hotspot\share\interpreter\linkResolver.cpp, line 771]
Event: 31.926 Thread 0x000001a326b66b40 Exception <a 'sun/nio/fs/WindowsException'{0x000000008a8ef5e0}> (0x000000008a8ef5e0) 
thrown [s\src\hotspot\share\prims\jni.cpp, line 517]
Event: 31.927 Thread 0x000001a326b66b40 Exception <a 'sun/nio/fs/WindowsException'{0x000000008a8f1640}> (0x000000008a8f1640) 
thrown [s\src\hotspot\share\prims\jni.cpp, line 517]

VM Operations (20 events):
Event: 29.336 Executing VM operation: G1CollectForAllocation
Event: 29.352 Executing VM operation: G1CollectForAllocation done
Event: 30.061 Executing VM operation: ICBufferFull
Event: 30.061 Executing VM operation: ICBufferFull done
Event: 30.234 Executing VM operation: HandshakeAllThreads
Event: 30.234 Executing VM operation: HandshakeAllThreads done
Event: 30.235 Executing VM operation: HandshakeAllThreads
Event: 30.235 Executing VM operation: HandshakeAllThreads done
Event: 30.513 Executing VM operation: HandshakeAllThreads
Event: 30.514 Executing VM operation: HandshakeAllThreads done
Event: 31.227 Executing VM operation: ICBufferFull
Event: 31.227 Executing VM operation: ICBufferFull done
Event: 31.338 Executing VM operation: HandshakeAllThreads
Event: 31.338 Executing VM operation: HandshakeAllThreads done
Event: 31.808 Executing VM operation: ICBufferFull
Event: 31.808 Executing VM operation: ICBufferFull done
Event: 32.175 Executing VM operation: G1CollectForAllocation
Event: 32.197 Executing VM operation: G1CollectForAllocation done
Event: 32.788 Executing VM operation: G1CollectForAllocation
Event: 32.810 Executing VM operation: G1CollectForAllocation done

Events (20 events):
Event: 30.278 loading class java/util/stream/ReferencePipeline$4$1 done
Event: 30.507 loading class java/io/ObjectOutputStream$BlockDataOutputStream
Event: 30.509 loading class java/io/ObjectOutputStream$BlockDataOutputStream done
Event: 30.509 loading class java/io/ObjectOutputStream$HandleTable
Event: 30.509 loading class java/io/ObjectOutputStream$HandleTable done
Event: 30.509 loading class java/io/ObjectOutputStream$ReplaceTable
Event: 30.509 loading class java/io/ObjectOutputStream$ReplaceTable done
Event: 30.554 loading class sun/reflect/ReflectionFactory
Event: 30.556 loading class sun/reflect/ReflectionFactory done
Event: 30.556 loading class sun/reflect/ReflectionFactory$1
Event: 30.556 loading class sun/reflect/ReflectionFactory$1 done
Event: 30.870 loading class java/util/LinkedList$LLSpliterator
Event: 30.870 loading class java/util/LinkedList$LLSpliterator done
Event: 31.214 loading class java/util/Collections$ReverseComparator
Event: 31.214 loading class java/util/Collections$ReverseComparator done
Event: 31.215 loading class java/util/Collections$ReverseComparator2
Event: 31.215 loading class java/util/Collections$ReverseComparator2 done
Event: 31.415 Thread 0x000001a32a8b8fb0 Thread added: 0x000001a32a8b8fb0
Event: 31.415 Thread 0x000001a32a8b94c0 Thread added: 0x000001a32a8b94c0
Event: 31.415 Thread 0x000001a32a8ba3f0 Thread added: 0x000001a32a8ba3f0


Dynamic libraries:
0x00007ff6e30d0000 - 0x00007ff6e30da000 	C:\Program Files\Android\Android Studio\jbr\bin\java.exe
0x00007ffbb4770000 - 0x00007ffbb4968000 	C:\Windows\SYSTEM32\ntdll.dll
0x00007ffbb3560000 - 0x00007ffbb3621000 	C:\Windows\System32\KERNEL32.DLL
0x00007ffbb1fa0000 - 0x00007ffbb229d000 	C:\Windows\System32\KERNELBASE.dll
0x00007ffbb24d0000 - 0x00007ffbb25d0000 	C:\Windows\System32\ucrtbase.dll
0x00007ffbaa160000 - 0x00007ffbaa177000 	C:\Program Files\Android\Android Studio\jbr\bin\jli.dll
0x00007ffb9b520000 - 0x00007ffb9b53b000 	C:\Program Files\Android\Android Studio\jbr\bin\VCRUNTIME140.dll
0x00007ffbb4590000 - 0x00007ffbb472d000 	C:\Windows\System32\USER32.dll
0x00007ffbb23c0000 - 0x00007ffbb23e2000 	C:\Windows\System32\win32u.dll
0x00007ffbb4430000 - 0x00007ffbb445b000 	C:\Windows\System32\GDI32.dll
0x00007ffb9f770000 - 0x00007ffb9fa0a000 	C:\Windows\WinSxS\amd64_microsoft.windows.common-controls_6595b64144ccf1df_6.0.19041.4355_none_60b8b9eb71f62e16\COMCTL32.dll
0x00007ffbb22a0000 - 0x00007ffbb23b7000 	C:\Windows\System32\gdi32full.dll
0x00007ffbb3710000 - 0x00007ffbb37ae000 	C:\Windows\System32\msvcrt.dll
0x00007ffbb1e70000 - 0x00007ffbb1f0d000 	C:\Windows\System32\msvcp_win.dll
0x00007ffbb2dc0000 - 0x00007ffbb2def000 	C:\Windows\System32\IMM32.DLL
0x00007ffbaa890000 - 0x00007ffbaa89c000 	C:\Program Files\Android\Android Studio\jbr\bin\vcruntime140_1.dll
0x00007ffb86920000 - 0x00007ffb869ad000 	C:\Program Files\Android\Android Studio\jbr\bin\msvcp140.dll
0x00007ffb81580000 - 0x00007ffb82203000 	C:\Program Files\Android\Android Studio\jbr\bin\server\jvm.dll
0x00007ffbb2ad0000 - 0x00007ffbb2b80000 	C:\Windows\System32\ADVAPI32.dll
0x00007ffbb2d20000 - 0x00007ffbb2dc0000 	C:\Windows\System32\sechost.dll
0x00007ffbb4460000 - 0x00007ffbb4583000 	C:\Windows\System32\RPCRT4.dll
0x00007ffbb23f0000 - 0x00007ffbb2417000 	C:\Windows\System32\bcrypt.dll
0x00007ffbb1320000 - 0x00007ffbb136b000 	C:\Windows\SYSTEM32\POWRPROF.dll
0x00007ffbaca20000 - 0x00007ffbaca29000 	C:\Windows\SYSTEM32\WSOCK32.dll
0x00007ffb9d580000 - 0x00007ffb9d5a7000 	C:\Windows\SYSTEM32\WINMM.dll
0x00007ffbb2870000 - 0x00007ffbb28db000 	C:\Windows\System32\WS2_32.dll
0x00007ffba9270000 - 0x00007ffba927a000 	C:\Windows\SYSTEM32\VERSION.dll
0x00007ffbb11e0000 - 0x00007ffbb11f2000 	C:\Windows\SYSTEM32\UMPDC.dll
0x00007ffbb0600000 - 0x00007ffbb0612000 	C:\Windows\SYSTEM32\kernel.appcore.dll
0x00007ffbac930000 - 0x00007ffbac93a000 	C:\Program Files\Android\Android Studio\jbr\bin\jimage.dll
0x00007ffb9c0b0000 - 0x00007ffb9c294000 	C:\Windows\SYSTEM32\DBGHELP.DLL
0x00007ffb9c070000 - 0x00007ffb9c0a4000 	C:\Windows\SYSTEM32\dbgcore.DLL
0x00007ffbb1f10000 - 0x00007ffbb1f92000 	C:\Windows\System32\bcryptPrimitives.dll
0x00007ffbaa220000 - 0x00007ffbaa22e000 	C:\Program Files\Android\Android Studio\jbr\bin\instrument.dll
0x00007ffbac5b0000 - 0x00007ffbac5d5000 	C:\Program Files\Android\Android Studio\jbr\bin\java.dll
0x00007ffbac0a0000 - 0x00007ffbac0b8000 	C:\Program Files\Android\Android Studio\jbr\bin\zip.dll
0x00007ffbb2df0000 - 0x00007ffbb355f000 	C:\Windows\System32\SHELL32.dll
0x00007ffbafe10000 - 0x00007ffbb05b2000 	C:\Windows\SYSTEM32\windows.storage.dll
0x00007ffbb38c0000 - 0x00007ffbb3c13000 	C:\Windows\System32\combase.dll
0x00007ffbb1770000 - 0x00007ffbb179e000 	C:\Windows\SYSTEM32\Wldp.dll
0x00007ffbb27a0000 - 0x00007ffbb286d000 	C:\Windows\System32\OLEAUT32.dll
0x00007ffbb37b0000 - 0x00007ffbb385d000 	C:\Windows\System32\SHCORE.dll
0x00007ffbb2a70000 - 0x00007ffbb2ac5000 	C:\Windows\System32\shlwapi.dll
0x00007ffbb1d50000 - 0x00007ffbb1d74000 	C:\Windows\SYSTEM32\profapi.dll
0x00007ffbabda0000 - 0x00007ffbabdb9000 	C:\Program Files\Android\Android Studio\jbr\bin\net.dll
0x00007ffba94a0000 - 0x00007ffba95ad000 	C:\Windows\SYSTEM32\WINHTTP.dll
0x00007ffbb1550000 - 0x00007ffbb15ba000 	C:\Windows\system32\mswsock.dll
0x00007ffbabcf0000 - 0x00007ffbabd06000 	C:\Program Files\Android\Android Studio\jbr\bin\nio.dll
0x00007ffbaa6f0000 - 0x00007ffbaa700000 	C:\Program Files\Android\Android Studio\jbr\bin\verify.dll
0x00007ffbaa300000 - 0x00007ffbaa327000 	C:\Users\SuperCdat\.gradle\native\c067742578af261105cb4f569cf0c3c89f3d7b1fecec35dd04571415982c5e48\windows-amd64\native-platform.dll
0x00007ffb79890000 - 0x00007ffb799d4000 	C:\Users\SuperCdat\.gradle\native\38dada09dfb8b06ba9b0570ebf7e218e3eb74d4ef43ca46872605cf95ebc2f47\windows-amd64\native-platform-file-events.dll
0x00007ffbac780000 - 0x00007ffbac789000 	C:\Program Files\Android\Android Studio\jbr\bin\management.dll
0x00007ffbabdf0000 - 0x00007ffbabdfb000 	C:\Program Files\Android\Android Studio\jbr\bin\management_ext.dll
0x00007ffbb3cb0000 - 0x00007ffbb3cb8000 	C:\Windows\System32\PSAPI.DLL
0x00007ffbb1b20000 - 0x00007ffbb1b38000 	C:\Windows\SYSTEM32\CRYPTSP.dll
0x00007ffbb0e20000 - 0x00007ffbb0e54000 	C:\Windows\system32\rsaenh.dll
0x00007ffbb1d10000 - 0x00007ffbb1d3e000 	C:\Windows\SYSTEM32\USERENV.dll
0x00007ffbb16e0000 - 0x00007ffbb16ec000 	C:\Windows\SYSTEM32\CRYPTBASE.dll
0x00007ffbb1200000 - 0x00007ffbb123b000 	C:\Windows\SYSTEM32\IPHLPAPI.DLL
0x00007ffbb4420000 - 0x00007ffbb4428000 	C:\Windows\System32\NSI.dll
0x00007ffbab280000 - 0x00007ffbab297000 	C:\Windows\SYSTEM32\dhcpcsvc6.DLL
0x00007ffbaad60000 - 0x00007ffbaad7d000 	C:\Windows\SYSTEM32\dhcpcsvc.DLL
0x00007ffbb1250000 - 0x00007ffbb131a000 	C:\Windows\SYSTEM32\DNSAPI.dll
0x00007ffb947a0000 - 0x00007ffb947a7000 	C:\Windows\system32\wshunix.dll

dbghelp: loaded successfully - version: 4.0.5 - missing functions: none
symbol engine: initialized successfully - sym options: 0x614 - pdb path: .;C:\Program Files\Android\Android Studio\jbr\bin;C:\Windows\SYSTEM32;C:\Windows\WinSxS\amd64_microsoft.windows.common-controls_6595b64144ccf1df_6.0.19041.4355_none_60b8b9eb71f62e16;C:\Program Files\Android\Android Studio\jbr\bin\server;C:\Users\SuperCdat\.gradle\native\c067742578af261105cb4f569cf0c3c89f3d7b1fecec35dd04571415982c5e48\windows-amd64;C:\Users\SuperCdat\.gradle\native\38dada09dfb8b06ba9b0570ebf7e218e3eb74d4ef43ca46872605cf95ebc2f47\windows-amd64

VM Arguments:
jvm_args: --add-opens=java.base/java.util=ALL-UNNAMED --add-opens=java.base/java.lang=ALL-UNNAMED --add-opens=java.base/java.lang.invoke=ALL-UNNAMED --add-opens=java.prefs/java.util.prefs=ALL-UNNAMED --add-opens=java.base/java.nio.charset=ALL-UNNAMED --add-opens=java.base/java.net=ALL-UNNAMED --add-opens=java.base/java.util.concurrent.atomic=ALL-UNNAMED -Xmx2048m -Dfile.encoding=UTF-8 -Duser.country=VN -Duser.language=vi -Duser.variant -javaagent:C:\Users\SuperCdat\.gradle\wrapper\dists\gradle-8.4-bin\1w5dpkrfk8irigvoxmyhowfim\gradle-8.4\lib\agents\gradle-instrumentation-agent-8.4.jar 
java_command: org.gradle.launcher.daemon.bootstrap.GradleDaemon 8.4
java_class_path (initial): C:\Users\SuperCdat\.gradle\wrapper\dists\gradle-8.4-bin\1w5dpkrfk8irigvoxmyhowfim\gradle-8.4\lib\gradle-launcher-8.4.jar
Launcher Type: SUN_STANDARD

[Global flags]
     intx CICompilerCount                          = 3                                         {product} {ergonomic}
     uint ConcGCThreads                            = 1                                         {product} {ergonomic}
     uint G1ConcRefinementThreads                  = 4                                         {product} {ergonomic}
   size_t G1HeapRegionSize                         = 1048576                                   {product} {ergonomic}
    uintx GCDrainStackTargetSize                   = 64                                        {product} {ergonomic}
   size_t InitialHeapSize                          = 100663296                                 {product} {ergonomic}
   size_t MarkStackSize                            = 4194304                                   {product} {ergonomic}
   size_t MaxHeapSize                              = 2147483648                                {product} {command line}
   size_t MaxNewSize                               = 1287651328                                {product} {ergonomic}
   size_t MinHeapDeltaBytes                        = 1048576                                   {product} {ergonomic}
   size_t MinHeapSize                              = 8388608                                   {product} {ergonomic}
    uintx NonNMethodCodeHeapSize                   = 5832780                                {pd product} {ergonomic}
    uintx NonProfiledCodeHeapSize                  = 122912730                              {pd product} {ergonomic}
    uintx ProfiledCodeHeapSize                     = 122912730                              {pd product} {ergonomic}
    uintx ReservedCodeCacheSize                    = 251658240                              {pd product} {ergonomic}
     bool SegmentedCodeCache                       = true                                      {product} {ergonomic}
   size_t SoftMaxHeapSize                          = 2147483648                             {manageable} {ergonomic}
     bool UseCompressedClassPointers               = true                           {product lp64_product} {ergonomic}
     bool UseCompressedOops                        = true                           {product lp64_product} {ergonomic}
     bool UseG1GC                                  = true                                      {product} {ergonomic}
     bool UseLargePagesIndividualAllocation        = false                                  {pd product} {ergonomic}

Logging:
Log output configuration:
 #0: stdout all=warning uptime,level,tags
 #1: stderr all=off uptime,level,tags

Environment Variables:
PATH=C:\Program Files\Common Files\Oracle\Java\javapath;C:\Windows\system32;C:\Windows;C:\Windows\System32\Wbem;C:\Windows\System32\WindowsPowerShell\v1.0\;C:\Windows\System32\OpenSSH\;C:\Program Files\dotnet\;C:\Program Files\WingetUI\choco-cli\bin;C:\Users\SuperCdat\AppData\Local\Programs\Python\Python312\Scripts\;C:\Users\SuperCdat\AppData\Local\Programs\Python\Python312\;C:\Users\SuperCdat\AppData\Local\Microsoft\WindowsApps;C:\Users\SuperCdat\AppData\Local\Programs\Microsoft VS Code\bin;C:\Users\SuperCdat\AppData\Local\Programs\oh-my-posh\bin;C:\Users\SuperCdat\.dotnet\tools;D:\RING 3A\WorkSpace\tcc;D:\RING 3A\WorkSpace\dmc\bin;
USERNAME=SuperCdat
OS=Windows_NT
PROCESSOR_IDENTIFIER=Intel64 Family 6 Model 60 Stepping 3, GenuineIntel
TMP=C:\Users\SUPERC~1\AppData\Local\Temp
TEMP=C:\Users\SUPERC~1\AppData\Local\Temp



Periodic native trim disabled

JNI global refs:
JNI global refs: 27, weak refs: 22

JNI global refs memory usage: 843, weak refs: 841

OOME stack traces (most recent first):
Classloader memory used:
Loader org.gradle.internal.classloader.VisitableURLClassLoader                         : 11249K
Loader bootstrap                                                                       : 2577K
Loader org.gradle.initialization.MixInLegacyTypesClassLoader                           : 1062K
Loader jdk.internal.loader.ClassLoaders$AppClassLoader                                 : 967K
Loader org.gradle.internal.classloader.VisitableURLClassLoader$InstrumentingVisitableURLClassLoader: 100989B
Loader jdk.internal.loader.ClassLoaders$PlatformClassLoader                            : 91363B
Loader org.gradle.internal.classloader.VisitableURLClassLoader                         : 83182B
Loader jdk.internal.jrtfs.JrtFileSystemProvider$JrtFsLoader                            : 42378B
Loader jdk.internal.reflect.DelegatingClassLoader                                      : 35726B
Loader org.gradle.groovy.scripts.internal.DefaultScriptCompilationHandler$ScriptClassLoader: 10833B
Loader org.codehaus.groovy.runtime.callsite.CallSiteClassLoader                        : 6362B

Classes loaded by more than one classloader:
Class org.gradle.internal.Cast                                                        : loaded 3 times (x 69B)
Class Program                                                                         : loaded 3 times (x 70B)
Class org.gradle.api.GradleException                                                  : loaded 3 times (x 80B)
Class org.gradle.internal.classpath.ClassPath                                         : loaded 2 times (x 68B)
Class org.gradle.api.internal.classpath.DefaultModuleRegistry                         : loaded 2 times (x 84B)
Class org.gradle.internal.exceptions.NonGradleCauseExceptionsHolder                   : loaded 2 times (x 68B)
Class Settings_gradle$1$1                                                             : loaded 2 times (x 72B)
Class com.intellij.openapi.externalSystem.model.ExternalSystemException               : loaded 2 times (x 84B)
Class jdk.internal.jimage.BasicImageReader$1                                          : loaded 2 times (x 75B)
Class org.gradle.api.Action                                                           : loaded 2 times (x 68B)
Class org.jetbrains.kotlin.idea.gradleTooling.model.samWithReceiver.SamWithReceiverModel: loaded 2 times (x 68B)
Class org.jetbrains.plugins.gradle.model.ExternalProject                              : loaded 2 times (x 68B)
Class org.jetbrains.plugins.gradle.model.IntelliJSettings                             : loaded 2 times (x 68B)
Class jdk.internal.jimage.ImageBufferCache$1                                          : loaded 2 times (x 78B)
Class jdk.internal.jimage.ImageBufferCache$2                                          : loaded 2 times (x 89B)
Class org.jetbrains.kotlin.idea.gradleTooling.KotlinMPPGradleModel                    : loaded 2 times (x 68B)
Class org.gradle.api.internal.DefaultClassPathProvider                                : loaded 2 times (x 74B)
Class org.gradle.internal.installation.GradleInstallation$1                           : loaded 2 times (x 73B)
Class jdk.internal.jrtfs.SystemImage$1                                                : loaded 2 times (x 76B)
Class jdk.internal.jrtfs.SystemImage$2                                                : loaded 2 times (x 74B)
Class org.gradle.internal.exceptions.DefaultMultiCauseException                       : loaded 2 times (x 89B)
Class org.gradle.tooling.model.UnsupportedMethodException                             : loaded 2 times (x 80B)
Class org.gradle.internal.time.MonotonicClock                                         : loaded 2 times (x 75B)
Class org.gradle.internal.classloader.FilteringClassLoader                            : loaded 2 times (x 103B)
Class jdk.internal.jimage.ImageReader$Resource                                        : loaded 2 times (x 82B)
Class jdk.internal.jrtfs.SystemImage                                                  : loaded 2 times (x 72B)
Class org.gradle.tooling.model.Model                                                  : loaded 2 times (x 68B)
Class org.gradle.internal.classpath.DefaultClassPath$ImmutableUniqueList$Builder      : loaded 2 times (x 73B)
Class org.jetbrains.kotlin.idea.gradleTooling.KotlinSourceSetContainer                : loaded 2 times (x 68B)
Class jdk.internal.jrtfs.JrtDirectoryStream$1                                         : loaded 2 times (x 81B)
Class org.gradle.internal.classloader.ClassLoaderVisitor                              : loaded 2 times (x 74B)
Class org.gradle.internal.time.DefaultCountdownTimer                                  : loaded 2 times (x 86B)
Class org.gradle.internal.service.DefaultServiceLocator                               : loaded 2 times (x 81B)
Class org.gradle.internal.service.UnknownServiceException                             : loaded 2 times (x 81B)
Class org.jetbrains.plugins.gradle.model.DependencyAccessorsModel                     : loaded 2 times (x 68B)
Class sync_studio_tooling2_35d51jq223i179whc9576upqw                                  : loaded 2 times (x 177B)
Class org.gradle.internal.classloader.DefaultClassLoaderFactory                       : loaded 2 times (x 80B)
Class jdk.internal.jimage.ImageReader$SharedImageReader                               : loaded 2 times (x 93B)
Class org.jetbrains.plugins.gradle.model.GradleExtensions                             : loaded 2 times (x 68B)
Class jdk.internal.jimage.decompressor.ZipDecompressorFactory                         : loaded 2 times (x 72B)
Class org.jetbrains.plugins.gradle.model.VersionCatalogsModel                         : loaded 2 times (x 68B)
Class org.gradle.internal.classloader.VisitableURLClassLoader$Spec                    : loaded 2 times (x 72B)
Class org.gradle.tooling.model.ProjectModel                                           : loaded 2 times (x 68B)
Class ijInit1_9qtxgui1bgjvywsya59acoj5p                                               : loaded 2 times (x 177B)
Class org.jetbrains.plugins.gradle.model.MavenRepositoryModel                         : loaded 2 times (x 68B)
Class org.gradle.util.GradleVersion                                                   : loaded 2 times (x 81B)
Class org.gradle.api.internal.classpath.ModuleRegistry                                : loaded 2 times (x 68B)
Class org.jetbrains.plugins.gradle.model.RepositoriesModel                            : loaded 2 times (x 68B)
Class kotlin.jvm.internal.markers.KMappedMarker                                       : loaded 2 times (x 68B)
Class org.gradle.api.internal.ClassPathProvider                                       : loaded 2 times (x 68B)
Class org.gradle.internal.classloader.ClasspathUtil$1                                 : loaded 2 times (x 74B)
Class org.gradle.internal.classloader.ClassLoaderFactory                              : loaded 2 times (x 68B)
Class jdk.internal.jimage.ImageHeader                                                 : loaded 2 times (x 69B)
Class org.gradle.api.internal.classpath.ManifestUtil                                  : loaded 2 times (x 69B)
Class org.gradle.api.specs.Spec                                                       : loaded 2 times (x 68B)
Class org.gradle.tooling.internal.gradle.GradleBuildIdentity                          : loaded 2 times (x 68B)
Class org.gradle.internal.IoActions                                                   : loaded 2 times (x 69B)
Class jdk.internal.jimage.decompressor.StringSharingDecompressorFactory               : loaded 2 times (x 72B)
Class org.gradle.api.internal.classpath.EffectiveClassPath                            : loaded 2 times (x 88B)
Class kotlin.jvm.internal.DefaultConstructorMarker                                    : loaded 2 times (x 69B)
Class jdk.internal.jimage.ImageReader$LinkNode                                        : loaded 2 times (x 82B)
Class org.jetbrains.kotlin.idea.gradleTooling.model.annotation.AnnotationBasedPluginModel: loaded 2 times (x 68B)
Class org.jetbrains.kotlin.idea.gradleTooling.model.assignment.AssignmentModel        : loaded 2 times (x 68B)
Class org.gradle.internal.installation.CurrentGradleInstallation                      : loaded 2 times (x 71B)
Class org.gradle.internal.agents.InstrumentingClassLoader                             : loaded 2 times (x 68B)
Class org.gradle.internal.installation.CurrentGradleInstallationLocator               : loaded 2 times (x 69B)
Class org.gradle.api.internal.classpath.Module                                        : loaded 2 times (x 68B)
Class org.gradle.internal.service.CachingServiceLocator                               : loaded 2 times (x 80B)
Class org.gradle.internal.time.Timer                                                  : loaded 2 times (x 68B)
Class org.jetbrains.plugins.gradle.model.tests.ExternalTestsModel                     : loaded 2 times (x 68B)
Class org.jetbrains.kotlin.idea.gradleTooling.KotlinDslScriptAdditionalTask           : loaded 2 times (x 68B)
Class org.gradle.internal.classpath.DefaultClassPath                                  : loaded 2 times (x 88B)
Class jdk.internal.jimage.BasicImageReader                                            : loaded 2 times (x 93B)
Class com.intellij.openapi.externalSystem.model.project.dependencies.ProjectDependencies: loaded 2 times (x 68B)
Class org.jetbrains.kotlin.idea.gradleTooling.PrepareKotlinIdeImportTaskModel         : loaded 2 times (x 68B)
Class jdk.internal.jimage.ImageLocation                                               : loaded 2 times (x 88B)
Class org.gradle.internal.impldep.com.google.common.base.Preconditions                : loaded 2 times (x 69B)
Class kotlin.jvm.functions.Function1                                                  : loaded 2 times (x 68B)
Class jdk.internal.jimage.ImageReader$Node                                            : loaded 2 times (x 82B)
Class org.gradle.internal.time.Time                                                   : loaded 2 times (x 69B)
Class jdk.internal.jimage.decompressor.CompressedResourceHeader                       : loaded 2 times (x 69B)
Class org.gradle.internal.time.TimeSource$1                                           : loaded 2 times (x 75B)
Class jdk.internal.jrtfs.JrtPath                                                      : loaded 2 times (x 116B)
Class jdk.internal.jimage.ImageStrings                                                : loaded 2 times (x 68B)
Class jdk.internal.jrtfs.JrtFileAttributes                                            : loaded 2 times (x 81B)
Class org.gradle.internal.classloader.SystemClassLoaderSpec                           : loaded 2 times (x 69B)
Class jdk.internal.jimage.decompressor.ResourceDecompressorRepository                 : loaded 2 times (x 69B)
Class kotlin.Function                                                                 : loaded 2 times (x 68B)
Class org.gradle.api.UncheckedIOException                                             : loaded 2 times (x 80B)
Class jdk.internal.jimage.decompressor.ResourceDecompressor$StringsProvider           : loaded 2 times (x 68B)
Class org.gradle.tooling.internal.gradle.DefaultProjectIdentifier                     : loaded 2 times (x 84B)
Class jdk.internal.jimage.decompressor.Decompressor                                   : loaded 2 times (x 70B)
Class jdk.internal.jrtfs.JrtFileSystem                                                : loaded 2 times (x 100B)
Class org.gradle.tooling.internal.gradle.GradleProjectIdentity                        : loaded 2 times (x 68B)
Class jdk.internal.jrtfs.JrtFileSystemProvider                                        : loaded 2 times (x 97B)
Class org.gradle.internal.time.CountdownTimer                                         : loaded 2 times (x 68B)
Class org.gradle.internal.time.Clock                                                  : loaded 2 times (x 68B)
Class org.gradle.internal.classloader.ClasspathUtil                                   : loaded 2 times (x 69B)
Class sync_studio_tooling2_35d51jq223i179whc9576upqw$_run_closure1                    : loaded 2 times (x 137B)
Class jdk.internal.jrtfs.JrtDirectoryStream                                           : loaded 2 times (x 87B)
Class org.gradle.tooling.model.BuildIdentifier                                        : loaded 2 times (x 68B)
Class jdk.internal.jimage.decompressor.ResourceDecompressor                           : loaded 2 times (x 68B)
Class org.gradle.api.internal.DefaultClassPathRegistry                                : loaded 2 times (x 74B)
Class org.gradle.api.internal.classpath.DefaultModuleRegistry$DefaultModule           : loaded 2 times (x 84B)
Class org.gradle.internal.time.TimeSource                                             : loaded 2 times (x 68B)
Class org.jetbrains.kotlin.android.synthetic.idea.AndroidExtensionsGradleModel        : loaded 2 times (x 68B)
Class org.gradle.api.internal.classpath.UnknownModuleException                        : loaded 2 times (x 80B)
Class org.jetbrains.plugins.gradle.model.IntelliJProjectSettings                      : loaded 2 times (x 68B)
Class org.gradle.internal.service.ServiceLookupException                              : loaded 2 times (x 80B)
Class jdk.internal.jimage.ImageStringsReader                                          : loaded 2 times (x 78B)
Class org.gradle.cache.GlobalCache                                                    : loaded 2 times (x 68B)
Class jdk.internal.jimage.decompressor.ResourceDecompressorFactory                    : loaded 2 times (x 72B)
Class org.jetbrains.kotlin.idea.gradleTooling.model.lombok.LombokModel                : loaded 2 times (x 68B)
Class org.gradle.tooling.model.ProjectIdentifier                                      : loaded 2 times (x 68B)
Class [Lorg.gradle.api.internal.ClassPathProvider;                                    : loaded 2 times (x 67B)
Class jdk.internal.jimage.ImageReader$SharedImageReader$LocationVisitor               : loaded 2 times (x 68B)
Class org.gradle.internal.operations.MultipleBuildOperationFailures                   : loaded 2 times (x 89B)
Class org.gradle.util.internal.GUtil                                                  : loaded 2 times (x 69B)
Class jdk.internal.jimage.decompressor.ZipDecompressor                                : loaded 2 times (x 73B)
Class org.jetbrains.plugins.gradle.model.AnnotationProcessingModel                    : loaded 2 times (x 68B)
Class org.gradle.internal.classloader.ClassLoaderSpec                                 : loaded 2 times (x 69B)
Class org.jetbrains.plugins.gradle.model.BuildScriptClasspathModel                    : loaded 2 times (x 68B)
Class org.gradle.internal.classloader.VisitableURLClassLoader                         : loaded 2 times (x 115B)
Class org.gradle.internal.installation.GradleInstallation                             : loaded 2 times (x 73B)
Class org.gradle.api.internal.ClassPathRegistry                                       : loaded 2 times (x 68B)
Class org.gradle.internal.classloader.VisitableURLClassLoader$InstrumentingVisitableURLClassLoader: loaded 2 times (x 121B)
Class org.gradle.internal.classloader.ClassLoaderHierarchy                            : loaded 2 times (x 68B)
Class org.gradle.internal.exceptions.MultiCauseException                              : loaded 2 times (x 68B)
Class jdk.internal.jimage.ImageReader                                                 : loaded 2 times (x 73B)
Class org.jetbrains.kotlin.idea.gradleTooling.model.parcelize.ParcelizeGradleModel    : loaded 2 times (x 68B)
Class org.gradle.internal.InternalTransformer                                         : loaded 2 times (x 68B)
Class org.jetbrains.kotlin.idea.gradleTooling.model.noarg.NoArgModel                  : loaded 2 times (x 68B)
Class org.jetbrains.kotlin.idea.gradleTooling.KotlinGradleModel                       : loaded 2 times (x 68B)
Class org.gradle.tooling.internal.gradle.DefaultBuildIdentifier                       : loaded 2 times (x 77B)
Class org.gradle.internal.service.ServiceLocator                                      : loaded 2 times (x 68B)
Class Settings_gradle$1                                                               : loaded 2 times (x 72B)
Class org.jetbrains.kotlin.idea.gradleTooling.model.allopen.AllOpenModel              : loaded 2 times (x 68B)
Class org.gradle.internal.classpath.DefaultClassPath$ImmutableUniqueList              : loaded 2 times (x 159B)
Class jdk.internal.jimage.ImageBufferCache                                            : loaded 2 times (x 69B)
Class org.gradle.internal.time.DefaultTimer                                           : loaded 2 times (x 78B)
Class org.gradle.internal.classpath.TransformedClassPath                              : loaded 2 times (x 94B)
Class Settings_gradle                                                                 : loaded 2 times (x 126B)
Class jdk.internal.jimage.ImageReader$Directory                                       : loaded 2 times (x 82B)


---------------  S Y S T E M  ---------------

OS:
 Windows 10 , 64 bit Build 19041 (10.0.19041.4842)
OS uptime: 1 days 2:59 hours
Hyper-V role detected

CPU: total 4 (initial active 4) (2 cores per cpu, 2 threads per core) family 6 model 60 stepping 3 microcode 0x27, cx8, cmov, fxsr, ht, mmx, sse, sse2, sse3, ssse3, sse4.1, sse4.2, popcnt, lzcnt, tsc, tscinvbit, avx, avx2, aes, erms, clmul, bmi1, bmi2, fma, vzeroupper, clflush, hv
Processor Information for all 4 processors :
  Max Mhz: 2901, Current Mhz: 2901, Mhz Limit: 2901

Memory: 4k page, system-wide physical 6049M (309M free)
TotalPageFile size 8097M (AvailPageFile size 3M)
current process WorkingSet (physical memory assigned to process): 487M, peak: 487M
current process commit charge ("private bytes"): 554M, peak: 555M

vm_info: OpenJDK 64-Bit Server VM (17.0.9+0--11185874) for windows-amd64 JRE (17.0.9+0--11185874), built on Dec  6 2023 18:57:44 by "androidbuild" with MS VC++ 16.10 / 16.11 (VS2019)

END.
