#
# There is insufficient memory for the Java Runtime Environment to continue.
# Native memory allocation (mmap) failed to map 155189248 bytes for G1 virtual space
# Possible reasons:
#   The system is out of physical RAM or swap space
#   The process is running with CompressedOops enabled, and the Java Heap may be blocking the growth of the native heap
# Possible solutions:
#   Reduce memory load on the system
#   Increase physical memory or swap space
#   Check if swap backing store is full
#   Decrease Java heap size (-Xmx/-Xms)
#   Decrease number of Java threads
#   Decrease Java thread stack sizes (-Xss)
#   Set larger code cache with -XX:ReservedCodeCacheSize=
#   JVM is running with Unscaled Compressed Oops mode in which the Java heap is
#     placed in the first 4GB address space. The Java Heap base address is the
#     maximum limit for the native heap growth. Please use -XX:HeapBaseMinAddress
#     to set the Java Heap base and to place the Java Heap above 4GB virtual address.
# This output file may be truncated or incomplete.
#
#  Out of Memory Error (os_windows.cpp:3825), pid=10656, tid=8176
#
# JRE version: OpenJDK Runtime Environment (17.0.9) (build 17.0.9+0--11185874)
# Java VM: OpenJDK 64-Bit Server VM (17.0.9+0--11185874, mixed mode, tiered, compressed oops, compressed class ptrs, g1 gc, windows-amd64)
# No core dump will be written. Minidumps are not enabled by default on client versions of Windows
#

---------------  S U M M A R Y ------------

Command Line: --add-opens=java.base/java.util=ALL-UNNAMED --add-opens=java.base/java.lang=ALL-UNNAMED --add-opens=java.base/java.lang.invoke=ALL-UNNAMED --add-opens=java.prefs/java.util.prefs=ALL-UNNAMED --add-opens=java.base/java.nio.charset=ALL-UNNAMED --add-opens=java.base/java.net=ALL-UNNAMED --add-opens=java.base/java.util.concurrent.atomic=ALL-UNNAMED -Xmx2048m -Dfile.encoding=UTF-8 -Duser.country=VN -Duser.language=vi -Duser.variant -javaagent:C:\Users\SuperCdat\.gradle\wrapper\dists\gradle-8.4-bin\1w5dpkrfk8irigvoxmyhowfim\gradle-8.4\lib\agents\gradle-instrumentation-agent-8.4.jar org.gradle.launcher.daemon.bootstrap.GradleDaemon 8.4

Host: Intel(R) Core(TM) i7-4600M CPU @ 2.90GHz, 4 cores, 5G,  Windows 10 , 64 bit Build 19041 (10.0.19041.5072)
Time: Fri Nov  1 00:09:48 2024 SE Asia Standard Time elapsed time: 10.108618 seconds (0d 0h 0m 10s)

---------------  T H R E A D  ---------------

Current thread (0x000001e57e7aab20):  VMThread "VM Thread" [stack: 0x0000007ec2700000,0x0000007ec2800000] [id=8176]

Stack: [0x0000007ec2700000,0x0000007ec2800000]
Native frames: (J=compiled Java code, j=interpreted, Vv=VM code, C=native code)
V  [jvm.dll+0x6886e9]
V  [jvm.dll+0x841e4a]
V  [jvm.dll+0x843a8e]
V  [jvm.dll+0x8440f3]
V  [jvm.dll+0x24c14f]
V  [jvm.dll+0x685499]
V  [jvm.dll+0x679c2a]
V  [jvm.dll+0x30cf9b]
V  [jvm.dll+0x314446]
V  [jvm.dll+0x36425e]
V  [jvm.dll+0x36448f]
V  [jvm.dll+0x2e2d68]
V  [jvm.dll+0x2e0f44]
V  [jvm.dll+0x2e054c]
V  [jvm.dll+0x325721]
V  [jvm.dll+0x8487eb]
V  [jvm.dll+0x849531]
V  [jvm.dll+0x849a4d]
V  [jvm.dll+0x849e24]
V  [jvm.dll+0x849ef0]
V  [jvm.dll+0x7f06aa]
V  [jvm.dll+0x687565]
C  [ucrtbase.dll+0x21bb2]
C  [KERNEL32.DLL+0x17374]
C  [ntdll.dll+0x4cc91]

VM_Operation (0x0000007ec3ef0d00): G1TryInitiateConcMark, mode: safepoint, requested by thread 0x000001e50a590ca0


---------------  P R O C E S S  ---------------

Threads class SMR info:
_java_thread_list=0x000001e50d2c3300, length=44, elements={
0x000001e56b1de050, 0x000001e57e7adef0, 0x000001e57e7af420, 0x000001e57e7e93c0,
0x000001e57e7ebca0, 0x000001e57e7ecd10, 0x000001e57e7edd80, 0x000001e57ea2d4f0,
0x000001e57ea382f0, 0x000001e57ea43b80, 0x000001e57eb7e210, 0x000001e57ecd8540,
0x000001e50b9ab1d0, 0x000001e50b8d6f30, 0x000001e57f5fdc80, 0x000001e50ac4f980,
0x000001e50a6f8e80, 0x000001e50a58df10, 0x000001e50a590ca0, 0x000001e50a58f350,
0x000001e50a58f860, 0x000001e50a5911b0, 0x000001e50a5c51b0, 0x000001e50a58fd70,
0x000001e50a590790, 0x000001e50a590280, 0x000001e50a58e420, 0x000001e50a58e930,
0x000001e50a58ee40, 0x000001e50b14adf0, 0x000001e50b149ec0, 0x000001e50b14efc0,
0x000001e50b14d160, 0x000001e50b148f90, 0x000001e50b14b300, 0x000001e50b1499b0,
0x000001e50b14cc50, 0x000001e50b14a8e0, 0x000001e50b14db80, 0x000001e50b14f4d0,
0x000001e50b14b810, 0x000001e50b14bd20, 0x000001e50b14eab0, 0x000001e50b1494a0
}

Java Threads: ( => current thread )
  0x000001e56b1de050 JavaThread "main" [_thread_blocked, id=3176, stack(0x0000007ec2100000,0x0000007ec2200000)]
  0x000001e57e7adef0 JavaThread "Reference Handler" daemon [_thread_blocked, id=2732, stack(0x0000007ec2800000,0x0000007ec2900000)]
  0x000001e57e7af420 JavaThread "Finalizer" daemon [_thread_blocked, id=9808, stack(0x0000007ec2900000,0x0000007ec2a00000)]
  0x000001e57e7e93c0 JavaThread "Signal Dispatcher" daemon [_thread_blocked, id=4388, stack(0x0000007ec2a00000,0x0000007ec2b00000)]
  0x000001e57e7ebca0 JavaThread "Attach Listener" daemon [_thread_blocked, id=1880, stack(0x0000007ec2b00000,0x0000007ec2c00000)]
  0x000001e57e7ecd10 JavaThread "Service Thread" daemon [_thread_blocked, id=7900, stack(0x0000007ec2c00000,0x0000007ec2d00000)]
  0x000001e57e7edd80 JavaThread "Monitor Deflation Thread" daemon [_thread_blocked, id=6132, stack(0x0000007ec2d00000,0x0000007ec2e00000)]
  0x000001e57ea2d4f0 JavaThread "C2 CompilerThread0" daemon [_thread_blocked, id=616, stack(0x0000007ec2e00000,0x0000007ec2f00000)]
  0x000001e57ea382f0 JavaThread "C1 CompilerThread0" daemon [_thread_blocked, id=11248, stack(0x0000007ec2f00000,0x0000007ec3000000)]
  0x000001e57ea43b80 JavaThread "Sweeper thread" daemon [_thread_blocked, id=7460, stack(0x0000007ec3000000,0x0000007ec3100000)]
  0x000001e57eb7e210 JavaThread "Common-Cleaner" daemon [_thread_blocked, id=11232, stack(0x0000007ec3100000,0x0000007ec3200000)]
  0x000001e57ecd8540 JavaThread "Notification Thread" daemon [_thread_blocked, id=9448, stack(0x0000007ec3200000,0x0000007ec3300000)]
  0x000001e50b9ab1d0 JavaThread "Daemon health stats" [_thread_blocked, id=4200, stack(0x0000007ec3800000,0x0000007ec3900000)]
  0x000001e50b8d6f30 JavaThread "Incoming local TCP Connector on port 52190" [_thread_in_native, id=4384, stack(0x0000007ec3900000,0x0000007ec3a00000)]
  0x000001e57f5fdc80 JavaThread "Daemon periodic checks" [_thread_blocked, id=8664, stack(0x0000007ec3a00000,0x0000007ec3b00000)]
  0x000001e50ac4f980 JavaThread "Daemon" [_thread_blocked, id=6412, stack(0x0000007ec3b00000,0x0000007ec3c00000)]
  0x000001e50a6f8e80 JavaThread "Handler for socket connection from /127.0.0.1:52190 to /127.0.0.1:52191" [_thread_in_native, id=9028, stack(0x0000007ec3c00000,0x0000007ec3d00000)]
  0x000001e50a58df10 JavaThread "Cancel handler" [_thread_blocked, id=10920, stack(0x0000007ec3d00000,0x0000007ec3e00000)]
  0x000001e50a590ca0 JavaThread "Daemon worker" [_thread_blocked, id=10868, stack(0x0000007ec3e00000,0x0000007ec3f00000)]
  0x000001e50a58f350 JavaThread "Asynchronous log dispatcher for DefaultDaemonConnection: socket connection from /127.0.0.1:52190 to /127.0.0.1:52191" [_thread_blocked, id=10004, stack(0x0000007ec3f00000,0x0000007ec4000000)]
  0x000001e50a58f860 JavaThread "Stdin handler" [_thread_blocked, id=5340, stack(0x0000007ec4000000,0x0000007ec4100000)]
  0x000001e50a5911b0 JavaThread "Daemon client event forwarder" [_thread_blocked, id=6992, stack(0x0000007ec4100000,0x0000007ec4200000)]
  0x000001e50a5c51b0 JavaThread "C2 CompilerThread1" daemon [_thread_blocked, id=10616, stack(0x0000007ec3400000,0x0000007ec3500000)]
  0x000001e50a58fd70 JavaThread "Cache worker for journal cache (C:\Users\SuperCdat\.gradle\caches\journal-1)" [_thread_blocked, id=8912, stack(0x0000007ec4200000,0x0000007ec4300000)]
  0x000001e50a590790 JavaThread "File lock request listener" [_thread_in_native, id=9776, stack(0x0000007ec4300000,0x0000007ec4400000)]
  0x000001e50a590280 JavaThread "Cache worker for file hash cache (C:\Users\SuperCdat\.gradle\caches\8.4\fileHashes)" [_thread_blocked, id=5008, stack(0x0000007ec4400000,0x0000007ec4500000)]
  0x000001e50a58e420 JavaThread "File watcher server" daemon [_thread_blocked, id=4296, stack(0x0000007ec4500000,0x0000007ec4600000)]
  0x000001e50a58e930 JavaThread "File watcher consumer" daemon [_thread_blocked, id=7904, stack(0x0000007ec4600000,0x0000007ec4700000)]
  0x000001e50a58ee40 JavaThread "jar transforms" [_thread_blocked, id=1796, stack(0x0000007ec4700000,0x0000007ec4800000)]
  0x000001e50b14adf0 JavaThread "jar transforms Thread 2" [_thread_blocked, id=8240, stack(0x0000007ec4800000,0x0000007ec4900000)]
  0x000001e50b149ec0 JavaThread "jar transforms Thread 3" [_thread_blocked, id=11068, stack(0x0000007ec4900000,0x0000007ec4a00000)]
  0x000001e50b14efc0 JavaThread "jar transforms Thread 4" [_thread_blocked, id=8140, stack(0x0000007ec4a00000,0x0000007ec4b00000)]
  0x000001e50b14d160 JavaThread "Cache worker for checksums cache (C:\Users\SuperCdat\AndroidStudioProjects\GFFSJAVA\.gradle\8.4\checksums)" [_thread_blocked, id=9576, stack(0x0000007ec4b00000,0x0000007ec4c00000)]
  0x000001e50b148f90 JavaThread "Cache worker for file hash cache (C:\Users\SuperCdat\AndroidStudioProjects\GFFSJAVA\.gradle\8.4\fileHashes)" [_thread_blocked, id=8952, stack(0x0000007ec4c00000,0x0000007ec4d00000)]
  0x000001e50b14b300 JavaThread "Cache worker for cache directory md-supplier (C:\Users\SuperCdat\.gradle\caches\8.4\md-supplier)" [_thread_blocked, id=7932, stack(0x0000007ec4d00000,0x0000007ec4e00000)]
  0x000001e50b1499b0 JavaThread "Cache worker for file content cache (C:\Users\SuperCdat\.gradle\caches\8.4\fileContent)" [_thread_blocked, id=1908, stack(0x0000007ec4e00000,0x0000007ec4f00000)]
  0x000001e50b14cc50 JavaThread "Cache worker for cache directory md-rule (C:\Users\SuperCdat\.gradle\caches\8.4\md-rule)" [_thread_blocked, id=4068, stack(0x0000007ec4f00000,0x0000007ec5000000)]
  0x000001e50b14a8e0 JavaThread "Cache worker for execution history cache (C:\Users\SuperCdat\.gradle\caches\8.4\executionHistory)" [_thread_blocked, id=3008, stack(0x0000007ec5000000,0x0000007ec5100000)]
  0x000001e50b14db80 JavaThread "Cache worker for kotlin-dsl (C:\Users\SuperCdat\.gradle\caches\8.4\kotlin-dsl)" [_thread_blocked, id=10960, stack(0x0000007ec5100000,0x0000007ec5200000)]
  0x000001e50b14f4d0 JavaThread "Cache worker for dependencies-accessors (C:\Users\SuperCdat\AndroidStudioProjects\GFFSJAVA\.gradle\8.4\dependencies-accessors)" [_thread_blocked, id=4992, stack(0x0000007ec5200000,0x0000007ec5300000)]
  0x000001e50b14b810 JavaThread "Cache worker for Build Output Cleanup Cache (C:\Users\SuperCdat\AndroidStudioProjects\GFFSJAVA\.gradle\buildOutputCleanup)" [_thread_blocked, id=6360, stack(0x0000007ec5300000,0x0000007ec5400000)]
  0x000001e50b14bd20 JavaThread "Unconstrained build operations" [_thread_blocked, id=11020, stack(0x0000007ec5400000,0x0000007ec5500000)]
  0x000001e50b14eab0 JavaThread "Unconstrained build operations Thread 2" [_thread_blocked, id=6296, stack(0x0000007ec5500000,0x0000007ec5600000)]
  0x000001e50b1494a0 JavaThread "Unconstrained build operations Thread 3" [_thread_blocked, id=188, stack(0x0000007ec5600000,0x0000007ec5700000)]

Other Threads:
=>0x000001e57e7aab20 VMThread "VM Thread" [stack: 0x0000007ec2700000,0x0000007ec2800000] [id=8176]
  0x000001e56b1def20 WatcherThread [stack: 0x0000007ec3300000,0x0000007ec3400000] [id=8800]
  0x000001e56b23a590 GCTaskThread "GC Thread#0" [stack: 0x0000007ec2200000,0x0000007ec2300000] [id=5004]
  0x000001e57f23fd30 GCTaskThread "GC Thread#1" [stack: 0x0000007ec3500000,0x0000007ec3600000] [id=5040]
  0x000001e57f2a2c20 GCTaskThread "GC Thread#2" [stack: 0x0000007ec3600000,0x0000007ec3700000] [id=3248]
  0x000001e57ee6f960 GCTaskThread "GC Thread#3" [stack: 0x0000007ec3700000,0x0000007ec3800000] [id=10068]
  0x000001e56b24b3f0 ConcurrentGCThread "G1 Main Marker" [stack: 0x0000007ec2300000,0x0000007ec2400000] [id=1080]
  0x000001e56b24c4c0 ConcurrentGCThread "G1 Conc#0" [stack: 0x0000007ec2400000,0x0000007ec2500000] [id=2736]
  0x000001e56b29d170 ConcurrentGCThread "G1 Refine#0" [stack: 0x0000007ec2500000,0x0000007ec2600000] [id=5860]
  0x000001e56b29dab0 ConcurrentGCThread "G1 Service" [stack: 0x0000007ec2600000,0x0000007ec2700000] [id=7692]

Threads with active compile tasks:
C2 CompilerThread1    10131 6655       4       java.util.Collections$SetFromMap::remove (19 bytes)

VM state: at safepoint (normal execution)

VM Mutex/Monitor currently owned by a thread:  ([mutex/lock_event])
[0x000001e56b1d9430] Threads_lock - owner thread: 0x000001e57e7aab20
[0x000001e56b1d9700] Heap_lock - owner thread: 0x000001e50a590ca0

Heap address: 0x0000000080000000, size: 2048 MB, Compressed Oops mode: 32-bit

CDS archive(s) not mapped
Compressed class space mapped at: 0x0000000100000000-0x0000000140000000, reserved size: 1073741824
Narrow klass base: 0x0000000000000000, Narrow klass shift: 3, Narrow klass range: 0x140000000

GC Precious Log:
 CPUs: 4 total, 4 available
 Memory: 6049M
 Large Page Support: Disabled
 NUMA Support: Disabled
 Compressed Oops: Enabled (32-bit)
 Heap Region Size: 1M
 Heap Min Capacity: 8M
 Heap Initial Capacity: 96M
 Heap Max Capacity: 2G
 Pre-touch: Disabled
 Parallel Workers: 4
 Concurrent Workers: 1
 Concurrent Refinement Workers: 4
 Periodic GC: Disabled

Heap:
 garbage-first heap   total 113664K, used 71839K [0x0000000080000000, 0x0000000100000000)
  region size 1024K, 1 young (1024K), 1 survivors (1024K)
 Metaspace       used 62122K, committed 62784K, reserved 1114112K
  class space    used 8449K, committed 8768K, reserved 1048576K

Heap Regions: E=young(eden), S=young(survivor), O=old, HS=humongous(starts), HC=humongous(continues), CS=collection set, F=free, OA=open archive, CA=closed archive, TAMS=top-at-mark-start (previous, next)
|   0|0x0000000080000000, 0x0000000080100000, 0x0000000080100000|100%| O|  |TAMS 0x0000000080100000, 0x0000000080100000| Untracked 
|   1|0x0000000080100000, 0x0000000080200000, 0x0000000080200000|100%| O|  |TAMS 0x0000000080200000, 0x0000000080200000| Untracked 
|   2|0x0000000080200000, 0x0000000080300000, 0x0000000080300000|100%|HS|  |TAMS 0x0000000080300000, 0x0000000080300000| Complete 
|   3|0x0000000080300000, 0x0000000080400000, 0x0000000080400000|100%|HC|  |TAMS 0x0000000080400000, 0x0000000080400000| Complete 
|   4|0x0000000080400000, 0x0000000080500000, 0x0000000080500000|100%|HC|  |TAMS 0x0000000080500000, 0x0000000080500000| Complete 
|   5|0x0000000080500000, 0x0000000080600000, 0x0000000080600000|100%|HC|  |TAMS 0x0000000080600000, 0x0000000080600000| Complete 
|   6|0x0000000080600000, 0x0000000080700000, 0x0000000080700000|100%| O|  |TAMS 0x0000000080700000, 0x0000000080700000| Untracked 
|   7|0x0000000080700000, 0x0000000080800000, 0x0000000080800000|100%| O|  |TAMS 0x0000000080800000, 0x0000000080800000| Untracked 
|   8|0x0000000080800000, 0x0000000080900000, 0x0000000080900000|100%| O|  |TAMS 0x0000000080900000, 0x0000000080900000| Untracked 
|   9|0x0000000080900000, 0x0000000080a00000, 0x0000000080a00000|100%| O|  |TAMS 0x0000000080a00000, 0x0000000080a00000| Untracked 
|  10|0x0000000080a00000, 0x0000000080b00000, 0x0000000080b00000|100%| O|  |TAMS 0x0000000080b00000, 0x0000000080b00000| Untracked 
|  11|0x0000000080b00000, 0x0000000080c00000, 0x0000000080c00000|100%| O|  |TAMS 0x0000000080b00000, 0x0000000080c00000| Untracked 
|  12|0x0000000080c00000, 0x0000000080d00000, 0x0000000080d00000|100%| O|  |TAMS 0x0000000080d00000, 0x0000000080d00000| Untracked 
|  13|0x0000000080d00000, 0x0000000080e00000, 0x0000000080e00000|100%| O|  |TAMS 0x0000000080e00000, 0x0000000080e00000| Untracked 
|  14|0x0000000080e00000, 0x0000000080f00000, 0x0000000080f00000|100%| O|  |TAMS 0x0000000080f00000, 0x0000000080f00000| Untracked 
|  15|0x0000000080f00000, 0x0000000081000000, 0x0000000081000000|100%| O|  |TAMS 0x0000000081000000, 0x0000000081000000| Untracked 
|  16|0x0000000081000000, 0x0000000081100000, 0x0000000081100000|100%| O|  |TAMS 0x0000000081100000, 0x0000000081100000| Untracked 
|  17|0x0000000081100000, 0x0000000081200000, 0x0000000081200000|100%| O|  |TAMS 0x0000000081200000, 0x0000000081200000| Untracked 
|  18|0x0000000081200000, 0x0000000081300000, 0x0000000081300000|100%| O|  |TAMS 0x0000000081300000, 0x0000000081300000| Untracked 
|  19|0x0000000081300000, 0x0000000081400000, 0x0000000081400000|100%|HS|  |TAMS 0x0000000081400000, 0x0000000081400000| Complete 
|  20|0x0000000081400000, 0x0000000081500000, 0x0000000081500000|100%|HC|  |TAMS 0x0000000081500000, 0x0000000081500000| Complete 
|  21|0x0000000081500000, 0x0000000081600000, 0x0000000081600000|100%|HS|  |TAMS 0x0000000081600000, 0x0000000081600000| Complete 
|  22|0x0000000081600000, 0x0000000081700000, 0x0000000081700000|100%|HC|  |TAMS 0x0000000081700000, 0x0000000081700000| Complete 
|  23|0x0000000081700000, 0x0000000081800000, 0x0000000081800000|100%|HC|  |TAMS 0x0000000081800000, 0x0000000081800000| Complete 
|  24|0x0000000081800000, 0x0000000081900000, 0x0000000081900000|100%|HS|  |TAMS 0x0000000081900000, 0x0000000081900000| Complete 
|  25|0x0000000081900000, 0x0000000081a00000, 0x0000000081a00000|100%|HC|  |TAMS 0x0000000081a00000, 0x0000000081a00000| Complete 
|  26|0x0000000081a00000, 0x0000000081b00000, 0x0000000081b00000|100%|HC|  |TAMS 0x0000000081b00000, 0x0000000081b00000| Complete 
|  27|0x0000000081b00000, 0x0000000081c00000, 0x0000000081c00000|100%|HS|  |TAMS 0x0000000081c00000, 0x0000000081c00000| Complete 
|  28|0x0000000081c00000, 0x0000000081d00000, 0x0000000081d00000|100%|HC|  |TAMS 0x0000000081d00000, 0x0000000081d00000| Complete 
|  29|0x0000000081d00000, 0x0000000081e00000, 0x0000000081e00000|100%|HC|  |TAMS 0x0000000081e00000, 0x0000000081e00000| Complete 
|  30|0x0000000081e00000, 0x0000000081f00000, 0x0000000081f00000|100%| O|  |TAMS 0x0000000081f00000, 0x0000000081f00000| Untracked 
|  31|0x0000000081f00000, 0x0000000082000000, 0x0000000082000000|100%| O|  |TAMS 0x0000000082000000, 0x0000000082000000| Untracked 
|  32|0x0000000082000000, 0x0000000082100000, 0x0000000082100000|100%| O|  |TAMS 0x0000000082100000, 0x0000000082100000| Untracked 
|  33|0x0000000082100000, 0x0000000082200000, 0x0000000082200000|100%| O|  |TAMS 0x0000000082200000, 0x0000000082200000| Untracked 
|  34|0x0000000082200000, 0x0000000082300000, 0x0000000082300000|100%| O|  |TAMS 0x0000000082300000, 0x0000000082300000| Untracked 
|  35|0x0000000082300000, 0x0000000082300000, 0x0000000082400000|  0%| F|  |TAMS 0x0000000082300000, 0x0000000082300000| Untracked 
|  36|0x0000000082400000, 0x0000000082500000, 0x0000000082500000|100%| O|  |TAMS 0x0000000082500000, 0x0000000082500000| Untracked 
|  37|0x0000000082500000, 0x0000000082600000, 0x0000000082600000|100%| O|  |TAMS 0x0000000082600000, 0x0000000082600000| Untracked 
|  38|0x0000000082600000, 0x0000000082700000, 0x0000000082700000|100%| O|  |TAMS 0x0000000082700000, 0x0000000082700000| Untracked 
|  39|0x0000000082700000, 0x0000000082800000, 0x0000000082800000|100%| O|  |TAMS 0x0000000082800000, 0x0000000082800000| Untracked 
|  40|0x0000000082800000, 0x0000000082900000, 0x0000000082900000|100%| O|  |TAMS 0x0000000082900000, 0x0000000082900000| Untracked 
|  41|0x0000000082900000, 0x0000000082a00000, 0x0000000082a00000|100%| O|  |TAMS 0x0000000082a00000, 0x0000000082a00000| Untracked 
|  42|0x0000000082a00000, 0x0000000082b00000, 0x0000000082b00000|100%| O|  |TAMS 0x0000000082b00000, 0x0000000082b00000| Untracked 
|  43|0x0000000082b00000, 0x0000000082c00000, 0x0000000082c00000|100%| O|  |TAMS 0x0000000082c00000, 0x0000000082c00000| Untracked 
|  44|0x0000000082c00000, 0x0000000082d00000, 0x0000000082d00000|100%|HS|  |TAMS 0x0000000082d00000, 0x0000000082d00000| Complete 
|  45|0x0000000082d00000, 0x0000000082e00000, 0x0000000082e00000|100%|HC|  |TAMS 0x0000000082e00000, 0x0000000082e00000| Complete 
|  46|0x0000000082e00000, 0x0000000082f00000, 0x0000000082f00000|100%|HC|  |TAMS 0x0000000082f00000, 0x0000000082f00000| Complete 
|  47|0x0000000082f00000, 0x0000000083000000, 0x0000000083000000|100%| O|  |TAMS 0x0000000083000000, 0x0000000083000000| Untracked 
|  48|0x0000000083000000, 0x0000000083100000, 0x0000000083100000|100%| O|  |TAMS 0x0000000083100000, 0x0000000083100000| Untracked 
|  49|0x0000000083100000, 0x0000000083200000, 0x0000000083200000|100%| O|  |TAMS 0x0000000083200000, 0x0000000083200000| Untracked 
|  50|0x0000000083200000, 0x0000000083300000, 0x0000000083300000|100%| O|  |TAMS 0x0000000083300000, 0x0000000083300000| Untracked 
|  51|0x0000000083300000, 0x0000000083400000, 0x0000000083400000|100%| O|  |TAMS 0x0000000083400000, 0x0000000083400000| Untracked 
|  52|0x0000000083400000, 0x0000000083500000, 0x0000000083500000|100%| O|  |TAMS 0x0000000083500000, 0x0000000083500000| Untracked 
|  53|0x0000000083500000, 0x0000000083600000, 0x0000000083600000|100%| O|  |TAMS 0x0000000083600000, 0x0000000083600000| Untracked 
|  54|0x0000000083600000, 0x0000000083700000, 0x0000000083700000|100%| O|  |TAMS 0x0000000083688000, 0x0000000083700000| Untracked 
|  55|0x0000000083700000, 0x0000000083800000, 0x0000000083800000|100%| O|  |TAMS 0x0000000083700000, 0x0000000083800000| Untracked 
|  56|0x0000000083800000, 0x0000000083900000, 0x0000000083900000|100%|HS|  |TAMS 0x0000000083800000, 0x0000000083900000| Complete 
|  57|0x0000000083900000, 0x0000000083a00000, 0x0000000083a00000|100%|HS|  |TAMS 0x0000000083900000, 0x0000000083a00000| Complete 
|  58|0x0000000083a00000, 0x0000000083b00000, 0x0000000083b00000|100%|HS|  |TAMS 0x0000000083a00000, 0x0000000083b00000| Complete 
|  59|0x0000000083b00000, 0x0000000083c00000, 0x0000000083c00000|100%|HS|  |TAMS 0x0000000083b00000, 0x0000000083c00000| Complete 
|  60|0x0000000083c00000, 0x0000000083d00000, 0x0000000083d00000|100%| O|  |TAMS 0x0000000083c00000, 0x0000000083d00000| Untracked 
|  61|0x0000000083d00000, 0x0000000083e00000, 0x0000000083e00000|100%| O|  |TAMS 0x0000000083d00000, 0x0000000083e00000| Untracked 
|  62|0x0000000083e00000, 0x0000000083f00000, 0x0000000083f00000|100%| O|  |TAMS 0x0000000083e00000, 0x0000000083f00000| Untracked 
|  63|0x0000000083f00000, 0x0000000084000000, 0x0000000084000000|100%| O|  |TAMS 0x0000000083f00000, 0x0000000084000000| Untracked 
|  64|0x0000000084000000, 0x0000000084100000, 0x0000000084100000|100%| O|  |TAMS 0x0000000084000000, 0x0000000084100000| Untracked 
|  65|0x0000000084100000, 0x0000000084200000, 0x0000000084200000|100%| O|  |TAMS 0x0000000084100000, 0x0000000084200000| Untracked 
|  66|0x0000000084200000, 0x0000000084300000, 0x0000000084300000|100%| O|  |TAMS 0x0000000084200000, 0x0000000084300000| Untracked 
|  67|0x0000000084300000, 0x0000000084400000, 0x0000000084400000|100%| O|  |TAMS 0x0000000084300000, 0x0000000084400000| Untracked 
|  68|0x0000000084400000, 0x0000000084500000, 0x0000000084500000|100%| O|  |TAMS 0x0000000084400000, 0x0000000084500000| Untracked 
|  69|0x0000000084500000, 0x0000000084600000, 0x0000000084600000|100%| O|  |TAMS 0x0000000084500000, 0x0000000084600000| Untracked 
|  70|0x0000000084600000, 0x0000000084700000, 0x0000000084700000|100%| O|  |TAMS 0x0000000084600000, 0x0000000084700000| Untracked 
|  71|0x0000000084700000, 0x0000000084700000, 0x0000000084800000|  0%| F|  |TAMS 0x0000000084700000, 0x0000000084700000| Untracked 
|  72|0x0000000084800000, 0x0000000084800000, 0x0000000084900000|  0%| F|  |TAMS 0x0000000084800000, 0x0000000084800000| Untracked 
|  73|0x0000000084900000, 0x0000000084900000, 0x0000000084a00000|  0%| F|  |TAMS 0x0000000084900000, 0x0000000084900000| Untracked 
|  74|0x0000000084a00000, 0x0000000084a00000, 0x0000000084b00000|  0%| F|  |TAMS 0x0000000084a00000, 0x0000000084a00000| Untracked 
|  75|0x0000000084b00000, 0x0000000084b00000, 0x0000000084c00000|  0%| F|  |TAMS 0x0000000084b00000, 0x0000000084b00000| Untracked 
|  76|0x0000000084c00000, 0x0000000084c00000, 0x0000000084d00000|  0%| F|  |TAMS 0x0000000084c00000, 0x0000000084c00000| Untracked 
|  77|0x0000000084d00000, 0x0000000084d00000, 0x0000000084e00000|  0%| F|  |TAMS 0x0000000084d00000, 0x0000000084d00000| Untracked 
|  78|0x0000000084e00000, 0x0000000084e00000, 0x0000000084f00000|  0%| F|  |TAMS 0x0000000084e00000, 0x0000000084e00000| Untracked 
|  79|0x0000000084f00000, 0x0000000084f00000, 0x0000000085000000|  0%| F|  |TAMS 0x0000000084f00000, 0x0000000084f00000| Untracked 
|  80|0x0000000085000000, 0x0000000085000000, 0x0000000085100000|  0%| F|  |TAMS 0x0000000085000000, 0x0000000085000000| Untracked 
|  81|0x0000000085100000, 0x0000000085100000, 0x0000000085200000|  0%| F|  |TAMS 0x0000000085100000, 0x0000000085100000| Untracked 
|  82|0x0000000085200000, 0x0000000085200000, 0x0000000085300000|  0%| F|  |TAMS 0x0000000085200000, 0x0000000085200000| Untracked 
|  83|0x0000000085300000, 0x0000000085300000, 0x0000000085400000|  0%| F|  |TAMS 0x0000000085300000, 0x0000000085300000| Untracked 
|  84|0x0000000085400000, 0x0000000085400000, 0x0000000085500000|  0%| F|  |TAMS 0x0000000085400000, 0x0000000085400000| Untracked 
|  85|0x0000000085500000, 0x0000000085500000, 0x0000000085600000|  0%| F|  |TAMS 0x0000000085500000, 0x0000000085500000| Untracked 
|  86|0x0000000085600000, 0x0000000085600000, 0x0000000085700000|  0%| F|  |TAMS 0x0000000085600000, 0x0000000085600000| Untracked 
|  87|0x0000000085700000, 0x0000000085700000, 0x0000000085800000|  0%| F|  |TAMS 0x0000000085700000, 0x0000000085700000| Untracked 
|  88|0x0000000085800000, 0x0000000085800000, 0x0000000085900000|  0%| F|  |TAMS 0x0000000085800000, 0x0000000085800000| Untracked 
|  89|0x0000000085900000, 0x0000000085900000, 0x0000000085a00000|  0%| F|  |TAMS 0x0000000085900000, 0x0000000085900000| Untracked 
|  90|0x0000000085a00000, 0x0000000085a00000, 0x0000000085b00000|  0%| F|  |TAMS 0x0000000085a00000, 0x0000000085a00000| Untracked 
|  91|0x0000000085b00000, 0x0000000085b00000, 0x0000000085c00000|  0%| F|  |TAMS 0x0000000085b00000, 0x0000000085b00000| Untracked 
|  92|0x0000000085c00000, 0x0000000085c00000, 0x0000000085d00000|  0%| F|  |TAMS 0x0000000085c00000, 0x0000000085c00000| Untracked 
|  93|0x0000000085d00000, 0x0000000085d00000, 0x0000000085e00000|  0%| F|  |TAMS 0x0000000085d00000, 0x0000000085d00000| Untracked 
|  94|0x0000000085e00000, 0x0000000085e00000, 0x0000000085f00000|  0%| F|  |TAMS 0x0000000085e00000, 0x0000000085e00000| Untracked 
|  95|0x0000000085f00000, 0x0000000085f00000, 0x0000000086000000|  0%| F|  |TAMS 0x0000000085f00000, 0x0000000085f00000| Untracked 
|  96|0x0000000086000000, 0x0000000086000000, 0x0000000086100000|  0%| F|  |TAMS 0x0000000086000000, 0x0000000086000000| Untracked 
|  97|0x0000000086100000, 0x0000000086100000, 0x0000000086200000|  0%| F|  |TAMS 0x0000000086100000, 0x0000000086100000| Untracked 
|  98|0x0000000086200000, 0x0000000086200000, 0x0000000086300000|  0%| F|  |TAMS 0x0000000086200000, 0x0000000086200000| Untracked 
|  99|0x0000000086300000, 0x0000000086300000, 0x0000000086400000|  0%| F|  |TAMS 0x0000000086300000, 0x0000000086300000| Untracked 
| 100|0x0000000086400000, 0x0000000086400000, 0x0000000086500000|  0%| F|  |TAMS 0x0000000086400000, 0x0000000086400000| Untracked 
| 101|0x0000000086500000, 0x0000000086500000, 0x0000000086600000|  0%| F|  |TAMS 0x0000000086500000, 0x0000000086500000| Untracked 
| 102|0x0000000086600000, 0x0000000086600000, 0x0000000086700000|  0%| F|  |TAMS 0x0000000086600000, 0x0000000086600000| Untracked 
| 103|0x0000000086700000, 0x0000000086700000, 0x0000000086800000|  0%| F|  |TAMS 0x0000000086700000, 0x0000000086700000| Untracked 
| 104|0x0000000086800000, 0x0000000086800000, 0x0000000086900000|  0%| F|  |TAMS 0x0000000086800000, 0x0000000086800000| Untracked 
| 105|0x0000000086900000, 0x0000000086900000, 0x0000000086a00000|  0%| F|  |TAMS 0x0000000086900000, 0x0000000086900000| Untracked 
| 106|0x0000000086a00000, 0x0000000086a00000, 0x0000000086b00000|  0%| F|  |TAMS 0x0000000086a00000, 0x0000000086a00000| Untracked 
| 107|0x0000000086b00000, 0x0000000086b00000, 0x0000000086c00000|  0%| F|  |TAMS 0x0000000086b00000, 0x0000000086b00000| Untracked 
| 108|0x0000000086c00000, 0x0000000086c27d88, 0x0000000086d00000| 15%| S|CS|TAMS 0x0000000086c00000, 0x0000000086c00000| Complete 
| 109|0x0000000086d00000, 0x0000000086d00000, 0x0000000086e00000|  0%| F|  |TAMS 0x0000000086d00000, 0x0000000086d00000| Untracked 
| 110|0x0000000086e00000, 0x0000000086e00000, 0x0000000086f00000|  0%| F|  |TAMS 0x0000000086e00000, 0x0000000086e00000| Untracked 

Card table byte_map: [0x000001e57dac0000,0x000001e57dec0000] _byte_map_base: 0x000001e57d6c0000

Marking Bits (Prev, Next): (CMBitMap*) 0x000001e56b23ab00, (CMBitMap*) 0x000001e56b23aac0
 Prev Bits: [0x000001e502000000, 0x000001e504000000)
 Next Bits: [0x000001e500000000, 0x000001e502000000)

Polling page: 0x000001e5690c0000

Metaspace:

Usage:
  Non-class:     52.41 MB used.
      Class:      8.25 MB used.
       Both:     60.67 MB used.

Virtual space:
  Non-class space:       64.00 MB reserved,      52.75 MB ( 82%) committed,  1 nodes.
      Class space:        1.00 GB reserved,       8.56 MB ( <1%) committed,  1 nodes.
             Both:        1.06 GB reserved,      61.31 MB (  6%) committed. 

Chunk freelists:
   Non-Class:  10.89 MB
       Class:  7.48 MB
        Both:  18.38 MB

MaxMetaspaceSize: unlimited
CompressedClassSpaceSize: 1.00 GB
Initial GC threshold: 21.00 MB
Current GC threshold: 100.25 MB
CDS: off
MetaspaceReclaimPolicy: balanced
 - commit_granule_bytes: 65536.
 - commit_granule_words: 8192.
 - virtual_space_node_default_size: 8388608.
 - enlarge_chunks_in_place: 1.
 - new_chunks_are_fully_committed: 0.
 - uncommit_free_chunks: 1.
 - use_allocation_guard: 0.
 - handle_deallocations: 1.


Internal statistics:

num_allocs_failed_limit: 6.
num_arena_births: 754.
num_arena_deaths: 0.
num_vsnodes_births: 2.
num_vsnodes_deaths: 0.
num_space_committed: 981.
num_space_uncommitted: 0.
num_chunks_returned_to_freelist: 6.
num_chunks_taken_from_freelist: 2932.
num_chunk_merges: 3.
num_chunk_splits: 1903.
num_chunks_enlarged: 1269.
num_inconsistent_stats: 0.

CodeHeap 'non-profiled nmethods': size=120000Kb used=2951Kb max_used=3136Kb free=117049Kb
 bounds [0x000001e576190000, 0x000001e5764b0000, 0x000001e57d6c0000]
CodeHeap 'profiled nmethods': size=120000Kb used=11319Kb max_used=11319Kb free=108680Kb
 bounds [0x000001e56e6c0000, 0x000001e56f1d0000, 0x000001e575bf0000]
CodeHeap 'non-nmethods': size=5760Kb used=2329Kb max_used=2418Kb free=3430Kb
 bounds [0x000001e575bf0000, 0x000001e575e60000, 0x000001e576190000]
 total_blobs=6769 nmethods=5921 adapters=760
 compilation: enabled
              stopped_count=0, restarted_count=0
 full_count=0

Compilation events (20 events):
Event: 10.045 Thread 0x000001e57ea382f0 nmethod 6646 0x000001e56f1c8a90 code [0x000001e56f1c8c80, 0x000001e56f1c9198]
Event: 10.045 Thread 0x000001e57ea382f0 6647       3       org.gradle.internal.io.StreamByteBuffer::allocateSpace (73 bytes)
Event: 10.046 Thread 0x000001e57ea382f0 nmethod 6647 0x000001e56f1c9410 code [0x000001e56f1c9620, 0x000001e56f1c9d68]
Event: 10.047 Thread 0x000001e57ea382f0 6648  s!   3       org.gradle.internal.classloader.TransformReplacer$JarLoader::loadTransformedClass (56 bytes)
Event: 10.048 Thread 0x000001e57ea2d4f0 nmethod 6597 0x000001e57629f190 code [0x000001e57629f500, 0x000001e5762a3de0]
Event: 10.048 Thread 0x000001e57ea2d4f0 6650       4       com.google.common.collect.MapMakerInternalMap::rehash (49 bytes)
Event: 10.049 Thread 0x000001e57ea382f0 nmethod 6648 0x000001e56f1ca010 code [0x000001e56f1ca2e0, 0x000001e56f1cb228]
Event: 10.049 Thread 0x000001e57ea382f0 6649       3       org.gradle.internal.classloader.TransformReplacer$JarLoader::getJarFileLocked (104 bytes)
Event: 10.049 Thread 0x000001e57ea2d4f0 nmethod 6650 0x000001e57629ee90 code [0x000001e57629f000, 0x000001e57629f0b8]
Event: 10.050 Thread 0x000001e57ea382f0 nmethod 6649 0x000001e56f1cb810 code [0x000001e56f1cbba0, 0x000001e56f1cd398]
Event: 10.051 Thread 0x000001e50a5c51b0 nmethod 6636 0x000001e5762d2710 code [0x000001e5762d2920, 0x000001e5762d34f0]
Event: 10.053 Thread 0x000001e50a5c51b0 6651       4       java.lang.String::regionMatches (150 bytes)
Event: 10.057 Thread 0x000001e57ea382f0 6652       3       java.util.zip.ZipFile$ZipFileInflaterInputStream::available (44 bytes)
Event: 10.057 Thread 0x000001e57ea382f0 nmethod 6652 0x000001e56f1cdc90 code [0x000001e56f1cde60, 0x000001e56f1ce1c8]
Event: 10.057 Thread 0x000001e57ea382f0 6653   !   3       java.util.zip.Inflater::getBytesWritten (23 bytes)
Event: 10.057 Thread 0x000001e57ea382f0 nmethod 6653 0x000001e56f1ce310 code [0x000001e56f1ce4c0, 0x000001e56f1ce6e8]
Event: 10.062 Thread 0x000001e50a5c51b0 nmethod 6651 0x000001e57629df90 code [0x000001e57629e140, 0x000001e57629e938]
Event: 10.066 Thread 0x000001e50a5c51b0 6654       4       java.lang.String::indexOf (64 bytes)
Event: 10.067 Thread 0x000001e50a5c51b0 nmethod 6654 0x000001e5762d2290 code [0x000001e5762d2400, 0x000001e5762d2638]
Event: 10.076 Thread 0x000001e50a5c51b0 6655       4       java.util.Collections$SetFromMap::remove (19 bytes)

GC Heap History (20 events):
Event: 5.847 GC heap after
{Heap after GC invocations=14 (full 0):
 garbage-first heap   total 83968K, used 46313K [0x0000000080000000, 0x0000000100000000)
  region size 1024K, 3 young (3072K), 3 survivors (3072K)
 Metaspace       used 43925K, committed 44352K, reserved 1114112K
  class space    used 5874K, committed 6080K, reserved 1048576K
}
Event: 6.273 GC heap before
{Heap before GC invocations=15 (full 0):
 garbage-first heap   total 91136K, used 68841K [0x0000000080000000, 0x0000000100000000)
  region size 1024K, 21 young (21504K), 3 survivors (3072K)
 Metaspace       used 46974K, committed 47424K, reserved 1114112K
  class space    used 6219K, committed 6400K, reserved 1048576K
}
Event: 6.279 GC heap after
{Heap after GC invocations=16 (full 0):
 garbage-first heap   total 91136K, used 47422K [0x0000000080000000, 0x0000000100000000)
  region size 1024K, 2 young (2048K), 2 survivors (2048K)
 Metaspace       used 46974K, committed 47424K, reserved 1114112K
  class space    used 6219K, committed 6400K, reserved 1048576K
}
Event: 6.797 GC heap before
{Heap before GC invocations=16 (full 0):
 garbage-first heap   total 91136K, used 71998K [0x0000000080000000, 0x0000000100000000)
  region size 1024K, 26 young (26624K), 2 survivors (2048K)
 Metaspace       used 49071K, committed 49536K, reserved 1114112K
  class space    used 6550K, committed 6784K, reserved 1048576K
}
Event: 6.805 GC heap after
{Heap after GC invocations=17 (full 0):
 garbage-first heap   total 91136K, used 49683K [0x0000000080000000, 0x0000000100000000)
  region size 1024K, 4 young (4096K), 4 survivors (4096K)
 Metaspace       used 49071K, committed 49536K, reserved 1114112K
  class space    used 6550K, committed 6784K, reserved 1048576K
}
Event: 7.428 GC heap before
{Heap before GC invocations=18 (full 0):
 garbage-first heap   total 94208K, used 77331K [0x0000000080000000, 0x0000000100000000)
  region size 1024K, 27 young (27648K), 4 survivors (4096K)
 Metaspace       used 51762K, committed 52288K, reserved 1114112K
  class space    used 6810K, committed 7040K, reserved 1048576K
}
Event: 7.437 GC heap after
{Heap after GC invocations=19 (full 0):
 garbage-first heap   total 94208K, used 55264K [0x0000000080000000, 0x0000000100000000)
  region size 1024K, 3 young (3072K), 3 survivors (3072K)
 Metaspace       used 51762K, committed 52288K, reserved 1114112K
  class space    used 6810K, committed 7040K, reserved 1048576K
}
Event: 7.461 GC heap before
{Heap before GC invocations=19 (full 0):
 garbage-first heap   total 94208K, used 56288K [0x0000000080000000, 0x0000000100000000)
  region size 1024K, 4 young (4096K), 3 survivors (3072K)
 Metaspace       used 51892K, committed 52416K, reserved 1114112K
  class space    used 6826K, committed 7040K, reserved 1048576K
}
Event: 7.465 GC heap after
{Heap after GC invocations=20 (full 0):
 garbage-first heap   total 113664K, used 55107K [0x0000000080000000, 0x0000000100000000)
  region size 1024K, 1 young (1024K), 1 survivors (1024K)
 Metaspace       used 51892K, committed 52416K, reserved 1114112K
  class space    used 6826K, committed 7040K, reserved 1048576K
}
Event: 7.964 GC heap before
{Heap before GC invocations=20 (full 0):
 garbage-first heap   total 113664K, used 88899K [0x0000000080000000, 0x0000000100000000)
  region size 1024K, 34 young (34816K), 1 survivors (1024K)
 Metaspace       used 54548K, committed 55104K, reserved 1114112K
  class space    used 7303K, committed 7552K, reserved 1048576K
}
Event: 7.968 GC heap after
{Heap after GC invocations=21 (full 0):
 garbage-first heap   total 113664K, used 56270K [0x0000000080000000, 0x0000000100000000)
  region size 1024K, 2 young (2048K), 2 survivors (2048K)
 Metaspace       used 54548K, committed 55104K, reserved 1114112K
  class space    used 7303K, committed 7552K, reserved 1048576K
}
Event: 8.747 GC heap before
{Heap before GC invocations=22 (full 0):
 garbage-first heap   total 113664K, used 90062K [0x0000000080000000, 0x0000000100000000)
  region size 1024K, 35 young (35840K), 2 survivors (2048K)
 Metaspace       used 58463K, committed 59072K, reserved 1114112K
  class space    used 7959K, committed 8256K, reserved 1048576K
}
Event: 8.754 GC heap after
{Heap after GC invocations=23 (full 0):
 garbage-first heap   total 113664K, used 58319K [0x0000000080000000, 0x0000000100000000)
  region size 1024K, 4 young (4096K), 4 survivors (4096K)
 Metaspace       used 58463K, committed 59072K, reserved 1114112K
  class space    used 7959K, committed 8256K, reserved 1048576K
}
Event: 9.651 GC heap before
{Heap before GC invocations=23 (full 0):
 garbage-first heap   total 113664K, used 90063K [0x0000000080000000, 0x0000000100000000)
  region size 1024K, 36 young (36864K), 4 survivors (4096K)
 Metaspace       used 60765K, committed 61376K, reserved 1114112K
  class space    used 8273K, committed 8576K, reserved 1048576K
}
Event: 9.661 GC heap after
{Heap after GC invocations=24 (full 0):
 garbage-first heap   total 113664K, used 61525K [0x0000000080000000, 0x0000000100000000)
  region size 1024K, 5 young (5120K), 5 survivors (5120K)
 Metaspace       used 60765K, committed 61376K, reserved 1114112K
  class space    used 8273K, committed 8576K, reserved 1048576K
}
Event: 10.081 GC heap before
{Heap before GC invocations=25 (full 0):
 garbage-first heap   total 113664K, used 95317K [0x0000000080000000, 0x0000000100000000)
  region size 1024K, 34 young (34816K), 5 survivors (5120K)
 Metaspace       used 62028K, committed 62720K, reserved 1114112K
  class space    used 8444K, committed 8768K, reserved 1048576K
}
Event: 10.089 GC heap after
{Heap after GC invocations=26 (full 0):
 garbage-first heap   total 113664K, used 72330K [0x0000000080000000, 0x0000000100000000)
  region size 1024K, 5 young (5120K), 5 survivors (5120K)
 Metaspace       used 62028K, committed 62720K, reserved 1114112K
  class space    used 8444K, committed 8768K, reserved 1048576K
}
Event: 10.095 GC heap before
{Heap before GC invocations=26 (full 0):
 garbage-first heap   total 113664K, used 72330K [0x0000000080000000, 0x0000000100000000)
  region size 1024K, 6 young (6144K), 5 survivors (5120K)
 Metaspace       used 62105K, committed 62784K, reserved 1114112K
  class space    used 8448K, committed 8768K, reserved 1048576K
}
Event: 10.102 GC heap after
{Heap after GC invocations=27 (full 0):
 garbage-first heap   total 113664K, used 72108K [0x0000000080000000, 0x0000000100000000)
  region size 1024K, 1 young (1024K), 1 survivors (1024K)
 Metaspace       used 62105K, committed 62784K, reserved 1114112K
  class space    used 8448K, committed 8768K, reserved 1048576K
}
Event: 10.105 GC heap before
{Heap before GC invocations=27 (full 0):
 garbage-first heap   total 113664K, used 72108K [0x0000000080000000, 0x0000000100000000)
  region size 1024K, 2 young (2048K), 1 survivors (1024K)
 Metaspace       used 62122K, committed 62784K, reserved 1114112K
  class space    used 8449K, committed 8768K, reserved 1048576K
}

Dll operation events (3 events):
Event: 0.007 Loaded shared library C:\Program Files\Android\Android Studio\jbr\bin\java.dll
Event: 0.131 Loaded shared library C:\Program Files\Android\Android Studio\jbr\bin\zip.dll
Event: 0.470 Loaded shared library C:\Program Files\Android\Android Studio\jbr\bin\verify.dll

Deoptimization events (20 events):
Event: 9.974 Thread 0x000001e50a590ca0 DEOPT PACKING pc=0x000001e57647eb90 sp=0x0000007ec3ef61d0
Event: 9.974 Thread 0x000001e50a590ca0 DEOPT UNPACKING pc=0x000001e575c469a3 sp=0x0000007ec3ef6140 mode 2
Event: 10.010 Thread 0x000001e50a590ca0 Uncommon trap: trap_request=0xffffffde fr.pc=0x000001e57636c064 relative=0x0000000000000864
Event: 10.010 Thread 0x000001e50a590ca0 Uncommon trap: reason=class_check action=maybe_recompile pc=0x000001e57636c064 method=java.io.BufferedInputStream.read1([BII)I @ 39 c2
Event: 10.010 Thread 0x000001e50a590ca0 DEOPT PACKING pc=0x000001e57636c064 sp=0x0000007ec3ef6400
Event: 10.010 Thread 0x000001e50a590ca0 DEOPT UNPACKING pc=0x000001e575c469a3 sp=0x0000007ec3ef6318 mode 2
Event: 10.010 Thread 0x000001e50a590ca0 Uncommon trap: trap_request=0xffffffde fr.pc=0x000001e57636c064 relative=0x0000000000000864
Event: 10.010 Thread 0x000001e50a590ca0 Uncommon trap: reason=class_check action=maybe_recompile pc=0x000001e57636c064 method=java.io.BufferedInputStream.read1([BII)I @ 39 c2
Event: 10.010 Thread 0x000001e50a590ca0 DEOPT PACKING pc=0x000001e57636c064 sp=0x0000007ec3ef6400
Event: 10.010 Thread 0x000001e50a590ca0 DEOPT UNPACKING pc=0x000001e575c469a3 sp=0x0000007ec3ef6318 mode 2
Event: 10.010 Thread 0x000001e50a590ca0 Uncommon trap: trap_request=0xffffffde fr.pc=0x000001e57636c064 relative=0x0000000000000864
Event: 10.010 Thread 0x000001e50a590ca0 Uncommon trap: reason=class_check action=maybe_recompile pc=0x000001e57636c064 method=java.io.BufferedInputStream.read1([BII)I @ 39 c2
Event: 10.010 Thread 0x000001e50a590ca0 DEOPT PACKING pc=0x000001e57636c064 sp=0x0000007ec3ef6400
Event: 10.010 Thread 0x000001e50a590ca0 DEOPT UNPACKING pc=0x000001e575c469a3 sp=0x0000007ec3ef6318 mode 2
Event: 10.017 Thread 0x000001e50a590ca0 DEOPT PACKING pc=0x000001e56ec44c69 sp=0x0000007ec3ef5f70
Event: 10.017 Thread 0x000001e50a590ca0 DEOPT UNPACKING pc=0x000001e575c47143 sp=0x0000007ec3ef54f0 mode 0
Event: 10.033 Thread 0x000001e50a590ca0 DEOPT PACKING pc=0x000001e56ec44c69 sp=0x0000007ec3ef5f70
Event: 10.033 Thread 0x000001e50a590ca0 DEOPT UNPACKING pc=0x000001e575c47143 sp=0x0000007ec3ef54f0 mode 0
Event: 10.037 Thread 0x000001e50a590ca0 DEOPT PACKING pc=0x000001e56ed9a24e sp=0x0000007ec3ef7270
Event: 10.037 Thread 0x000001e50a590ca0 DEOPT UNPACKING pc=0x000001e575c47143 sp=0x0000007ec3ef6760 mode 0

Classes unloaded (0 events):
No events

Classes redefined (0 events):
No events

Internal exceptions (20 events):
Event: 8.406 Thread 0x000001e50a590ca0 Exception <a 'java/lang/ClassNotFoundException'{0x0000000085ccc9c8}: org/gradle/api/internal/project/DefaultProjectCustomizer> (0x0000000085ccc9c8) 
thrown [s\src\hotspot\share\classfile\systemDictionary.cpp, line 256]
Event: 8.412 Thread 0x000001e50a590ca0 Exception <a 'java/lang/ClassNotFoundException'{0x0000000085b764b8}: org/gradle/api/internal/project/DefaultProject_DecoratedCustomizer> (0x0000000085b764b8) 
thrown [s\src\hotspot\share\classfile\systemDictionary.cpp, line 256]
Event: 8.644 Thread 0x000001e50a590ca0 Exception <a 'java/lang/NoSuchMethodError'{0x000000008510b748}: 'long java.lang.invoke.DirectMethodHandle$Holder.invokeStatic(java.lang.Object, long)'> (0x000000008510b748) 
thrown [s\src\hotspot\share\interpreter\linkResolver.cpp, line 771]
Event: 8.891 Thread 0x000001e50a590ca0 Exception <a 'java/lang/NoSuchMethodError'{0x0000000086a82c00}: 'java.lang.Object java.lang.invoke.DirectMethodHandle$Holder.newInvokeSpecial(java.lang.Object, java.lang.Object, java.lang.Object, java.lang.Object, int)'> (0x0000000086a82c00) 
thrown [s\src\hotspot\share\interpreter\linkResolver.cpp, line 771]
Event: 8.892 Thread 0x000001e50a590ca0 Exception <a 'java/lang/NoSuchMethodError'{0x0000000086a87f28}: 'java.lang.Object java.lang.invoke.DirectMethodHandle$Holder.invokeSpecial(java.lang.Object, java.lang.Object, java.lang.Object, java.lang.Object, java.lang.Object, int)'> (0x0000000086a87f28) 
thrown [s\src\hotspot\share\interpreter\linkResolver.cpp, line 771]
Event: 8.892 Thread 0x000001e50a590ca0 Exception <a 'java/lang/NoSuchMethodError'{0x0000000086a8cc00}: 'java.lang.Object java.lang.invoke.Invokers$Holder.linkToTargetMethod(java.lang.Object, java.lang.Object, java.lang.Object, int, java.lang.Object)'> (0x0000000086a8cc00) 
thrown [s\src\hotspot\share\interpreter\linkResolver.cpp, line 771]
Event: 8.913 Thread 0x000001e50a590ca0 Exception <a 'java/lang/NoSuchMethodError'{0x0000000086911cf8}: static Lorg/gradle/api/internal/catalog/DefaultVersionCatalog;.<clinit>()V> (0x0000000086911cf8) 
thrown [s\src\hotspot\share\prims\jni.cpp, line 1108]
Event: 8.920 Thread 0x000001e50a590ca0 Exception <a 'java/lang/NoSuchMethodError'{0x00000000869633e8}: static [Ljava/lang/Object;.<clinit>()V> (0x00000000869633e8) 
thrown [s\src\hotspot\share\prims\jni.cpp, line 1108]
Event: 8.923 Thread 0x000001e50a590ca0 Exception <a 'java/lang/NoSuchMethodError'{0x0000000086997750}: static Lorg/gradle/api/internal/catalog/DependencyModel;.<clinit>()V> (0x0000000086997750) 
thrown [s\src\hotspot\share\prims\jni.cpp, line 1108]
Event: 8.924 Thread 0x000001e50a590ca0 Exception <a 'java/lang/NoSuchMethodError'{0x000000008699b148}: static Lorg/gradle/api/internal/catalog/AbstractContextAwareModel;.<clinit>()V> (0x000000008699b148) 
thrown [s\src\hotspot\share\prims\jni.cpp, line 1108]
Event: 8.925 Thread 0x000001e50a590ca0 Exception <a 'java/lang/NoSuchMethodError'{0x00000000869b4a98}: static Lorg/gradle/api/internal/artifacts/dependencies/AbstractVersionConstraint;.<clinit>()V> (0x00000000869b4a98) 
thrown [s\src\hotspot\share\prims\jni.cpp, line 1108]
Event: 8.937 Thread 0x000001e50a590ca0 Exception <a 'java/lang/NoSuchMethodError'{0x0000000086867898}: static Lorg/gradle/api/internal/catalog/PluginModel;.<clinit>()V> (0x0000000086867898) 
thrown [s\src\hotspot\share\prims\jni.cpp, line 1108]
Event: 8.938 Thread 0x000001e50a590ca0 Exception <a 'java/lang/NoSuchMethodError'{0x000000008687ec08}: static Lorg/gradle/api/internal/catalog/VersionModel;.<clinit>()V> (0x000000008687ec08) 
thrown [s\src\hotspot\share\prims\jni.cpp, line 1108]
Event: 9.037 Thread 0x000001e50a590ca0 Exception <a 'java/lang/NoSuchMethodError'{0x00000000865fe2f8}: 'int java.lang.invoke.DirectMethodHandle$Holder.invokeSpecialIFC(java.lang.Object, java.lang.Object, java.lang.Object)'> (0x00000000865fe2f8) 
thrown [s\src\hotspot\share\interpreter\linkResolver.cpp, line 771]
Event: 9.126 Thread 0x000001e50a590ca0 Exception <a 'java/lang/NoSuchMethodError'{0x00000000861be980}: 'java.lang.Object java.lang.invoke.DirectMethodHandle$Holder.newInvokeSpecial(java.lang.Object, java.lang.Object, java.lang.Object, java.lang.Object, java.lang.Object, int)'> (0x00000000861be980) 
thrown [s\src\hotspot\share\interpreter\linkResolver.cpp, line 771]
Event: 9.127 Thread 0x000001e50a590ca0 Exception <a 'java/lang/NoSuchMethodError'{0x00000000861c4080}: 'java.lang.Object java.lang.invoke.DirectMethodHandle$Holder.invokeSpecial(java.lang.Object, java.lang.Object, java.lang.Object, java.lang.Object, java.lang.Object, java.lang.Object, int)'> (0x00000000861c4080) 
thrown [s\src\hotspot\share\interpreter\linkResolver.cpp, line 771]
Event: 9.133 Thread 0x000001e50a590ca0 Exception <a 'java/lang/NoSuchMethodError'{0x00000000861fa308}: 'java.lang.Object java.lang.invoke.DirectMethodHandle$Holder.invokeSpecial(java.lang.Object, java.lang.Object, java.lang.Object, java.lang.Object, java.lang.Object, long)'> (0x00000000861fa308) 
thrown [s\src\hotspot\share\interpreter\linkResolver.cpp, line 771]
Event: 9.136 Thread 0x000001e50a590ca0 Exception <a 'java/lang/NoSuchMethodError'{0x000000008601cea8}: 'void java.lang.invoke.DirectMethodHandle$Holder.invokeStatic(java.lang.Object, java.lang.Object, java.lang.Object, int, java.lang.Object)'> (0x000000008601cea8) 
thrown [s\src\hotspot\share\interpreter\linkResolver.cpp, line 771]
Event: 9.843 Thread 0x000001e50a590ca0 Implicit null exception at 0x000001e57620ed12 to 0x000001e57620f374
Event: 9.843 Thread 0x000001e50a590ca0 Implicit null exception at 0x000001e57620dd94 to 0x000001e57620e458

VM Operations (20 events):
Event: 8.916 Executing VM operation: HandshakeAllThreads done
Event: 8.953 Executing VM operation: HandshakeAllThreads
Event: 8.953 Executing VM operation: HandshakeAllThreads done
Event: 9.337 Executing VM operation: ICBufferFull
Event: 9.337 Executing VM operation: ICBufferFull done
Event: 9.443 Executing VM operation: HandshakeAllThreads
Event: 9.443 Executing VM operation: HandshakeAllThreads done
Event: 9.491 Executing VM operation: ICBufferFull
Event: 9.491 Executing VM operation: ICBufferFull done
Event: 9.651 Executing VM operation: G1CollectForAllocation
Event: 9.667 Executing VM operation: G1CollectForAllocation done
Event: 9.748 Executing VM operation: G1PauseRemark
Event: 9.756 Executing VM operation: G1PauseRemark done
Event: 9.798 Executing VM operation: G1PauseCleanup
Event: 9.798 Executing VM operation: G1PauseCleanup done
Event: 10.081 Executing VM operation: G1CollectForAllocation
Event: 10.089 Executing VM operation: G1CollectForAllocation done
Event: 10.095 Executing VM operation: G1CollectForAllocation
Event: 10.102 Executing VM operation: G1CollectForAllocation done
Event: 10.105 Executing VM operation: G1TryInitiateConcMark

Events (20 events):
Event: 8.773 Thread 0x000001e50b14b810 Thread added: 0x000001e50b14b810
Event: 8.908 loading class java/io/ObjectOutputStream$BlockDataOutputStream
Event: 8.909 loading class java/io/ObjectOutputStream$BlockDataOutputStream done
Event: 8.909 loading class java/io/ObjectOutputStream$HandleTable
Event: 8.909 loading class java/io/ObjectOutputStream$HandleTable done
Event: 8.909 loading class java/io/ObjectOutputStream$ReplaceTable
Event: 8.909 loading class java/io/ObjectOutputStream$ReplaceTable done
Event: 8.949 loading class sun/reflect/ReflectionFactory
Event: 8.949 loading class sun/reflect/ReflectionFactory done
Event: 8.949 loading class sun/reflect/ReflectionFactory$1
Event: 8.949 loading class sun/reflect/ReflectionFactory$1 done
Event: 9.159 loading class java/util/LinkedList$LLSpliterator
Event: 9.159 loading class java/util/LinkedList$LLSpliterator done
Event: 9.397 loading class java/util/Collections$ReverseComparator
Event: 9.397 loading class java/util/Collections$ReverseComparator done
Event: 9.397 loading class java/util/Collections$ReverseComparator2
Event: 9.397 loading class java/util/Collections$ReverseComparator2 done
Event: 9.505 Thread 0x000001e50b14bd20 Thread added: 0x000001e50b14bd20
Event: 9.505 Thread 0x000001e50b14eab0 Thread added: 0x000001e50b14eab0
Event: 9.505 Thread 0x000001e50b1494a0 Thread added: 0x000001e50b1494a0


Dynamic libraries:
0x00007ff745440000 - 0x00007ff74544a000 	C:\Program Files\Android\Android Studio\jbr\bin\java.exe
0x00007fffd0d10000 - 0x00007fffd0f08000 	C:\Windows\SYSTEM32\ntdll.dll
0x00007fffd0c00000 - 0x00007fffd0cc2000 	C:\Windows\System32\KERNEL32.DLL
0x00007fffce990000 - 0x00007fffcec8e000 	C:\Windows\System32\KERNELBASE.dll
0x00007fffce500000 - 0x00007fffce600000 	C:\Windows\System32\ucrtbase.dll
0x00007fffb8d20000 - 0x00007fffb8d37000 	C:\Program Files\Android\Android Studio\jbr\bin\jli.dll
0x00007fffb8d80000 - 0x00007fffb8d9b000 	C:\Program Files\Android\Android Studio\jbr\bin\VCRUNTIME140.dll
0x00007fffcef00000 - 0x00007fffcf09d000 	C:\Windows\System32\USER32.dll
0x00007fffce4d0000 - 0x00007fffce4f2000 	C:\Windows\System32\win32u.dll
0x00007fffba7a0000 - 0x00007fffbaa3a000 	C:\Windows\WinSxS\amd64_microsoft.windows.common-controls_6595b64144ccf1df_6.0.19041.4355_none_60b8b9eb71f62e16\COMCTL32.dll
0x00007fffcf110000 - 0x00007fffcf1ae000 	C:\Windows\System32\msvcrt.dll
0x00007fffd0750000 - 0x00007fffd077b000 	C:\Windows\System32\GDI32.dll
0x00007fffce3b0000 - 0x00007fffce4c7000 	C:\Windows\System32\gdi32full.dll
0x00007fffcec90000 - 0x00007fffced2d000 	C:\Windows\System32\msvcp_win.dll
0x00007fffd0790000 - 0x00007fffd07bf000 	C:\Windows\System32\IMM32.DLL
0x00007fffcb120000 - 0x00007fffcb12c000 	C:\Program Files\Android\Android Studio\jbr\bin\vcruntime140_1.dll
0x00007fffaa510000 - 0x00007fffaa59d000 	C:\Program Files\Android\Android Studio\jbr\bin\msvcp140.dll
0x00007fff7f6d0000 - 0x00007fff80353000 	C:\Program Files\Android\Android Studio\jbr\bin\server\jvm.dll
0x00007fffcff40000 - 0x00007fffcfff1000 	C:\Windows\System32\ADVAPI32.dll
0x00007fffd0090000 - 0x00007fffd012f000 	C:\Windows\System32\sechost.dll
0x00007fffd0a70000 - 0x00007fffd0b93000 	C:\Windows\System32\RPCRT4.dll
0x00007fffce6e0000 - 0x00007fffce707000 	C:\Windows\System32\bcrypt.dll
0x00007fffcaad0000 - 0x00007fffcaad9000 	C:\Windows\SYSTEM32\WSOCK32.dll
0x00007fffcd8f0000 - 0x00007fffcd93b000 	C:\Windows\SYSTEM32\POWRPROF.dll
0x00007fffcf0a0000 - 0x00007fffcf10b000 	C:\Windows\System32\WS2_32.dll
0x00007fffba280000 - 0x00007fffba2a7000 	C:\Windows\SYSTEM32\WINMM.dll
0x00007fffc4570000 - 0x00007fffc457a000 	C:\Windows\SYSTEM32\VERSION.dll
0x00007fffcd7b0000 - 0x00007fffcd7c2000 	C:\Windows\SYSTEM32\UMPDC.dll
0x00007fffccbd0000 - 0x00007fffccbe2000 	C:\Windows\SYSTEM32\kernel.appcore.dll
0x00007fffc9680000 - 0x00007fffc968a000 	C:\Program Files\Android\Android Studio\jbr\bin\jimage.dll
0x00007fffb8020000 - 0x00007fffb8204000 	C:\Windows\SYSTEM32\DBGHELP.DLL
0x00007fffb7fe0000 - 0x00007fffb8014000 	C:\Windows\SYSTEM32\dbgcore.DLL
0x00007fffce650000 - 0x00007fffce6d2000 	C:\Windows\System32\bcryptPrimitives.dll
0x00007fffbc2e0000 - 0x00007fffbc2ee000 	C:\Program Files\Android\Android Studio\jbr\bin\instrument.dll
0x00007fffaa7c0000 - 0x00007fffaa7e5000 	C:\Program Files\Android\Android Studio\jbr\bin\java.dll
0x00007fffbbff0000 - 0x00007fffbc008000 	C:\Program Files\Android\Android Studio\jbr\bin\zip.dll
0x00007fffcf680000 - 0x00007fffcfded000 	C:\Windows\System32\SHELL32.dll
0x00007fffcc410000 - 0x00007fffccbb4000 	C:\Windows\SYSTEM32\windows.storage.dll
0x00007fffcf1b0000 - 0x00007fffcf503000 	C:\Windows\System32\combase.dll
0x00007fffcdde0000 - 0x00007fffcde0e000 	C:\Windows\SYSTEM32\Wldp.dll
0x00007fffcfdf0000 - 0x00007fffcfebd000 	C:\Windows\System32\OLEAUT32.dll
0x00007fffcf510000 - 0x00007fffcf5bd000 	C:\Windows\System32\SHCORE.dll
0x00007fffd08e0000 - 0x00007fffd0935000 	C:\Windows\System32\shlwapi.dll
0x00007fffce2e0000 - 0x00007fffce304000 	C:\Windows\SYSTEM32\profapi.dll
0x00007fffbb900000 - 0x00007fffbb919000 	C:\Program Files\Android\Android Studio\jbr\bin\net.dll
0x00007fffc6250000 - 0x00007fffc635d000 	C:\Windows\SYSTEM32\WINHTTP.dll
0x00007fffcdb40000 - 0x00007fffcdbaa000 	C:\Windows\system32\mswsock.dll
0x00007fffb9310000 - 0x00007fffb9326000 	C:\Program Files\Android\Android Studio\jbr\bin\nio.dll
0x00007fffc54b0000 - 0x00007fffc54c0000 	C:\Program Files\Android\Android Studio\jbr\bin\verify.dll
0x00007fffcab30000 - 0x00007fffcab57000 	C:\Users\SuperCdat\.gradle\native\c067742578af261105cb4f569cf0c3c89f3d7b1fecec35dd04571415982c5e48\windows-amd64\native-platform.dll
0x00007fffa8bf0000 - 0x00007fffa8d34000 	C:\Users\SuperCdat\.gradle\native\38dada09dfb8b06ba9b0570ebf7e218e3eb74d4ef43ca46872605cf95ebc2f47\windows-amd64\native-platform-file-events.dll
0x00007fffc80c0000 - 0x00007fffc80c9000 	C:\Program Files\Android\Android Studio\jbr\bin\management.dll
0x00007fffc7320000 - 0x00007fffc732b000 	C:\Program Files\Android\Android Studio\jbr\bin\management_ext.dll
0x00007fffd0780000 - 0x00007fffd0788000 	C:\Windows\System32\PSAPI.DLL
0x00007fffcdd40000 - 0x00007fffcdd58000 	C:\Windows\SYSTEM32\CRYPTSP.dll
0x00007fffcd3f0000 - 0x00007fffcd424000 	C:\Windows\system32\rsaenh.dll
0x00007fffce2a0000 - 0x00007fffce2ce000 	C:\Windows\SYSTEM32\USERENV.dll
0x00007fffcdd30000 - 0x00007fffcdd3c000 	C:\Windows\SYSTEM32\CRYPTBASE.dll
0x00007fffcd7d0000 - 0x00007fffcd80b000 	C:\Windows\SYSTEM32\IPHLPAPI.DLL
0x00007fffcf670000 - 0x00007fffcf678000 	C:\Windows\System32\NSI.dll
0x00007fffc6a60000 - 0x00007fffc6a77000 	C:\Windows\SYSTEM32\dhcpcsvc6.DLL
0x00007fffc9810000 - 0x00007fffc982d000 	C:\Windows\SYSTEM32\dhcpcsvc.DLL
0x00007fffcd820000 - 0x00007fffcd8ea000 	C:\Windows\SYSTEM32\DNSAPI.dll
0x00007fffc9170000 - 0x00007fffc9177000 	C:\Windows\system32\wshunix.dll

dbghelp: loaded successfully - version: 4.0.5 - missing functions: none
symbol engine: initialized successfully - sym options: 0x614 - pdb path: .;C:\Program Files\Android\Android Studio\jbr\bin;C:\Windows\SYSTEM32;C:\Windows\WinSxS\amd64_microsoft.windows.common-controls_6595b64144ccf1df_6.0.19041.4355_none_60b8b9eb71f62e16;C:\Program Files\Android\Android Studio\jbr\bin\server;C:\Users\SuperCdat\.gradle\native\c067742578af261105cb4f569cf0c3c89f3d7b1fecec35dd04571415982c5e48\windows-amd64;C:\Users\SuperCdat\.gradle\native\38dada09dfb8b06ba9b0570ebf7e218e3eb74d4ef43ca46872605cf95ebc2f47\windows-amd64

VM Arguments:
jvm_args: --add-opens=java.base/java.util=ALL-UNNAMED --add-opens=java.base/java.lang=ALL-UNNAMED --add-opens=java.base/java.lang.invoke=ALL-UNNAMED --add-opens=java.prefs/java.util.prefs=ALL-UNNAMED --add-opens=java.base/java.nio.charset=ALL-UNNAMED --add-opens=java.base/java.net=ALL-UNNAMED --add-opens=java.base/java.util.concurrent.atomic=ALL-UNNAMED -Xmx2048m -Dfile.encoding=UTF-8 -Duser.country=VN -Duser.language=vi -Duser.variant -javaagent:C:\Users\SuperCdat\.gradle\wrapper\dists\gradle-8.4-bin\1w5dpkrfk8irigvoxmyhowfim\gradle-8.4\lib\agents\gradle-instrumentation-agent-8.4.jar 
java_command: org.gradle.launcher.daemon.bootstrap.GradleDaemon 8.4
java_class_path (initial): C:\Users\SuperCdat\.gradle\wrapper\dists\gradle-8.4-bin\1w5dpkrfk8irigvoxmyhowfim\gradle-8.4\lib\gradle-launcher-8.4.jar
Launcher Type: SUN_STANDARD

[Global flags]
     intx CICompilerCount                          = 3                                         {product} {ergonomic}
     uint ConcGCThreads                            = 1                                         {product} {ergonomic}
     uint G1ConcRefinementThreads                  = 4                                         {product} {ergonomic}
   size_t G1HeapRegionSize                         = 1048576                                   {product} {ergonomic}
    uintx GCDrainStackTargetSize                   = 64                                        {product} {ergonomic}
   size_t InitialHeapSize                          = 100663296                                 {product} {ergonomic}
   size_t MarkStackSize                            = 4194304                                   {product} {ergonomic}
   size_t MaxHeapSize                              = 2147483648                                {product} {command line}
   size_t MaxNewSize                               = 1287651328                                {product} {ergonomic}
   size_t MinHeapDeltaBytes                        = 1048576                                   {product} {ergonomic}
   size_t MinHeapSize                              = 8388608                                   {product} {ergonomic}
    uintx NonNMethodCodeHeapSize                   = 5832780                                {pd product} {ergonomic}
    uintx NonProfiledCodeHeapSize                  = 122912730                              {pd product} {ergonomic}
    uintx ProfiledCodeHeapSize                     = 122912730                              {pd product} {ergonomic}
    uintx ReservedCodeCacheSize                    = 251658240                              {pd product} {ergonomic}
     bool SegmentedCodeCache                       = true                                      {product} {ergonomic}
   size_t SoftMaxHeapSize                          = 2147483648                             {manageable} {ergonomic}
     bool UseCompressedClassPointers               = true                           {product lp64_product} {ergonomic}
     bool UseCompressedOops                        = true                           {product lp64_product} {ergonomic}
     bool UseG1GC                                  = true                                      {product} {ergonomic}
     bool UseLargePagesIndividualAllocation        = false                                  {pd product} {ergonomic}

Logging:
Log output configuration:
 #0: stdout all=warning uptime,level,tags
 #1: stderr all=off uptime,level,tags

Environment Variables:
PATH=C:\Windows\system32;C:\Windows;C:\Windows\System32\Wbem;C:\Windows\System32\WindowsPowerShell\v1.0\;C:\Windows\System32\OpenSSH\;C:\Program Files\dotnet\;C:\Program Files (x86)\GtkSharp\2.12\bin;C:\Program Files\Microsoft\jdk-21.0.5.11-hotspot\bin;C:\Users\SuperCdat\AppData\Local\Programs\Python\Python312\Scripts\;C:\Users\SuperCdat\AppData\Local\Programs\Python\Python312\;C:\Program Files\WingetUI\choco-cli\bin;C:\Users\SuperCdat\AppData\Local\Microsoft\WindowsApps;C:\Users\SuperCdat\AppData\Local\Programs\Microsoft VS Code\bin;C:\Users\SuperCdat\AppData\Local\Programs\oh-my-posh\bin;C:\Users\SuperCdat\.dotnet\tools;D:\RING 3A\WorkSpace\tcc;D:\RING 3A\WorkSpace\dmc\bin;C:\Users\SuperCdat\AppData\Local\Android\Sdk\platform-tools;
USERNAME=SuperCdat
OS=Windows_NT
PROCESSOR_IDENTIFIER=Intel64 Family 6 Model 60 Stepping 3, GenuineIntel
TMP=C:\Users\SUPERC~1\AppData\Local\Temp
TEMP=C:\Users\SUPERC~1\AppData\Local\Temp



Periodic native trim disabled

JNI global refs:
JNI global refs: 25, weak refs: 0

JNI global refs memory usage: 843, weak refs: 841

OOME stack traces (most recent first):
Classloader memory used:
Loader org.gradle.internal.classloader.VisitableURLClassLoader                         : 3780K
Loader bootstrap                                                                       : 2485K
Loader org.gradle.initialization.MixInLegacyTypesClassLoader                           : 1049K
Loader org.gradle.internal.classloader.VisitableURLClassLoader$InstrumentingVisitableURLClassLoader: 220K
Loader org.gradle.internal.classloader.VisitableURLClassLoader                         : 84596B
Loader jdk.internal.loader.ClassLoaders$PlatformClassLoader                            : 67448B
Loader jdk.internal.reflect.DelegatingClassLoader                                      : 36009B
Loader jdk.internal.loader.ClassLoaders$AppClassLoader                                 : 28386B
Loader org.gradle.groovy.scripts.internal.DefaultScriptCompilationHandler$ScriptClassLoader: 10919B
Loader org.codehaus.groovy.runtime.callsite.CallSiteClassLoader                        : 6363B

Classes loaded by more than one classloader:
Class Program                                                                         : loaded 4 times (x 72B)
Class org.gradle.internal.Cast                                                        : loaded 3 times (x 69B)
Class org.gradle.api.GradleException                                                  : loaded 3 times (x 80B)
Class com.google.common.collect.SingletonImmutableList                                : loaded 2 times (x 167B)
Class org.gradle.internal.classpath.ClassPath                                         : loaded 2 times (x 68B)
Class org.gradle.api.internal.classpath.DefaultModuleRegistry                         : loaded 2 times (x 84B)
Class org.gradle.internal.exceptions.NonGradleCauseExceptionsHolder                   : loaded 2 times (x 68B)
Class Settings_gradle$1$1                                                             : loaded 2 times (x 72B)
Class com.google.common.base.CharMatcher$JavaDigit                                    : loaded 2 times (x 109B)
Class com.google.common.base.CharMatcher$Digit                                        : loaded 2 times (x 110B)
Class com.intellij.openapi.externalSystem.model.ExternalSystemException               : loaded 2 times (x 84B)
Class org.gradle.api.Action                                                           : loaded 2 times (x 68B)
Class org.jetbrains.kotlin.idea.gradleTooling.model.samWithReceiver.SamWithReceiverModel: loaded 2 times (x 68B)
Class com.google.common.collect.Lists$StringAsImmutableList                           : loaded 2 times (x 167B)
Class org.jetbrains.plugins.gradle.model.ExternalProject                              : loaded 2 times (x 68B)
Class org.jetbrains.plugins.gradle.model.IntelliJSettings                             : loaded 2 times (x 68B)
Class com.google.common.base.CharMatcher                                              : loaded 2 times (x 109B)
Class com.google.common.base.CharMatcher$IsNot                                        : loaded 2 times (x 109B)
Class com.google.common.base.Splitter                                                 : loaded 2 times (x 70B)
Class org.jetbrains.kotlin.idea.gradleTooling.KotlinMPPGradleModel                    : loaded 2 times (x 68B)
Class org.gradle.api.internal.DefaultClassPathProvider                                : loaded 2 times (x 74B)
Class org.gradle.internal.installation.GradleInstallation$1                           : loaded 2 times (x 73B)
Class com.google.common.base.CharMatcher$BitSetMatcher                                : loaded 2 times (x 110B)
Class org.gradle.internal.exceptions.DefaultMultiCauseException                       : loaded 2 times (x 89B)
Class org.gradle.tooling.model.UnsupportedMethodException                             : loaded 2 times (x 80B)
Class org.gradle.internal.time.MonotonicClock                                         : loaded 2 times (x 75B)
Class com.google.common.base.Predicate                                                : loaded 2 times (x 68B)
Class org.gradle.internal.classloader.FilteringClassLoader                            : loaded 2 times (x 103B)
Class org.gradle.tooling.model.Model                                                  : loaded 2 times (x 68B)
Class org.gradle.internal.classpath.DefaultClassPath$ImmutableUniqueList$Builder      : loaded 2 times (x 73B)
Class com.google.common.base.CharMatcher$InRange                                      : loaded 2 times (x 109B)
Class org.jetbrains.kotlin.idea.gradleTooling.KotlinSourceSetContainer                : loaded 2 times (x 68B)
Class com.google.common.collect.Lists                                                 : loaded 2 times (x 69B)
Class org.gradle.internal.classloader.ClassLoaderVisitor                              : loaded 2 times (x 74B)
Class org.gradle.internal.time.DefaultCountdownTimer                                  : loaded 2 times (x 86B)
Class org.gradle.internal.service.DefaultServiceLocator                               : loaded 2 times (x 81B)
Class org.gradle.internal.service.UnknownServiceException                             : loaded 2 times (x 81B)
Class org.jetbrains.plugins.gradle.model.DependencyAccessorsModel                     : loaded 2 times (x 68B)
Class org.gradle.internal.classloader.DefaultClassLoaderFactory                       : loaded 2 times (x 80B)
Class com.google.common.collect.UnmodifiableIterator                                  : loaded 2 times (x 78B)
Class com.google.common.base.CharMatcher$SingleWidth                                  : loaded 2 times (x 110B)
Class org.jetbrains.plugins.gradle.model.GradleExtensions                             : loaded 2 times (x 68B)
Class com.google.common.base.JdkPattern                                               : loaded 2 times (x 73B)
Class org.jetbrains.plugins.gradle.model.VersionCatalogsModel                         : loaded 2 times (x 68B)
Class org.gradle.internal.classloader.VisitableURLClassLoader$Spec                    : loaded 2 times (x 72B)
Class org.gradle.tooling.model.ProjectModel                                           : loaded 2 times (x 68B)
Class org.jetbrains.plugins.gradle.model.MavenRepositoryModel                         : loaded 2 times (x 68B)
Class com.google.common.base.CharMatcher$JavaLetterOrDigit                            : loaded 2 times (x 109B)
Class org.gradle.tooling.internal.gradle.DefaultProjectIdentifier                     : loaded 2 times (x 84B)
Class org.gradle.api.internal.classpath.ModuleRegistry                                : loaded 2 times (x 68B)
Class com.google.common.collect.ImmutableCollection                                   : loaded 2 times (x 123B)
Class org.jetbrains.plugins.gradle.model.RepositoriesModel                            : loaded 2 times (x 68B)
Class kotlin.jvm.internal.markers.KMappedMarker                                       : loaded 2 times (x 68B)
Class org.gradle.api.internal.ClassPathProvider                                       : loaded 2 times (x 68B)
Class org.gradle.util.GradleVersion                                                   : loaded 2 times (x 81B)
Class com.google.common.collect.ImmutableList$ReverseImmutableList                    : loaded 2 times (x 168B)
Class org.gradle.internal.classloader.ClassLoaderFactory                              : loaded 2 times (x 68B)
Class com.google.common.collect.ObjectArrays                                          : loaded 2 times (x 69B)
Class com.google.common.collect.ImmutableList                                         : loaded 2 times (x 166B)
Class org.gradle.api.internal.classpath.ManifestUtil                                  : loaded 2 times (x 69B)
Class org.gradle.api.specs.Spec                                                       : loaded 2 times (x 68B)
Class com.google.common.base.CharMatcher$Whitespace                                   : loaded 2 times (x 110B)
Class org.gradle.tooling.internal.gradle.GradleBuildIdentity                          : loaded 2 times (x 68B)
Class com.google.common.base.Preconditions                                            : loaded 2 times (x 69B)
Class org.gradle.internal.IoActions                                                   : loaded 2 times (x 69B)
Class com.google.common.collect.CollectPreconditions                                  : loaded 2 times (x 69B)
Class com.google.common.collect.AbstractIndexedListIterator                           : loaded 2 times (x 94B)
Class com.google.common.base.CharMatcher$None                                         : loaded 2 times (x 110B)
Class org.gradle.api.internal.classpath.EffectiveClassPath                            : loaded 2 times (x 88B)
Class com.google.common.collect.UnmodifiableListIterator                              : loaded 2 times (x 93B)
Class ijInit2_9edzetqfahjbtqprn3nxofebn                                               : loaded 2 times (x 177B)
Class kotlin.jvm.internal.DefaultConstructorMarker                                    : loaded 2 times (x 69B)
Class com.google.common.collect.ImmutableList$1                                       : loaded 2 times (x 95B)
Class com.google.common.base.Splitter$Strategy                                        : loaded 2 times (x 68B)
Class org.jetbrains.kotlin.idea.gradleTooling.model.annotation.AnnotationBasedPluginModel: loaded 2 times (x 68B)
Class org.jetbrains.kotlin.idea.gradleTooling.model.assignment.AssignmentModel        : loaded 2 times (x 68B)
Class org.gradle.internal.installation.CurrentGradleInstallation                      : loaded 2 times (x 71B)
Class org.gradle.internal.agents.InstrumentingClassLoader                             : loaded 2 times (x 68B)
Class org.gradle.internal.installation.CurrentGradleInstallationLocator               : loaded 2 times (x 69B)
Class org.gradle.api.internal.classpath.Module                                        : loaded 2 times (x 68B)
Class com.google.common.base.Splitter$1$1                                             : loaded 2 times (x 84B)
Class org.gradle.internal.service.CachingServiceLocator                               : loaded 2 times (x 80B)
Class org.gradle.internal.time.Timer                                                  : loaded 2 times (x 68B)
Class org.jetbrains.plugins.gradle.model.tests.ExternalTestsModel                     : loaded 2 times (x 68B)
Class org.jetbrains.kotlin.idea.gradleTooling.KotlinDslScriptAdditionalTask           : loaded 2 times (x 68B)
Class org.gradle.internal.classpath.DefaultClassPath                                  : loaded 2 times (x 88B)
Class com.google.common.base.Splitter$SplittingIterator                               : loaded 2 times (x 82B)
Class sync_studio_tooling4_7krmirqv2erioz787x5dqta3d$_run_closure1                    : loaded 2 times (x 137B)
Class com.intellij.openapi.externalSystem.model.project.dependencies.ProjectDependencies: loaded 2 times (x 68B)
Class Build_gradle$1                                                                  : loaded 2 times (x 76B)
Class org.jetbrains.kotlin.idea.gradleTooling.PrepareKotlinIdeImportTaskModel         : loaded 2 times (x 68B)
Class org.gradle.internal.impldep.com.google.common.base.Preconditions                : loaded 2 times (x 69B)
Class kotlin.jvm.functions.Function1                                                  : loaded 2 times (x 68B)
Class com.google.common.base.CharMatcher$Is                                           : loaded 2 times (x 109B)
Class com.google.common.collect.RegularImmutableAsList                                : loaded 2 times (x 176B)
Class org.gradle.internal.time.Time                                                   : loaded 2 times (x 69B)
Class org.gradle.internal.time.TimeSource$1                                           : loaded 2 times (x 75B)
Class sync_studio_tooling4_7krmirqv2erioz787x5dqta3d                                  : loaded 2 times (x 177B)
Class org.gradle.internal.classloader.SystemClassLoaderSpec                           : loaded 2 times (x 69B)
Class [Lcom.google.common.base.AbstractIterator$State;                                : loaded 2 times (x 67B)
Class com.google.common.base.AbstractIterator                                         : loaded 2 times (x 78B)
Class com.google.common.base.AbstractIterator$1                                       : loaded 2 times (x 69B)
Class kotlin.Function                                                                 : loaded 2 times (x 68B)
Class com.google.common.base.CharMatcher$Ascii                                        : loaded 2 times (x 110B)
Class com.google.common.base.CharMatcher$1                                            : loaded 2 times (x 111B)
Class org.gradle.api.UncheckedIOException                                             : loaded 2 times (x 80B)
Class com.google.common.base.CharMatcher$And                                          : loaded 2 times (x 110B)
Class com.google.common.base.CharMatcher$Any                                          : loaded 2 times (x 110B)
Class org.gradle.internal.classloader.ClasspathUtil$1                                 : loaded 2 times (x 74B)
Class com.google.common.base.CharMatcher$RangesMatcher                                : loaded 2 times (x 110B)
Class org.gradle.tooling.internal.gradle.GradleProjectIdentity                        : loaded 2 times (x 68B)
Class com.google.common.collect.ImmutableList$SubList                                 : loaded 2 times (x 168B)
Class org.gradle.internal.time.Clock                                                  : loaded 2 times (x 68B)
Class org.gradle.internal.time.CountdownTimer                                         : loaded 2 times (x 68B)
Class org.gradle.internal.classloader.ClasspathUtil                                   : loaded 2 times (x 69B)
Class org.gradle.tooling.model.BuildIdentifier                                        : loaded 2 times (x 68B)
Class com.google.common.base.Splitter$1                                               : loaded 2 times (x 75B)
Class org.gradle.api.internal.DefaultClassPathRegistry                                : loaded 2 times (x 74B)
Class org.gradle.api.internal.classpath.DefaultModuleRegistry$DefaultModule           : loaded 2 times (x 84B)
Class com.google.common.base.CharMatcher$JavaIsoControl                               : loaded 2 times (x 110B)
Class com.google.common.base.CharMatcher$Or                                           : loaded 2 times (x 110B)
Class org.gradle.kotlin.dsl.VersionCatalogAccessorsKt                                 : loaded 2 times (x 69B)
Class org.gradle.internal.time.TimeSource                                             : loaded 2 times (x 68B)
Class org.jetbrains.kotlin.android.synthetic.idea.AndroidExtensionsGradleModel        : loaded 2 times (x 68B)
Class com.google.common.base.CharMatcher$JavaLowerCase                                : loaded 2 times (x 109B)
Class org.gradle.api.internal.classpath.UnknownModuleException                        : loaded 2 times (x 80B)
Class com.google.common.base.CommonPattern                                            : loaded 2 times (x 72B)
Class org.jetbrains.plugins.gradle.model.IntelliJProjectSettings                      : loaded 2 times (x 68B)
Class org.gradle.internal.service.ServiceLookupException                              : loaded 2 times (x 80B)
Class org.gradle.cache.GlobalCache                                                    : loaded 2 times (x 68B)
Class org.jetbrains.kotlin.idea.gradleTooling.model.lombok.LombokModel                : loaded 2 times (x 68B)
Class org.gradle.tooling.model.ProjectIdentifier                                      : loaded 2 times (x 68B)
Class com.google.common.base.CharMatcher$NegatedFastMatcher                           : loaded 2 times (x 111B)
Class [Lorg.gradle.api.internal.ClassPathProvider;                                    : loaded 2 times (x 67B)
Class org.gradle.internal.operations.MultipleBuildOperationFailures                   : loaded 2 times (x 89B)
Class org.gradle.util.internal.GUtil                                                  : loaded 2 times (x 69B)
Class org.jetbrains.plugins.gradle.model.AnnotationProcessingModel                    : loaded 2 times (x 68B)
Class org.gradle.internal.classloader.ClassLoaderSpec                                 : loaded 2 times (x 69B)
Class com.google.common.base.NullnessCasts                                            : loaded 2 times (x 69B)
Class com.google.common.base.CharMatcher$Negated                                      : loaded 2 times (x 111B)
Class org.jetbrains.plugins.gradle.model.BuildScriptClasspathModel                    : loaded 2 times (x 68B)
Class com.google.common.base.CharMatcher$ForPredicate                                 : loaded 2 times (x 110B)
Class org.gradle.internal.classloader.VisitableURLClassLoader                         : loaded 2 times (x 115B)
Class org.gradle.internal.installation.GradleInstallation                             : loaded 2 times (x 73B)
Class Build_gradle                                                                    : loaded 2 times (x 70B)
Class org.gradle.api.internal.ClassPathRegistry                                       : loaded 2 times (x 68B)
Class org.gradle.internal.classloader.VisitableURLClassLoader$InstrumentingVisitableURLClassLoader: loaded 2 times (x 121B)
Class org.gradle.internal.classloader.ClassLoaderHierarchy                            : loaded 2 times (x 68B)
Class org.gradle.internal.exceptions.MultiCauseException                              : loaded 2 times (x 68B)
Class org.jetbrains.kotlin.idea.gradleTooling.model.parcelize.ParcelizeGradleModel    : loaded 2 times (x 68B)
Class com.google.common.base.AbstractIterator$State                                   : loaded 2 times (x 77B)
Class com.google.common.base.CharMatcher$NamedFastMatcher                             : loaded 2 times (x 110B)
Class org.gradle.internal.InternalTransformer                                         : loaded 2 times (x 68B)
Class org.jetbrains.kotlin.idea.gradleTooling.model.noarg.NoArgModel                  : loaded 2 times (x 68B)
Class org.jetbrains.kotlin.idea.gradleTooling.KotlinGradleModel                       : loaded 2 times (x 68B)
Class org.gradle.tooling.internal.gradle.DefaultBuildIdentifier                       : loaded 2 times (x 77B)
Class org.gradle.internal.service.ServiceLocator                                      : loaded 2 times (x 68B)
Class Settings_gradle$1                                                               : loaded 2 times (x 72B)
Class org.jetbrains.kotlin.idea.gradleTooling.model.allopen.AllOpenModel              : loaded 2 times (x 68B)
Class com.google.common.base.CharMatcher$Invisible                                    : loaded 2 times (x 110B)
Class com.google.common.base.CharMatcher$FastMatcher                                  : loaded 2 times (x 109B)
Class org.gradle.internal.classpath.DefaultClassPath$ImmutableUniqueList              : loaded 2 times (x 159B)
Class org.gradle.internal.time.DefaultTimer                                           : loaded 2 times (x 78B)
Class com.google.common.base.CharMatcher$JavaLetter                                   : loaded 2 times (x 109B)
Class org.gradle.internal.classpath.TransformedClassPath                              : loaded 2 times (x 94B)
Class Settings_gradle                                                                 : loaded 2 times (x 126B)
Class com.google.common.collect.ImmutableAsList                                       : loaded 2 times (x 169B)
Class com.google.common.base.CharMatcher$AnyOf                                        : loaded 2 times (x 110B)
Class com.google.common.base.CharMatcher$IsEither                                     : loaded 2 times (x 109B)
Class com.google.common.collect.RegularImmutableList                                  : loaded 2 times (x 172B)
Class com.google.common.base.CharMatcher$JavaUpperCase                                : loaded 2 times (x 109B)


---------------  S Y S T E M  ---------------

OS:
 Windows 10 , 64 bit Build 19041 (10.0.19041.5072)
OS uptime: 0 days 3:19 hours

CPU: total 4 (initial active 4) (2 cores per cpu, 2 threads per core) family 6 model 60 stepping 3 microcode 0x27, cx8, cmov, fxsr, ht, mmx, sse, sse2, sse3, ssse3, sse4.1, sse4.2, popcnt, lzcnt, tsc, tscinvbit, avx, avx2, aes, erms, clmul, bmi1, bmi2, fma, vzeroupper, clflush
Processor Information for all 4 processors :
  Max Mhz: 2901, Current Mhz: 2901, Mhz Limit: 2901

Memory: 4k page, system-wide physical 6049M (478M free)
TotalPageFile size 8097M (AvailPageFile size 95M)
current process WorkingSet (physical memory assigned to process): 302M, peak: 305M
current process commit charge ("private bytes"): 326M, peak: 475M

vm_info: OpenJDK 64-Bit Server VM (17.0.9+0--11185874) for windows-amd64 JRE (17.0.9+0--11185874), built on Dec  6 2023 18:57:44 by "androidbuild" with MS VC++ 16.10 / 16.11 (VS2019)

END.
